#
# There is insufficient memory for the Java Runtime Environment to continue.
# Native memory allocation (malloc) failed to allocate 1047568 bytes. Error detail: Chunk::new
# Possible reasons:
#   The system is out of physical RAM or swap space
#   This process is running with CompressedOops enabled, and the Java Heap may be blocking the growth of the native heap
# Possible solutions:
#   Reduce memory load on the system
#   Increase physical memory or swap space
#   Check if swap backing store is full
#   Decrease Java heap size (-Xmx/-Xms)
#   Decrease number of Java threads
#   Decrease Java thread stack sizes (-Xss)
#   Set larger code cache with -XX:ReservedCodeCacheSize=
#   JVM is running with Unscaled Compressed Oops mode in which the Java heap is
#     placed in the first 4GB address space. The Java Heap base address is the
#     maximum limit for the native heap growth. Please use -XX:HeapBaseMinAddress
#     to set the Java Heap base and to place the Java Heap above 4GB virtual address.
# This output file may be truncated or incomplete.
#
#  Out of Memory Error (arena.cpp:168), pid=5272, tid=11540
#
# JRE version: OpenJDK Runtime Environment (21.0.6) (build 21.0.6+-13355223-b631.42)
# Java VM: OpenJDK 64-Bit Server VM (21.0.6+-13355223-b631.42, mixed mode, tiered, compressed oops, compressed class ptrs, g1 gc, windows-amd64)
# No core dump will be written. Minidumps are not enabled by default on client versions of Windows
#

---------------  S U M M A R Y ------------

Command Line: --add-opens=java.base/java.lang=ALL-UNNAMED --add-opens=java.base/java.lang.invoke=ALL-UNNAMED --add-opens=java.base/java.util=ALL-UNNAMED --add-opens=java.prefs/java.util.prefs=ALL-UNNAMED --add-exports=jdk.compiler/com.sun.tools.javac.api=ALL-UNNAMED --add-exports=jdk.compiler/com.sun.tools.javac.util=ALL-UNNAMED --add-opens=java.base/java.util=ALL-UNNAMED --add-opens=java.prefs/java.util.prefs=ALL-UNNAMED --add-opens=java.base/java.nio.charset=ALL-UNNAMED --add-opens=java.base/java.net=ALL-UNNAMED --add-opens=java.base/java.util.concurrent.atomic=ALL-UNNAMED --add-opens=java.xml/javax.xml.namespace=ALL-UNNAMED -Xmx2048m -Dfile.encoding=UTF-8 -Duser.country=RU -Duser.language=ru -Duser.variant -javaagent:C:\Users\Home\.gradle\wrapper\dists\gradle-8.11.1-bin\bpt9gzteqjrbo1mjrsomdt32c\gradle-8.11.1\lib\agents\gradle-instrumentation-agent-8.11.1.jar org.gradle.launcher.daemon.bootstrap.GradleDaemon 8.11.1

Host: AMD Ryzen 3 4300U with Radeon Graphics         , 4 cores, 7G,  Windows 10 , 64 bit Build 19041 (10.0.19041.1466)
Time: Sun May 11 17:29:04 2025  Windows 10 , 64 bit Build 19041 (10.0.19041.1466) elapsed time: 12.372068 seconds (0d 0h 0m 12s)

---------------  T H R E A D  ---------------

Current thread (0x000002431785da70):  JavaThread "C2 CompilerThread0" daemon [_thread_in_native, id=11540, stack(0x000000c4daf00000,0x000000c4db000000) (1024K)]


Current CompileTask:
C2:12372 8940 % !   4       java.util.jar.Attributes::read @ 214 (494 bytes)

Stack: [0x000000c4daf00000,0x000000c4db000000]
Native frames: (J=compiled Java code, j=interpreted, Vv=VM code, C=native code)
V  [jvm.dll+0x6d05a9]
V  [jvm.dll+0x85ea73]
V  [jvm.dll+0x860fce]
V  [jvm.dll+0x8616b3]
V  [jvm.dll+0x27e6e6]
V  [jvm.dll+0xbff6d]
V  [jvm.dll+0xc04a3]
V  [jvm.dll+0x3b616b]
V  [jvm.dll+0x382097]
V  [jvm.dll+0x38150a]
V  [jvm.dll+0x247c82]
V  [jvm.dll+0x247251]
V  [jvm.dll+0x1c5f04]
V  [jvm.dll+0x2569ac]
V  [jvm.dll+0x254ef6]
V  [jvm.dll+0x3f0e56]
V  [jvm.dll+0x806e48]
V  [jvm.dll+0x6cee7d]
C  [ucrtbase.dll+0x21bb2]
C  [KERNEL32.DLL+0x17034]
C  [ntdll.dll+0x52651]


---------------  P R O C E S S  ---------------

Threads class SMR info:
_java_thread_list=0x00000243204c0600, length=55, elements={
0x0000024300827560, 0x0000024317870310, 0x0000024317870f60, 0x0000024317871ad0,
0x0000024317825fb0, 0x0000024317826a00, 0x000002431785ccf0, 0x000002431785da70,
0x000002431785f240, 0x00000243176407d0, 0x0000024317b83cd0, 0x000002431d7c81c0,
0x000002431daf3480, 0x000002431db0ff70, 0x000002431dcea340, 0x000002431de38f90,
0x000002431d729450, 0x000002431d725870, 0x000002431d74c0b0, 0x000002431d750720,
0x000002431db26230, 0x000002431db268c0, 0x000002431db26f50, 0x000002431db275e0,
0x000002431db27c70, 0x000002431db28990, 0x000002431db28300, 0x000002431db29020,
0x000002431db25ba0, 0x00000243204debe0, 0x00000243204e0cb0, 0x00000243204e0620,
0x00000243204e1340, 0x00000243204e19d0, 0x00000243204df900, 0x00000243204de550,
0x000002431cf09890, 0x000002431cf09f20, 0x000002431cf0a5b0, 0x000002431cf0c680,
0x000002431cf0cd10, 0x000002431cf06aa0, 0x000002431cf05d80, 0x000002431cf0ac40,
0x000002431cf09200, 0x000002431cf084e0, 0x000002431cf0b960, 0x000002431cf06410,
0x000002431cf0bff0, 0x000002431cf07130, 0x000002431cf07e50, 0x000002431fe80620,
0x000002431fe7e550, 0x000002431fe7ebe0, 0x000002431fe7cb10
}

Java Threads: ( => current thread )
  0x0000024300827560 JavaThread "main"                              [_thread_blocked, id=5684, stack(0x000000c4da100000,0x000000c4da200000) (1024K)]
  0x0000024317870310 JavaThread "Reference Handler"          daemon [_thread_blocked, id=9336, stack(0x000000c4da900000,0x000000c4daa00000) (1024K)]
  0x0000024317870f60 JavaThread "Finalizer"                  daemon [_thread_blocked, id=10616, stack(0x000000c4daa00000,0x000000c4dab00000) (1024K)]
  0x0000024317871ad0 JavaThread "Signal Dispatcher"          daemon [_thread_blocked, id=5076, stack(0x000000c4dab00000,0x000000c4dac00000) (1024K)]
  0x0000024317825fb0 JavaThread "Attach Listener"            daemon [_thread_blocked, id=9524, stack(0x000000c4dac00000,0x000000c4dad00000) (1024K)]
  0x0000024317826a00 JavaThread "Service Thread"             daemon [_thread_blocked, id=700, stack(0x000000c4dad00000,0x000000c4dae00000) (1024K)]
  0x000002431785ccf0 JavaThread "Monitor Deflation Thread"   daemon [_thread_blocked, id=4280, stack(0x000000c4dae00000,0x000000c4daf00000) (1024K)]
=>0x000002431785da70 JavaThread "C2 CompilerThread0"         daemon [_thread_in_native, id=11540, stack(0x000000c4daf00000,0x000000c4db000000) (1024K)]
  0x000002431785f240 JavaThread "C1 CompilerThread0"         daemon [_thread_blocked, id=8628, stack(0x000000c4db000000,0x000000c4db100000) (1024K)]
  0x00000243176407d0 JavaThread "Common-Cleaner"             daemon [_thread_blocked, id=10964, stack(0x000000c4db100000,0x000000c4db200000) (1024K)]
  0x0000024317b83cd0 JavaThread "Notification Thread"        daemon [_thread_blocked, id=2448, stack(0x000000c4db200000,0x000000c4db300000) (1024K)]
  0x000002431d7c81c0 JavaThread "Daemon health stats"               [_thread_blocked, id=8432, stack(0x000000c4db700000,0x000000c4db800000) (1024K)]
  0x000002431daf3480 JavaThread "Incoming local TCP Connector on port 51012"        [_thread_in_native, id=1500, stack(0x000000c4db800000,0x000000c4db900000) (1024K)]
  0x000002431db0ff70 JavaThread "Daemon periodic checks"            [_thread_blocked, id=6084, stack(0x000000c4db900000,0x000000c4dba00000) (1024K)]
  0x000002431dcea340 JavaThread "Daemon"                            [_thread_blocked, id=7036, stack(0x000000c4dba00000,0x000000c4dbb00000) (1024K)]
  0x000002431de38f90 JavaThread "Handler for socket connection from /127.0.0.1:51012 to /127.0.0.1:51013"        [_thread_in_native, id=9328, stack(0x000000c4dbb00000,0x000000c4dbc00000) (1024K)]
  0x000002431d729450 JavaThread "Cancel handler"                    [_thread_blocked, id=8840, stack(0x000000c4dbc00000,0x000000c4dbd00000) (1024K)]
  0x000002431d725870 JavaThread "Daemon worker"                     [_thread_in_native, id=10228, stack(0x000000c4dbd00000,0x000000c4dbe00000) (1024K)]
  0x000002431d74c0b0 JavaThread "Asynchronous log dispatcher for DefaultDaemonConnection: socket connection from /127.0.0.1:51012 to /127.0.0.1:51013"        [_thread_blocked, id=8944, stack(0x000000c4dbe00000,0x000000c4dbf00000) (1024K)]
  0x000002431d750720 JavaThread "Stdin handler"                     [_thread_blocked, id=11272, stack(0x000000c4dbf00000,0x000000c4dc000000) (1024K)]
  0x000002431db26230 JavaThread "Daemon client event forwarder"        [_thread_blocked, id=8632, stack(0x000000c4dc000000,0x000000c4dc100000) (1024K)]
  0x000002431db268c0 JavaThread "Cache worker for journal cache (C:\Users\Home\.gradle\caches\journal-1)"        [_thread_blocked, id=1856, stack(0x000000c4dc100000,0x000000c4dc200000) (1024K)]
  0x000002431db26f50 JavaThread "File lock request listener"        [_thread_in_native, id=2052, stack(0x000000c4dc200000,0x000000c4dc300000) (1024K)]
  0x000002431db275e0 JavaThread "Cache worker for file hash cache (C:\Users\Home\.gradle\caches\8.11.1\fileHashes)"        [_thread_blocked, id=4812, stack(0x000000c4dc300000,0x000000c4dc400000) (1024K)]
  0x000002431db27c70 JavaThread "Cache worker for file content cache (C:\Users\Home\.gradle\caches\8.11.1\fileContent)"        [_thread_blocked, id=10560, stack(0x000000c4dc400000,0x000000c4dc500000) (1024K)]
  0x000002431db28990 JavaThread "Cache worker for file hash cache (D:\Android-7-Module-HITs\.gradle\8.11.1\fileHashes)"        [_thread_blocked, id=12112, stack(0x000000c4dc500000,0x000000c4dc600000) (1024K)]
  0x000002431db28300 JavaThread "Cache worker for Build Output Cleanup Cache (D:\Android-7-Module-HITs\.gradle\buildOutputCleanup)"        [_thread_blocked, id=8288, stack(0x000000c4dc600000,0x000000c4dc700000) (1024K)]
  0x000002431db29020 JavaThread "File watcher server"        daemon [_thread_in_native, id=3452, stack(0x000000c4dc700000,0x000000c4dc800000) (1024K)]
  0x000002431db25ba0 JavaThread "File watcher consumer"      daemon [_thread_blocked, id=11212, stack(0x000000c4dc800000,0x000000c4dc900000) (1024K)]
  0x00000243204debe0 JavaThread "jar transforms"                    [_thread_blocked, id=11112, stack(0x000000c4dc900000,0x000000c4dca00000) (1024K)]
  0x00000243204e0cb0 JavaThread "jar transforms Thread 2"           [_thread_blocked, id=4808, stack(0x000000c4dca00000,0x000000c4dcb00000) (1024K)]
  0x00000243204e0620 JavaThread "jar transforms Thread 3"           [_thread_blocked, id=9640, stack(0x000000c4dcb00000,0x000000c4dcc00000) (1024K)]
  0x00000243204e1340 JavaThread "jar transforms Thread 4"           [_thread_blocked, id=6324, stack(0x000000c4dcc00000,0x000000c4dcd00000) (1024K)]
  0x00000243204e19d0 JavaThread "Cache worker for checksums cache (D:\Android-7-Module-HITs\.gradle\8.11.1\checksums)"        [_thread_blocked, id=12392, stack(0x000000c4db500000,0x000000c4db600000) (1024K)]
  0x00000243204df900 JavaThread "Cache worker for cache directory md-rule (C:\Users\Home\.gradle\caches\8.11.1\md-rule)"        [_thread_blocked, id=8660, stack(0x000000c4dcd00000,0x000000c4dce00000) (1024K)]
  0x00000243204de550 JavaThread "Cache worker for cache directory md-supplier (C:\Users\Home\.gradle\caches\8.11.1\md-supplier)"        [_thread_blocked, id=7804, stack(0x000000c4dce00000,0x000000c4dcf00000) (1024K)]
  0x000002431cf09890 JavaThread "Unconstrained build operations"        [_thread_blocked, id=8312, stack(0x000000c4dd000000,0x000000c4dd100000) (1024K)]
  0x000002431cf09f20 JavaThread "Unconstrained build operations Thread 2"        [_thread_blocked, id=9508, stack(0x000000c4dd100000,0x000000c4dd200000) (1024K)]
  0x000002431cf0a5b0 JavaThread "Unconstrained build operations Thread 3"        [_thread_blocked, id=10108, stack(0x000000c4dd200000,0x000000c4dd300000) (1024K)]
  0x000002431cf0c680 JavaThread "Unconstrained build operations Thread 4"        [_thread_blocked, id=11452, stack(0x000000c4dd300000,0x000000c4dd400000) (1024K)]
  0x000002431cf0cd10 JavaThread "Unconstrained build operations Thread 5"        [_thread_blocked, id=6244, stack(0x000000c4dd400000,0x000000c4dd500000) (1024K)]
  0x000002431cf06aa0 JavaThread "Unconstrained build operations Thread 6"        [_thread_blocked, id=13040, stack(0x000000c4dd500000,0x000000c4dd600000) (1024K)]
  0x000002431cf05d80 JavaThread "Unconstrained build operations Thread 7"        [_thread_blocked, id=648, stack(0x000000c4dd600000,0x000000c4dd700000) (1024K)]
  0x000002431cf0ac40 JavaThread "Unconstrained build operations Thread 8"        [_thread_blocked, id=7884, stack(0x000000c4dd700000,0x000000c4dd800000) (1024K)]
  0x000002431cf09200 JavaThread "Unconstrained build operations Thread 9"        [_thread_blocked, id=11732, stack(0x000000c4dd800000,0x000000c4dd900000) (1024K)]
  0x000002431cf084e0 JavaThread "Unconstrained build operations Thread 10"        [_thread_blocked, id=11268, stack(0x000000c4dd900000,0x000000c4dda00000) (1024K)]
  0x000002431cf0b960 JavaThread "Unconstrained build operations Thread 11"        [_thread_blocked, id=9332, stack(0x000000c4dcf00000,0x000000c4dd000000) (1024K)]
  0x000002431cf06410 JavaThread "Unconstrained build operations Thread 12"        [_thread_blocked, id=3248, stack(0x000000c4dda00000,0x000000c4ddb00000) (1024K)]
  0x000002431cf0bff0 JavaThread "Unconstrained build operations Thread 13"        [_thread_blocked, id=12600, stack(0x000000c4ddb00000,0x000000c4ddc00000) (1024K)]
  0x000002431cf07130 JavaThread "Unconstrained build operations Thread 14"        [_thread_blocked, id=5680, stack(0x000000c4ddc00000,0x000000c4ddd00000) (1024K)]
  0x000002431cf07e50 JavaThread "Unconstrained build operations Thread 15"        [_thread_blocked, id=13088, stack(0x000000c4ddd00000,0x000000c4dde00000) (1024K)]
  0x000002431fe80620 JavaThread "Unconstrained build operations Thread 16"        [_thread_blocked, id=11260, stack(0x000000c4dde00000,0x000000c4ddf00000) (1024K)]
  0x000002431fe7e550 JavaThread "Unconstrained build operations Thread 17"        [_thread_blocked, id=11384, stack(0x000000c4ddf00000,0x000000c4de000000) (1024K)]
  0x000002431fe7ebe0 JavaThread "Unconstrained build operations Thread 18"        [_thread_blocked, id=12612, stack(0x000000c4de000000,0x000000c4de100000) (1024K)]
  0x000002431fe7cb10 JavaThread "Unconstrained build operations Thread 19"        [_thread_blocked, id=2960, stack(0x000000c4de100000,0x000000c4de200000) (1024K)]
Total: 55

Other Threads:
  0x0000024317800520 VMThread "VM Thread"                           [id=11520, stack(0x000000c4da800000,0x000000c4da900000) (1024K)]
  0x000002431763d6c0 WatcherThread "VM Periodic Task Thread"        [id=7776, stack(0x000000c4da700000,0x000000c4da800000) (1024K)]
  0x000002430087dfb0 WorkerThread "GC Thread#0"                     [id=8068, stack(0x000000c4da200000,0x000000c4da300000) (1024K)]
  0x000002431c16c670 WorkerThread "GC Thread#1"                     [id=7840, stack(0x000000c4db300000,0x000000c4db400000) (1024K)]
  0x000002431c185cb0 WorkerThread "GC Thread#2"                     [id=9560, stack(0x000000c4db400000,0x000000c4db500000) (1024K)]
  0x000002431ce1c510 WorkerThread "GC Thread#3"                     [id=11300, stack(0x000000c4db600000,0x000000c4db700000) (1024K)]
  0x000002430088eeb0 ConcurrentGCThread "G1 Main Marker"            [id=7056, stack(0x000000c4da300000,0x000000c4da400000) (1024K)]
  0x000002430088f760 WorkerThread "G1 Conc#0"                       [id=8688, stack(0x000000c4da400000,0x000000c4da500000) (1024K)]
  0x0000024317511570 ConcurrentGCThread "G1 Refine#0"               [id=10316, stack(0x000000c4da500000,0x000000c4da600000) (1024K)]
  0x0000024317511d90 ConcurrentGCThread "G1 Service"                [id=3416, stack(0x000000c4da600000,0x000000c4da700000) (1024K)]
Total: 10

Threads with active compile tasks:
C2 CompilerThread0  12394 8940 % !   4       java.util.jar.Attributes::read @ 214 (494 bytes)
Total: 1

VM state: not at safepoint (normal execution)

VM Mutex/Monitor currently owned by a thread: None

Heap address: 0x0000000080000000, size: 2048 MB, Compressed Oops mode: 32-bit

CDS archive(s) not mapped
Compressed class space mapped at: 0x0000000100000000-0x0000000140000000, reserved size: 1073741824
Narrow klass base: 0x0000000000000000, Narrow klass shift: 3, Narrow klass range: 0x140000000

GC Precious Log:
 CardTable entry size: 512
 Card Set container configuration: InlinePtr #cards 5 size 8 Array Of Cards #cards 12 size 40 Howl #buckets 4 coarsen threshold 1843 Howl Bitmap #cards 512 size 80 coarsen threshold 460 Card regions per heap region 1 cards per card region 2048
 CPUs: 4 total, 4 available
 Memory: 7549M
 Large Page Support: Disabled
 NUMA Support: Disabled
 Compressed Oops: Enabled (32-bit)
 Heap Region Size: 1M
 Heap Min Capacity: 8M
 Heap Initial Capacity: 118M
 Heap Max Capacity: 2G
 Pre-touch: Disabled
 Parallel Workers: 4
 Concurrent Workers: 1
 Concurrent Refinement Workers: 4
 Periodic GC: Disabled

Heap:
 garbage-first heap   total 171008K, used 108419K [0x0000000080000000, 0x0000000100000000)
  region size 1024K, 9 young (9216K), 2 survivors (2048K)
 Metaspace       used 73647K, committed 75584K, reserved 1114112K
  class space    used 9968K, committed 10944K, reserved 1048576K

Heap Regions: E=young(eden), S=young(survivor), O=old, HS=humongous(starts), HC=humongous(continues), CS=collection set, F=free, TAMS=top-at-mark-start, PB=parsable bottom
|   0|0x0000000080000000, 0x0000000080100000, 0x0000000080100000|100%|HS|  |TAMS 0x0000000080000000| PB 0x0000000080000000| Complete 
|   1|0x0000000080100000, 0x0000000080200000, 0x0000000080200000|100%|HC|  |TAMS 0x0000000080100000| PB 0x0000000080100000| Complete 
|   2|0x0000000080200000, 0x0000000080300000, 0x0000000080300000|100%|HC|  |TAMS 0x0000000080200000| PB 0x0000000080200000| Complete 
|   3|0x0000000080300000, 0x0000000080400000, 0x0000000080400000|100%| O|  |TAMS 0x0000000080300000| PB 0x0000000080300000| Untracked 
|   4|0x0000000080400000, 0x0000000080500000, 0x0000000080500000|100%| O|  |TAMS 0x0000000080400000| PB 0x0000000080400000| Untracked 
|   5|0x0000000080500000, 0x0000000080600000, 0x0000000080600000|100%| O|  |TAMS 0x0000000080500000| PB 0x0000000080500000| Untracked 
|   6|0x0000000080600000, 0x0000000080700000, 0x0000000080700000|100%|HS|  |TAMS 0x0000000080600000| PB 0x0000000080600000| Complete 
|   7|0x0000000080700000, 0x0000000080800000, 0x0000000080800000|100%| O|  |TAMS 0x0000000080700000| PB 0x0000000080700000| Untracked 
|   8|0x0000000080800000, 0x0000000080900000, 0x0000000080900000|100%| O|  |TAMS 0x0000000080800000| PB 0x0000000080800000| Untracked 
|   9|0x0000000080900000, 0x0000000080a00000, 0x0000000080a00000|100%| O|  |TAMS 0x0000000080900000| PB 0x0000000080900000| Untracked 
|  10|0x0000000080a00000, 0x0000000080b00000, 0x0000000080b00000|100%| O|  |TAMS 0x0000000080a00000| PB 0x0000000080a00000| Untracked 
|  11|0x0000000080b00000, 0x0000000080c00000, 0x0000000080c00000|100%| O|  |TAMS 0x0000000080b00000| PB 0x0000000080b00000| Untracked 
|  12|0x0000000080c00000, 0x0000000080d00000, 0x0000000080d00000|100%| O|  |TAMS 0x0000000080c00000| PB 0x0000000080c00000| Untracked 
|  13|0x0000000080d00000, 0x0000000080e00000, 0x0000000080e00000|100%| O|  |TAMS 0x0000000080d00000| PB 0x0000000080d00000| Untracked 
|  14|0x0000000080e00000, 0x0000000080f00000, 0x0000000080f00000|100%| O|  |TAMS 0x0000000080e00000| PB 0x0000000080e00000| Untracked 
|  15|0x0000000080f00000, 0x0000000081000000, 0x0000000081000000|100%| O|  |TAMS 0x0000000080f00000| PB 0x0000000080f00000| Untracked 
|  16|0x0000000081000000, 0x0000000081100000, 0x0000000081100000|100%| O|  |TAMS 0x0000000081000000| PB 0x0000000081000000| Untracked 
|  17|0x0000000081100000, 0x0000000081200000, 0x0000000081200000|100%| O|  |TAMS 0x0000000081100000| PB 0x0000000081100000| Untracked 
|  18|0x0000000081200000, 0x0000000081300000, 0x0000000081300000|100%| O|  |TAMS 0x0000000081200000| PB 0x0000000081200000| Untracked 
|  19|0x0000000081300000, 0x0000000081400000, 0x0000000081400000|100%| O|  |TAMS 0x0000000081300000| PB 0x0000000081300000| Untracked 
|  20|0x0000000081400000, 0x0000000081500000, 0x0000000081500000|100%| O|  |TAMS 0x0000000081400000| PB 0x0000000081400000| Untracked 
|  21|0x0000000081500000, 0x0000000081600000, 0x0000000081600000|100%|HS|  |TAMS 0x0000000081500000| PB 0x0000000081500000| Complete 
|  22|0x0000000081600000, 0x0000000081700000, 0x0000000081700000|100%|HC|  |TAMS 0x0000000081600000| PB 0x0000000081600000| Complete 
|  23|0x0000000081700000, 0x0000000081800000, 0x0000000081800000|100%|HC|  |TAMS 0x0000000081700000| PB 0x0000000081700000| Complete 
|  24|0x0000000081800000, 0x0000000081900000, 0x0000000081900000|100%|HC|  |TAMS 0x0000000081800000| PB 0x0000000081800000| Complete 
|  25|0x0000000081900000, 0x0000000081a00000, 0x0000000081a00000|100%|HC|  |TAMS 0x0000000081900000| PB 0x0000000081900000| Complete 
|  26|0x0000000081a00000, 0x0000000081b00000, 0x0000000081b00000|100%|HC|  |TAMS 0x0000000081a00000| PB 0x0000000081a00000| Complete 
|  27|0x0000000081b00000, 0x0000000081c00000, 0x0000000081c00000|100%|HS|  |TAMS 0x0000000081b00000| PB 0x0000000081b00000| Complete 
|  28|0x0000000081c00000, 0x0000000081d00000, 0x0000000081d00000|100%|HC|  |TAMS 0x0000000081c00000| PB 0x0000000081c00000| Complete 
|  29|0x0000000081d00000, 0x0000000081e00000, 0x0000000081e00000|100%|HC|  |TAMS 0x0000000081d00000| PB 0x0000000081d00000| Complete 
|  30|0x0000000081e00000, 0x0000000081f00000, 0x0000000081f00000|100%|HC|  |TAMS 0x0000000081e00000| PB 0x0000000081e00000| Complete 
|  31|0x0000000081f00000, 0x0000000082000000, 0x0000000082000000|100%|HS|  |TAMS 0x0000000081f00000| PB 0x0000000081f00000| Complete 
|  32|0x0000000082000000, 0x0000000082100000, 0x0000000082100000|100%|HC|  |TAMS 0x0000000082000000| PB 0x0000000082000000| Complete 
|  33|0x0000000082100000, 0x0000000082200000, 0x0000000082200000|100%|HS|  |TAMS 0x0000000082100000| PB 0x0000000082100000| Complete 
|  34|0x0000000082200000, 0x0000000082300000, 0x0000000082300000|100%| O|  |TAMS 0x0000000082200000| PB 0x0000000082200000| Untracked 
|  35|0x0000000082300000, 0x0000000082400000, 0x0000000082400000|100%| O|  |TAMS 0x0000000082300000| PB 0x0000000082300000| Untracked 
|  36|0x0000000082400000, 0x0000000082500000, 0x0000000082500000|100%| O|  |TAMS 0x0000000082400000| PB 0x0000000082400000| Untracked 
|  37|0x0000000082500000, 0x0000000082600000, 0x0000000082600000|100%| O|  |TAMS 0x0000000082500000| PB 0x0000000082500000| Untracked 
|  38|0x0000000082600000, 0x0000000082700000, 0x0000000082700000|100%| O|  |TAMS 0x0000000082600000| PB 0x0000000082600000| Untracked 
|  39|0x0000000082700000, 0x0000000082800000, 0x0000000082800000|100%| O|  |TAMS 0x0000000082700000| PB 0x0000000082700000| Untracked 
|  40|0x0000000082800000, 0x0000000082900000, 0x0000000082900000|100%| O|  |TAMS 0x0000000082800000| PB 0x0000000082800000| Untracked 
|  41|0x0000000082900000, 0x0000000082a00000, 0x0000000082a00000|100%| O|  |TAMS 0x0000000082900000| PB 0x0000000082900000| Untracked 
|  42|0x0000000082a00000, 0x0000000082b00000, 0x0000000082b00000|100%| O|  |TAMS 0x0000000082a00000| PB 0x0000000082a00000| Untracked 
|  43|0x0000000082b00000, 0x0000000082c00000, 0x0000000082c00000|100%| O|  |TAMS 0x0000000082b00000| PB 0x0000000082b00000| Untracked 
|  44|0x0000000082c00000, 0x0000000082d00000, 0x0000000082d00000|100%| O|  |TAMS 0x0000000082c00000| PB 0x0000000082c00000| Untracked 
|  45|0x0000000082d00000, 0x0000000082e00000, 0x0000000082e00000|100%| O|  |TAMS 0x0000000082d00000| PB 0x0000000082d00000| Untracked 
|  46|0x0000000082e00000, 0x0000000082f00000, 0x0000000082f00000|100%| O|  |TAMS 0x0000000082e00000| PB 0x0000000082e00000| Untracked 
|  47|0x0000000082f00000, 0x0000000083000000, 0x0000000083000000|100%| O|  |TAMS 0x0000000082f00000| PB 0x0000000082f00000| Untracked 
|  48|0x0000000083000000, 0x0000000083100000, 0x0000000083100000|100%|HS|  |TAMS 0x0000000083000000| PB 0x0000000083000000| Complete 
|  49|0x0000000083100000, 0x0000000083200000, 0x0000000083200000|100%|HC|  |TAMS 0x0000000083100000| PB 0x0000000083100000| Complete 
|  50|0x0000000083200000, 0x0000000083300000, 0x0000000083300000|100%| O|  |TAMS 0x0000000083200000| PB 0x0000000083200000| Untracked 
|  51|0x0000000083300000, 0x0000000083400000, 0x0000000083400000|100%| O|  |TAMS 0x0000000083300000| PB 0x0000000083300000| Untracked 
|  52|0x0000000083400000, 0x0000000083500000, 0x0000000083500000|100%| O|  |TAMS 0x0000000083400000| PB 0x0000000083400000| Untracked 
|  53|0x0000000083500000, 0x0000000083600000, 0x0000000083600000|100%| O|  |TAMS 0x0000000083500000| PB 0x0000000083500000| Untracked 
|  54|0x0000000083600000, 0x0000000083700000, 0x0000000083700000|100%|HS|  |TAMS 0x0000000083600000| PB 0x0000000083600000| Complete 
|  55|0x0000000083700000, 0x0000000083800000, 0x0000000083800000|100%| O|  |TAMS 0x0000000083700000| PB 0x0000000083700000| Untracked 
|  56|0x0000000083800000, 0x0000000083900000, 0x0000000083900000|100%| O|Cm|TAMS 0x0000000083800000| PB 0x0000000083800000| Complete 
|  57|0x0000000083900000, 0x0000000083a00000, 0x0000000083a00000|100%| O|  |TAMS 0x0000000083900000| PB 0x0000000083900000| Untracked 
|  58|0x0000000083a00000, 0x0000000083b00000, 0x0000000083b00000|100%| O|Cm|TAMS 0x0000000083a00000| PB 0x0000000083a00000| Complete 
|  59|0x0000000083b00000, 0x0000000083c00000, 0x0000000083c00000|100%|HS|  |TAMS 0x0000000083b00000| PB 0x0000000083b00000| Complete 
|  60|0x0000000083c00000, 0x0000000083d00000, 0x0000000083d00000|100%| O|  |TAMS 0x0000000083c00000| PB 0x0000000083c00000| Untracked 
|  61|0x0000000083d00000, 0x0000000083e00000, 0x0000000083e00000|100%|HS|  |TAMS 0x0000000083d00000| PB 0x0000000083d00000| Complete 
|  62|0x0000000083e00000, 0x0000000083f00000, 0x0000000083f00000|100%|HC|  |TAMS 0x0000000083e00000| PB 0x0000000083e00000| Complete 
|  63|0x0000000083f00000, 0x0000000084000000, 0x0000000084000000|100%|HC|  |TAMS 0x0000000083f00000| PB 0x0000000083f00000| Complete 
|  64|0x0000000084000000, 0x0000000084100000, 0x0000000084100000|100%|HC|  |TAMS 0x0000000084000000| PB 0x0000000084000000| Complete 
|  65|0x0000000084100000, 0x0000000084200000, 0x0000000084200000|100%|HC|  |TAMS 0x0000000084100000| PB 0x0000000084100000| Complete 
|  66|0x0000000084200000, 0x0000000084300000, 0x0000000084300000|100%|HC|  |TAMS 0x0000000084200000| PB 0x0000000084200000| Complete 
|  67|0x0000000084300000, 0x0000000084400000, 0x0000000084400000|100%|HS|  |TAMS 0x0000000084300000| PB 0x0000000084300000| Complete 
|  68|0x0000000084400000, 0x0000000084500000, 0x0000000084500000|100%|HC|  |TAMS 0x0000000084400000| PB 0x0000000084400000| Complete 
|  69|0x0000000084500000, 0x0000000084600000, 0x0000000084600000|100%|HC|  |TAMS 0x0000000084500000| PB 0x0000000084500000| Complete 
|  70|0x0000000084600000, 0x0000000084700000, 0x0000000084700000|100%|HC|  |TAMS 0x0000000084600000| PB 0x0000000084600000| Complete 
|  71|0x0000000084700000, 0x0000000084800000, 0x0000000084800000|100%|HC|  |TAMS 0x0000000084700000| PB 0x0000000084700000| Complete 
|  72|0x0000000084800000, 0x0000000084900000, 0x0000000084900000|100%|HC|  |TAMS 0x0000000084800000| PB 0x0000000084800000| Complete 
|  73|0x0000000084900000, 0x0000000084a00000, 0x0000000084a00000|100%| O|Cm|TAMS 0x0000000084900000| PB 0x0000000084900000| Complete 
|  74|0x0000000084a00000, 0x0000000084b00000, 0x0000000084b00000|100%| O|  |TAMS 0x0000000084a00000| PB 0x0000000084a00000| Untracked 
|  75|0x0000000084b00000, 0x0000000084c00000, 0x0000000084c00000|100%| O|  |TAMS 0x0000000084b00000| PB 0x0000000084b00000| Untracked 
|  76|0x0000000084c00000, 0x0000000084d00000, 0x0000000084d00000|100%| O|  |TAMS 0x0000000084c00000| PB 0x0000000084c00000| Untracked 
|  77|0x0000000084d00000, 0x0000000084e00000, 0x0000000084e00000|100%| O|  |TAMS 0x0000000084d00000| PB 0x0000000084d00000| Untracked 
|  78|0x0000000084e00000, 0x0000000084f00000, 0x0000000084f00000|100%| O|  |TAMS 0x0000000084e00000| PB 0x0000000084e00000| Untracked 
|  79|0x0000000084f00000, 0x0000000085000000, 0x0000000085000000|100%| O|  |TAMS 0x0000000084f00000| PB 0x0000000084f00000| Untracked 
|  80|0x0000000085000000, 0x0000000085100000, 0x0000000085100000|100%| O|  |TAMS 0x0000000085000000| PB 0x0000000085000000| Untracked 
|  81|0x0000000085100000, 0x0000000085200000, 0x0000000085200000|100%| O|  |TAMS 0x0000000085100000| PB 0x0000000085100000| Untracked 
|  82|0x0000000085200000, 0x0000000085300000, 0x0000000085300000|100%| O|  |TAMS 0x0000000085200000| PB 0x0000000085200000| Untracked 
|  83|0x0000000085300000, 0x0000000085400000, 0x0000000085400000|100%| O|  |TAMS 0x0000000085300000| PB 0x0000000085300000| Untracked 
|  84|0x0000000085400000, 0x0000000085500000, 0x0000000085500000|100%| O|  |TAMS 0x0000000085400000| PB 0x0000000085400000| Untracked 
|  85|0x0000000085500000, 0x0000000085600000, 0x0000000085600000|100%| O|  |TAMS 0x0000000085500000| PB 0x0000000085500000| Untracked 
|  86|0x0000000085600000, 0x0000000085700000, 0x0000000085700000|100%| O|  |TAMS 0x0000000085600000| PB 0x0000000085600000| Untracked 
|  87|0x0000000085700000, 0x0000000085800000, 0x0000000085800000|100%| O|  |TAMS 0x0000000085700000| PB 0x0000000085700000| Untracked 
|  88|0x0000000085800000, 0x0000000085900000, 0x0000000085900000|100%| O|  |TAMS 0x0000000085800000| PB 0x0000000085800000| Untracked 
|  89|0x0000000085900000, 0x0000000085961260, 0x0000000085a00000| 37%| O|  |TAMS 0x0000000085900000| PB 0x0000000085900000| Untracked 
|  90|0x0000000085a00000, 0x0000000085b00000, 0x0000000085b00000|100%|HS|  |TAMS 0x0000000085a00000| PB 0x0000000085a00000| Complete 
|  91|0x0000000085b00000, 0x0000000085c00000, 0x0000000085c00000|100%|HC|  |TAMS 0x0000000085b00000| PB 0x0000000085b00000| Complete 
|  92|0x0000000085c00000, 0x0000000085d00000, 0x0000000085d00000|100%|HS|  |TAMS 0x0000000085c00000| PB 0x0000000085c00000| Complete 
|  93|0x0000000085d00000, 0x0000000085e00000, 0x0000000085e00000|100%|HC|  |TAMS 0x0000000085d00000| PB 0x0000000085d00000| Complete 
|  94|0x0000000085e00000, 0x0000000085f00000, 0x0000000085f00000|100%|HS|  |TAMS 0x0000000085e00000| PB 0x0000000085e00000| Complete 
|  95|0x0000000085f00000, 0x0000000086000000, 0x0000000086000000|100%|HS|  |TAMS 0x0000000085f00000| PB 0x0000000085f00000| Complete 
|  96|0x0000000086000000, 0x0000000086100000, 0x0000000086100000|100%|HS|  |TAMS 0x0000000086000000| PB 0x0000000086000000| Complete 
|  97|0x0000000086100000, 0x0000000086200000, 0x0000000086200000|100%|HC|  |TAMS 0x0000000086100000| PB 0x0000000086100000| Complete 
|  98|0x0000000086200000, 0x0000000086300000, 0x0000000086300000|100%|HC|  |TAMS 0x0000000086200000| PB 0x0000000086200000| Complete 
|  99|0x0000000086300000, 0x0000000086300000, 0x0000000086400000|  0%| F|  |TAMS 0x0000000086300000| PB 0x0000000086300000| Untracked 
| 100|0x0000000086400000, 0x0000000086400000, 0x0000000086500000|  0%| F|  |TAMS 0x0000000086400000| PB 0x0000000086400000| Untracked 
| 101|0x0000000086500000, 0x0000000086500000, 0x0000000086600000|  0%| F|  |TAMS 0x0000000086500000| PB 0x0000000086500000| Untracked 
| 102|0x0000000086600000, 0x0000000086600000, 0x0000000086700000|  0%| F|  |TAMS 0x0000000086600000| PB 0x0000000086600000| Untracked 
| 103|0x0000000086700000, 0x0000000086700000, 0x0000000086800000|  0%| F|  |TAMS 0x0000000086700000| PB 0x0000000086700000| Untracked 
| 104|0x0000000086800000, 0x0000000086800000, 0x0000000086900000|  0%| F|  |TAMS 0x0000000086800000| PB 0x0000000086800000| Untracked 
| 105|0x0000000086900000, 0x0000000086900000, 0x0000000086a00000|  0%| F|  |TAMS 0x0000000086900000| PB 0x0000000086900000| Untracked 
| 106|0x0000000086a00000, 0x0000000086a00000, 0x0000000086b00000|  0%| F|  |TAMS 0x0000000086a00000| PB 0x0000000086a00000| Untracked 
| 107|0x0000000086b00000, 0x0000000086b00000, 0x0000000086c00000|  0%| F|  |TAMS 0x0000000086b00000| PB 0x0000000086b00000| Untracked 
| 108|0x0000000086c00000, 0x0000000086c00000, 0x0000000086d00000|  0%| F|  |TAMS 0x0000000086c00000| PB 0x0000000086c00000| Untracked 
| 109|0x0000000086d00000, 0x0000000086d00000, 0x0000000086e00000|  0%| F|  |TAMS 0x0000000086d00000| PB 0x0000000086d00000| Untracked 
| 110|0x0000000086e00000, 0x0000000086e00000, 0x0000000086f00000|  0%| F|  |TAMS 0x0000000086e00000| PB 0x0000000086e00000| Untracked 
| 111|0x0000000086f00000, 0x0000000086f00000, 0x0000000087000000|  0%| F|  |TAMS 0x0000000086f00000| PB 0x0000000086f00000| Untracked 
| 112|0x0000000087000000, 0x0000000087000000, 0x0000000087100000|  0%| F|  |TAMS 0x0000000087000000| PB 0x0000000087000000| Untracked 
| 113|0x0000000087100000, 0x0000000087100000, 0x0000000087200000|  0%| F|  |TAMS 0x0000000087100000| PB 0x0000000087100000| Untracked 
| 114|0x0000000087200000, 0x0000000087200000, 0x0000000087300000|  0%| F|  |TAMS 0x0000000087200000| PB 0x0000000087200000| Untracked 
| 115|0x0000000087300000, 0x0000000087300000, 0x0000000087400000|  0%| F|  |TAMS 0x0000000087300000| PB 0x0000000087300000| Untracked 
| 116|0x0000000087400000, 0x0000000087400000, 0x0000000087500000|  0%| F|  |TAMS 0x0000000087400000| PB 0x0000000087400000| Untracked 
| 117|0x0000000087500000, 0x0000000087500000, 0x0000000087600000|  0%| F|  |TAMS 0x0000000087500000| PB 0x0000000087500000| Untracked 
| 118|0x0000000087600000, 0x0000000087600000, 0x0000000087700000|  0%| F|  |TAMS 0x0000000087600000| PB 0x0000000087600000| Untracked 
| 119|0x0000000087700000, 0x0000000087700000, 0x0000000087800000|  0%| F|  |TAMS 0x0000000087700000| PB 0x0000000087700000| Untracked 
| 120|0x0000000087800000, 0x0000000087800000, 0x0000000087900000|  0%| F|  |TAMS 0x0000000087800000| PB 0x0000000087800000| Untracked 
| 121|0x0000000087900000, 0x0000000087900000, 0x0000000087a00000|  0%| F|  |TAMS 0x0000000087900000| PB 0x0000000087900000| Untracked 
| 122|0x0000000087a00000, 0x0000000087a00000, 0x0000000087b00000|  0%| F|  |TAMS 0x0000000087a00000| PB 0x0000000087a00000| Untracked 
| 123|0x0000000087b00000, 0x0000000087b00000, 0x0000000087c00000|  0%| F|  |TAMS 0x0000000087b00000| PB 0x0000000087b00000| Untracked 
| 124|0x0000000087c00000, 0x0000000087c00000, 0x0000000087d00000|  0%| F|  |TAMS 0x0000000087c00000| PB 0x0000000087c00000| Untracked 
| 125|0x0000000087d00000, 0x0000000087d00000, 0x0000000087e00000|  0%| F|  |TAMS 0x0000000087d00000| PB 0x0000000087d00000| Untracked 
| 126|0x0000000087e00000, 0x0000000087e00000, 0x0000000087f00000|  0%| F|  |TAMS 0x0000000087e00000| PB 0x0000000087e00000| Untracked 
| 127|0x0000000087f00000, 0x0000000087f00000, 0x0000000088000000|  0%| F|  |TAMS 0x0000000087f00000| PB 0x0000000087f00000| Untracked 
| 128|0x0000000088000000, 0x0000000088000000, 0x0000000088100000|  0%| F|  |TAMS 0x0000000088000000| PB 0x0000000088000000| Untracked 
| 129|0x0000000088100000, 0x0000000088100000, 0x0000000088200000|  0%| F|  |TAMS 0x0000000088100000| PB 0x0000000088100000| Untracked 
| 130|0x0000000088200000, 0x0000000088200000, 0x0000000088300000|  0%| F|  |TAMS 0x0000000088200000| PB 0x0000000088200000| Untracked 
| 131|0x0000000088300000, 0x0000000088300000, 0x0000000088400000|  0%| F|  |TAMS 0x0000000088300000| PB 0x0000000088300000| Untracked 
| 132|0x0000000088400000, 0x0000000088400000, 0x0000000088500000|  0%| F|  |TAMS 0x0000000088400000| PB 0x0000000088400000| Untracked 
| 133|0x0000000088500000, 0x0000000088500000, 0x0000000088600000|  0%| F|  |TAMS 0x0000000088500000| PB 0x0000000088500000| Untracked 
| 134|0x0000000088600000, 0x0000000088600000, 0x0000000088700000|  0%| F|  |TAMS 0x0000000088600000| PB 0x0000000088600000| Untracked 
| 135|0x0000000088700000, 0x0000000088700000, 0x0000000088800000|  0%| F|  |TAMS 0x0000000088700000| PB 0x0000000088700000| Untracked 
| 136|0x0000000088800000, 0x0000000088800000, 0x0000000088900000|  0%| F|  |TAMS 0x0000000088800000| PB 0x0000000088800000| Untracked 
| 137|0x0000000088900000, 0x0000000088900000, 0x0000000088a00000|  0%| F|  |TAMS 0x0000000088900000| PB 0x0000000088900000| Untracked 
| 138|0x0000000088a00000, 0x0000000088a00000, 0x0000000088b00000|  0%| F|  |TAMS 0x0000000088a00000| PB 0x0000000088a00000| Untracked 
| 139|0x0000000088b00000, 0x0000000088b00000, 0x0000000088c00000|  0%| F|  |TAMS 0x0000000088b00000| PB 0x0000000088b00000| Untracked 
| 140|0x0000000088c00000, 0x0000000088c00000, 0x0000000088d00000|  0%| F|  |TAMS 0x0000000088c00000| PB 0x0000000088c00000| Untracked 
| 141|0x0000000088d00000, 0x0000000088d00000, 0x0000000088e00000|  0%| F|  |TAMS 0x0000000088d00000| PB 0x0000000088d00000| Untracked 
| 142|0x0000000088e00000, 0x0000000088e00000, 0x0000000088f00000|  0%| F|  |TAMS 0x0000000088e00000| PB 0x0000000088e00000| Untracked 
| 143|0x0000000088f00000, 0x0000000088f00000, 0x0000000089000000|  0%| F|  |TAMS 0x0000000088f00000| PB 0x0000000088f00000| Untracked 
| 144|0x0000000089000000, 0x0000000089000000, 0x0000000089100000|  0%| F|  |TAMS 0x0000000089000000| PB 0x0000000089000000| Untracked 
| 145|0x0000000089100000, 0x0000000089100000, 0x0000000089200000|  0%| F|  |TAMS 0x0000000089100000| PB 0x0000000089100000| Untracked 
| 146|0x0000000089200000, 0x0000000089200000, 0x0000000089300000|  0%| F|  |TAMS 0x0000000089200000| PB 0x0000000089200000| Untracked 
| 147|0x0000000089300000, 0x0000000089300000, 0x0000000089400000|  0%| F|  |TAMS 0x0000000089300000| PB 0x0000000089300000| Untracked 
| 148|0x0000000089400000, 0x0000000089400000, 0x0000000089500000|  0%| F|  |TAMS 0x0000000089400000| PB 0x0000000089400000| Untracked 
| 149|0x0000000089500000, 0x0000000089500000, 0x0000000089600000|  0%| F|  |TAMS 0x0000000089500000| PB 0x0000000089500000| Untracked 
| 150|0x0000000089600000, 0x0000000089600000, 0x0000000089700000|  0%| F|  |TAMS 0x0000000089600000| PB 0x0000000089600000| Untracked 
| 151|0x0000000089700000, 0x0000000089700000, 0x0000000089800000|  0%| F|  |TAMS 0x0000000089700000| PB 0x0000000089700000| Untracked 
| 152|0x0000000089800000, 0x0000000089800000, 0x0000000089900000|  0%| F|  |TAMS 0x0000000089800000| PB 0x0000000089800000| Untracked 
| 153|0x0000000089900000, 0x0000000089900000, 0x0000000089a00000|  0%| F|  |TAMS 0x0000000089900000| PB 0x0000000089900000| Untracked 
| 154|0x0000000089a00000, 0x0000000089a00000, 0x0000000089b00000|  0%| F|  |TAMS 0x0000000089a00000| PB 0x0000000089a00000| Untracked 
| 155|0x0000000089b00000, 0x0000000089b00000, 0x0000000089c00000|  0%| F|  |TAMS 0x0000000089b00000| PB 0x0000000089b00000| Untracked 
| 156|0x0000000089c00000, 0x0000000089c00000, 0x0000000089d00000|  0%| F|  |TAMS 0x0000000089c00000| PB 0x0000000089c00000| Untracked 
| 157|0x0000000089d00000, 0x0000000089df1cd8, 0x0000000089e00000| 94%| E|  |TAMS 0x0000000089d00000| PB 0x0000000089d00000| Complete 
| 158|0x0000000089e00000, 0x0000000089f00000, 0x0000000089f00000|100%| E|CS|TAMS 0x0000000089e00000| PB 0x0000000089e00000| Complete 
| 159|0x0000000089f00000, 0x000000008a000000, 0x000000008a000000|100%| E|  |TAMS 0x0000000089f00000| PB 0x0000000089f00000| Complete 
| 160|0x000000008a000000, 0x000000008a100000, 0x000000008a100000|100%| E|CS|TAMS 0x000000008a000000| PB 0x000000008a000000| Complete 
| 161|0x000000008a100000, 0x000000008a200000, 0x000000008a200000|100%| E|CS|TAMS 0x000000008a100000| PB 0x000000008a100000| Complete 
| 162|0x000000008a200000, 0x000000008a300000, 0x000000008a300000|100%| E|CS|TAMS 0x000000008a200000| PB 0x000000008a200000| Complete 
| 163|0x000000008a300000, 0x000000008a37f9b0, 0x000000008a400000| 49%| S|CS|TAMS 0x000000008a300000| PB 0x000000008a300000| Complete 
| 164|0x000000008a400000, 0x000000008a500000, 0x000000008a500000|100%| S|CS|TAMS 0x000000008a400000| PB 0x000000008a400000| Complete 
| 165|0x000000008a500000, 0x000000008a600000, 0x000000008a600000|100%| E|CS|TAMS 0x000000008a500000| PB 0x000000008a500000| Complete 
|2047|0x00000000fff00000, 0x0000000100000000, 0x0000000100000000|100%| O|  |TAMS 0x00000000fff00000| PB 0x00000000fff00000| Untracked 

Card table byte_map: [0x0000024312d90000,0x0000024313190000] _byte_map_base: 0x0000024312990000

Marking Bits: (CMBitMap*) 0x000002430087e460
 Bits: [0x0000024313190000, 0x0000024315190000)

Polling page: 0x0000024300000000

Metaspace:

Usage:
  Non-class:     62.21 MB used.
      Class:      9.74 MB used.
       Both:     71.95 MB used.

Virtual space:
  Non-class space:       64.00 MB reserved,      63.12 MB ( 99%) committed,  1 nodes.
      Class space:        1.00 GB reserved,      10.69 MB (  1%) committed,  1 nodes.
             Both:        1.06 GB reserved,      73.81 MB (  7%) committed. 

Chunk freelists:
   Non-Class:  512.00 KB
       Class:  5.23 MB
        Both:  5.73 MB

MaxMetaspaceSize: unlimited
CompressedClassSpaceSize: 1.00 GB
Initial GC threshold: 21.00 MB
Current GC threshold: 122.81 MB
CDS: off
 - commit_granule_bytes: 65536.
 - commit_granule_words: 8192.
 - virtual_space_node_default_size: 8388608.
 - enlarge_chunks_in_place: 1.
 - use_allocation_guard: 0.


Internal statistics:

num_allocs_failed_limit: 3.
num_arena_births: 3286.
num_arena_deaths: 0.
num_vsnodes_births: 2.
num_vsnodes_deaths: 0.
num_space_committed: 1181.
num_space_uncommitted: 0.
num_chunks_returned_to_freelist: 3.
num_chunks_taken_from_freelist: 6389.
num_chunk_merges: 0.
num_chunk_splits: 4110.
num_chunks_enlarged: 2537.
num_inconsistent_stats: 0.

CodeHeap 'non-profiled nmethods': size=120000Kb used=3990Kb max_used=4267Kb free=116009Kb
 bounds [0x000002430b460000, 0x000002430b890000, 0x0000024312990000]
CodeHeap 'profiled nmethods': size=120000Kb used=14353Kb max_used=14832Kb free=105647Kb
 bounds [0x0000024303990000, 0x0000024304810000, 0x000002430aec0000]
CodeHeap 'non-nmethods': size=5760Kb used=2762Kb max_used=2798Kb free=2997Kb
 bounds [0x000002430aec0000, 0x000002430b190000, 0x000002430b460000]
 total_blobs=8644 nmethods=7741 adapters=806
 compilation: enabled
              stopped_count=0, restarted_count=0
 full_count=0

Compilation events (20 events):
Event: 12.280 Thread 0x000002431785f240 8936       1       org.gradle.api.internal.attributes.DefaultCompatibilityRuleChain::getRules (5 bytes)
Event: 12.280 Thread 0x000002431785f240 nmethod 8936 0x000002430b889d10 code [0x000002430b889ea0, 0x000002430b889f68]
Event: 12.280 Thread 0x000002431785f240 8937       1       org.gradle.api.internal.attributes.DefaultDisambiguationRuleChain::getRules (5 bytes)
Event: 12.280 Thread 0x000002431785f240 nmethod 8937 0x000002430b88a010 code [0x000002430b88a1a0, 0x000002430b88a268]
Event: 12.282 Thread 0x000002431785da70 nmethod 8934 0x000002430b88a310 code [0x000002430b88a4c0, 0x000002430b88a930]
Event: 12.283 Thread 0x000002431785f240 8938       3       jdk.internal.loader.URLClassPath::findResource (38 bytes)
Event: 12.284 Thread 0x000002431785f240 nmethod 8938 0x000002430480ba10 code [0x000002430480bbe0, 0x000002430480bf20]
Event: 12.311 Thread 0x000002431785da70 8939       4       jdk.internal.misc.Unsafe::checkSize (32 bytes)
Event: 12.312 Thread 0x000002431785da70 nmethod 8939 0x000002430b88aa90 code [0x000002430b88ac20, 0x000002430b88acd8]
Event: 12.322 Thread 0x000002431785da70 8940 % !   4       java.util.jar.Attributes::read @ 214 (494 bytes)
Event: 12.353 Thread 0x000002431785f240 8941   !   3       java.security.AccessController::doPrivileged (26 bytes)
Event: 12.354 Thread 0x000002431785f240 nmethod 8941 0x0000024303990390 code [0x00000243039905a0, 0x0000024303990aa8]
Event: 12.355 Thread 0x000002431785f240 8942       1       org.gradle.internal.concurrent.AbstractManagedExecutor::access$000 (5 bytes)
Event: 12.355 Thread 0x000002431785f240 nmethod 8942 0x000002430b51fc90 code [0x000002430b51fe20, 0x000002430b51fed0]
Event: 12.358 Thread 0x000002431785f240 8943       3       org.gradle.internal.serialize.InputStreamBackedDecoder::readInt (8 bytes)
Event: 12.359 Thread 0x000002431785f240 nmethod 8943 0x00000243044b4e10 code [0x00000243044b5020, 0x00000243044b5690]
Event: 12.359 Thread 0x000002431785f240 8944       3       org.gradle.internal.serialize.InputStreamBackedDecoder::readString (8 bytes)
Event: 12.359 Thread 0x000002431785f240 nmethod 8944 0x00000243039b7e90 code [0x00000243039b8040, 0x00000243039b81d8]
Event: 12.359 Thread 0x000002431785f240 8945       3       java.util.HashMap::clear (50 bytes)
Event: 12.359 Thread 0x000002431785f240 nmethod 8945 0x00000243041aae90 code [0x00000243041ab040, 0x00000243041ab3d8]

GC Heap History (20 events):
Event: 8.203 GC heap before
{Heap before GC invocations=21 (full 0):
 garbage-first heap   total 111616K, used 96912K [0x0000000080000000, 0x0000000100000000)
  region size 1024K, 25 young (25600K), 2 survivors (2048K)
 Metaspace       used 59070K, committed 60672K, reserved 1114112K
  class space    used 7889K, committed 8640K, reserved 1048576K
}
Event: 8.207 GC heap after
{Heap after GC invocations=22 (full 0):
 garbage-first heap   total 111616K, used 75524K [0x0000000080000000, 0x0000000100000000)
  region size 1024K, 4 young (4096K), 4 survivors (4096K)
 Metaspace       used 59070K, committed 60672K, reserved 1114112K
  class space    used 7889K, committed 8640K, reserved 1048576K
}
Event: 8.425 GC heap before
{Heap before GC invocations=22 (full 0):
 garbage-first heap   total 111616K, used 100100K [0x0000000080000000, 0x0000000100000000)
  region size 1024K, 28 young (28672K), 4 survivors (4096K)
 Metaspace       used 59741K, committed 61312K, reserved 1114112K
  class space    used 8008K, committed 8768K, reserved 1048576K
}
Event: 8.428 GC heap after
{Heap after GC invocations=23 (full 0):
 garbage-first heap   total 111616K, used 76593K [0x0000000080000000, 0x0000000100000000)
  region size 1024K, 1 young (1024K), 1 survivors (1024K)
 Metaspace       used 59741K, committed 61312K, reserved 1114112K
  class space    used 8008K, committed 8768K, reserved 1048576K
}
Event: 8.719 GC heap before
{Heap before GC invocations=23 (full 0):
 garbage-first heap   total 111616K, used 101169K [0x0000000080000000, 0x0000000100000000)
  region size 1024K, 25 young (25600K), 1 survivors (1024K)
 Metaspace       used 63133K, committed 64704K, reserved 1114112K
  class space    used 8456K, committed 9216K, reserved 1048576K
}
Event: 8.721 GC heap after
{Heap after GC invocations=24 (full 0):
 garbage-first heap   total 111616K, used 77283K [0x0000000080000000, 0x0000000100000000)
  region size 1024K, 2 young (2048K), 2 survivors (2048K)
 Metaspace       used 63133K, committed 64704K, reserved 1114112K
  class space    used 8456K, committed 9216K, reserved 1048576K
}
Event: 9.288 GC heap before
{Heap before GC invocations=25 (full 0):
 garbage-first heap   total 132096K, used 99811K [0x0000000080000000, 0x0000000100000000)
  region size 1024K, 25 young (25600K), 2 survivors (2048K)
 Metaspace       used 66476K, committed 68160K, reserved 1114112K
  class space    used 8963K, committed 9792K, reserved 1048576K
}
Event: 9.292 GC heap after
{Heap after GC invocations=26 (full 0):
 garbage-first heap   total 132096K, used 78426K [0x0000000080000000, 0x0000000100000000)
  region size 1024K, 3 young (3072K), 3 survivors (3072K)
 Metaspace       used 66476K, committed 68160K, reserved 1114112K
  class space    used 8963K, committed 9792K, reserved 1048576K
}
Event: 9.905 GC heap before
{Heap before GC invocations=26 (full 0):
 garbage-first heap   total 132096K, used 115290K [0x0000000080000000, 0x0000000100000000)
  region size 1024K, 40 young (40960K), 3 survivors (3072K)
 Metaspace       used 70424K, committed 72256K, reserved 1114112K
  class space    used 9613K, committed 10560K, reserved 1048576K
}
Event: 9.911 GC heap after
{Heap after GC invocations=27 (full 0):
 garbage-first heap   total 132096K, used 79890K [0x0000000080000000, 0x0000000100000000)
  region size 1024K, 5 young (5120K), 5 survivors (5120K)
 Metaspace       used 70424K, committed 72256K, reserved 1114112K
  class space    used 9613K, committed 10560K, reserved 1048576K
}
Event: 11.087 GC heap before
{Heap before GC invocations=27 (full 0):
 garbage-first heap   total 132096K, used 116754K [0x0000000080000000, 0x0000000100000000)
  region size 1024K, 42 young (43008K), 5 survivors (5120K)
 Metaspace       used 72913K, committed 74816K, reserved 1114112K
  class space    used 9926K, committed 10880K, reserved 1048576K
}
Event: 11.103 GC heap after
{Heap after GC invocations=28 (full 0):
 garbage-first heap   total 132096K, used 84500K [0x0000000080000000, 0x0000000100000000)
  region size 1024K, 6 young (6144K), 6 survivors (6144K)
 Metaspace       used 72913K, committed 74816K, reserved 1114112K
  class space    used 9926K, committed 10880K, reserved 1048576K
}
Event: 11.529 GC heap before
{Heap before GC invocations=29 (full 0):
 garbage-first heap   total 142336K, used 116244K [0x0000000080000000, 0x0000000100000000)
  region size 1024K, 38 young (38912K), 6 survivors (6144K)
 Metaspace       used 73204K, committed 75072K, reserved 1114112K
  class space    used 9926K, committed 10880K, reserved 1048576K
}
Event: 11.536 GC heap after
{Heap after GC invocations=30 (full 0):
 garbage-first heap   total 142336K, used 87864K [0x0000000080000000, 0x0000000100000000)
  region size 1024K, 4 young (4096K), 4 survivors (4096K)
 Metaspace       used 73204K, committed 75072K, reserved 1114112K
  class space    used 9926K, committed 10880K, reserved 1048576K
}
Event: 11.837 GC heap before
{Heap before GC invocations=30 (full 0):
 garbage-first heap   total 142336K, used 126776K [0x0000000080000000, 0x0000000100000000)
  region size 1024K, 43 young (44032K), 4 survivors (4096K)
 Metaspace       used 73286K, committed 75200K, reserved 1114112K
  class space    used 9926K, committed 10880K, reserved 1048576K
}
Event: 11.843 GC heap after
{Heap after GC invocations=31 (full 0):
 garbage-first heap   total 171008K, used 88053K [0x0000000080000000, 0x0000000100000000)
  region size 1024K, 4 young (4096K), 4 survivors (4096K)
 Metaspace       used 73286K, committed 75200K, reserved 1114112K
  class space    used 9926K, committed 10880K, reserved 1048576K
}
Event: 12.227 GC heap before
{Heap before GC invocations=31 (full 0):
 garbage-first heap   total 171008K, used 149493K [0x0000000080000000, 0x0000000100000000)
  region size 1024K, 63 young (64512K), 4 survivors (4096K)
 Metaspace       used 73492K, committed 75392K, reserved 1114112K
  class space    used 9947K, committed 10880K, reserved 1048576K
}
Event: 12.232 GC heap after
{Heap after GC invocations=32 (full 0):
 garbage-first heap   total 171008K, used 92738K [0x0000000080000000, 0x0000000100000000)
  region size 1024K, 7 young (7168K), 7 survivors (7168K)
 Metaspace       used 73492K, committed 75392K, reserved 1114112K
  class space    used 9947K, committed 10880K, reserved 1048576K
}
Event: 12.248 GC heap before
{Heap before GC invocations=32 (full 0):
 garbage-first heap   total 171008K, used 92738K [0x0000000080000000, 0x0000000100000000)
  region size 1024K, 8 young (8192K), 7 survivors (7168K)
 Metaspace       used 73495K, committed 75392K, reserved 1114112K
  class space    used 9948K, committed 10880K, reserved 1048576K
}
Event: 12.252 GC heap after
{Heap after GC invocations=33 (full 0):
 garbage-first heap   total 171008K, used 94083K [0x0000000080000000, 0x0000000100000000)
  region size 1024K, 2 young (2048K), 2 survivors (2048K)
 Metaspace       used 73495K, committed 75392K, reserved 1114112K
  class space    used 9948K, committed 10880K, reserved 1048576K
}

Dll operation events (3 events):
Event: 0.005 Loaded shared library C:\Program Files\Android\Android Studio\jbr\bin\java.dll
Event: 0.014 Loaded shared library C:\Program Files\Android\Android Studio\jbr\bin\zip.dll
Event: 0.507 Loaded shared library C:\Program Files\Android\Android Studio\jbr\bin\verify.dll

Deoptimization events (20 events):
Event: 12.301 Thread 0x000002431d725870 Uncommon trap: trap_request=0xffffffec fr.pc=0x000002430b4b9bcc relative=0x00000000000001cc
Event: 12.301 Thread 0x000002431d725870 Uncommon trap: reason=null_assert_or_unreached0 action=make_not_entrant pc=0x000002430b4b9bcc method=java.security.AccessController.doPrivileged(Ljava/security/PrivilegedExceptionAction;Ljava/security/AccessControlContext;)Ljava/lang/Object; @ 25 c2
Event: 12.301 Thread 0x000002431d725870 DEOPT PACKING pc=0x000002430b4b9bcc sp=0x000000c4dbdf54b0
Event: 12.301 Thread 0x000002431d725870 DEOPT UNPACKING pc=0x000002430af146a2 sp=0x000000c4dbdf53c8 mode 2
Event: 12.301 Thread 0x000002431d725870 Uncommon trap: trap_request=0x00000091 fr.pc=0x000002430b5ca21c relative=0x00000000000000dc
Event: 12.301 Thread 0x000002431d725870 Uncommon trap: reason=unloaded action=reinterpret pc=0x000002430b5ca21c method=java.security.AccessController.wrapException(Ljava/lang/Exception;)Ljava/security/PrivilegedActionException; @ 0 c2
Event: 12.301 Thread 0x000002431d725870 DEOPT PACKING pc=0x000002430b5ca21c sp=0x000000c4dbdf56a0
Event: 12.301 Thread 0x000002431d725870 DEOPT UNPACKING pc=0x000002430af146a2 sp=0x000000c4dbdf55c8 mode 2
Event: 12.301 Thread 0x000002431d725870 Uncommon trap: trap_request=0xffffffde fr.pc=0x000002430b76f2b4 relative=0x00000000000005d4
Event: 12.301 Thread 0x000002431d725870 Uncommon trap: reason=class_check action=maybe_recompile pc=0x000002430b76f2b4 method=java.lang.Throwable.<init>(Ljava/lang/String;Ljava/lang/Throwable;)V @ 24 c2
Event: 12.301 Thread 0x000002431d725870 DEOPT PACKING pc=0x000002430b76f2b4 sp=0x000000c4dbdf54c0
Event: 12.301 Thread 0x000002431d725870 DEOPT UNPACKING pc=0x000002430af146a2 sp=0x000000c4dbdf5488 mode 2
Event: 12.301 Thread 0x000002431d725870 Uncommon trap: trap_request=0xffffffde fr.pc=0x000002430b76f2b4 relative=0x00000000000005d4
Event: 12.301 Thread 0x000002431d725870 Uncommon trap: reason=class_check action=maybe_recompile pc=0x000002430b76f2b4 method=java.lang.Throwable.<init>(Ljava/lang/String;Ljava/lang/Throwable;)V @ 24 c2
Event: 12.301 Thread 0x000002431d725870 DEOPT PACKING pc=0x000002430b76f2b4 sp=0x000000c4dbdf51b0
Event: 12.301 Thread 0x000002431d725870 DEOPT UNPACKING pc=0x000002430af146a2 sp=0x000000c4dbdf5178 mode 2
Event: 12.301 Thread 0x000002431d725870 Uncommon trap: trap_request=0xffffffde fr.pc=0x000002430b76f2b4 relative=0x00000000000005d4
Event: 12.301 Thread 0x000002431d725870 Uncommon trap: reason=class_check action=maybe_recompile pc=0x000002430b76f2b4 method=java.lang.Throwable.<init>(Ljava/lang/String;Ljava/lang/Throwable;)V @ 24 c2
Event: 12.301 Thread 0x000002431d725870 DEOPT PACKING pc=0x000002430b76f2b4 sp=0x000000c4dbdf54c0
Event: 12.301 Thread 0x000002431d725870 DEOPT UNPACKING pc=0x000002430af146a2 sp=0x000000c4dbdf5488 mode 2

Classes loaded (20 events):
Event: 9.689 Loading class org/xml/sax/SAXParseException
Event: 9.690 Loading class org/xml/sax/SAXParseException done
Event: 9.690 Loading class org/xml/sax/Attributes
Event: 9.691 Loading class org/xml/sax/Attributes done
Event: 9.769 Loading class java/util/DualPivotQuicksort
Event: 9.770 Loading class java/util/DualPivotQuicksort done
Event: 9.865 Loading class java/util/function/LongUnaryOperator
Event: 9.865 Loading class java/util/function/LongUnaryOperator done
Event: 10.738 Loading class java/util/Collections$ReverseComparator
Event: 10.738 Loading class java/util/Collections$ReverseComparator done
Event: 10.738 Loading class java/util/Collections$ReverseComparator2
Event: 10.739 Loading class java/util/Collections$ReverseComparator2 done
Event: 10.823 Loading class java/util/LinkedList$LLSpliterator
Event: 10.823 Loading class java/util/LinkedList$LLSpliterator done
Event: 11.886 Loading class java/lang/foreign/MemorySegment
Event: 11.887 Loading class java/lang/foreign/MemorySegment done
Event: 12.355 Loading class java/util/concurrent/LinkedBlockingDeque$Itr
Event: 12.355 Loading class java/util/concurrent/LinkedBlockingDeque$AbstractItr
Event: 12.355 Loading class java/util/concurrent/LinkedBlockingDeque$AbstractItr done
Event: 12.355 Loading class java/util/concurrent/LinkedBlockingDeque$Itr done

Classes unloaded (0 events):
No events

Classes redefined (0 events):
No events

Internal exceptions (20 events):
Event: 9.946 Thread 0x000002431d725870 Exception <a 'java/lang/NoSuchMethodError'{0x0000000087efb900}: 'java.lang.Object java.lang.invoke.DelegatingMethodHandle$Holder.reinvoke_L(java.lang.Object, java.lang.Object, java.lang.Object, java.lang.Object, java.lang.Object, java.lang.Object, java.lang.Object, java.lang.Object, java.lang.Object, java.lang.Object, java.lang.Object, java.lang.Object, java.lang.Object, java.lang.Object, java.lang.Object, java.lang.Object, java.lang.Object)'> (0x0000000087efb900) 
thrown [s\src\hotspot\share\interpreter\l
Event: 10.040 Thread 0x000002431d725870 Exception <a 'java/lang/NoSuchMethodError'{0x0000000087938a38}: static Lorg/gradle/api/internal/catalog/DefaultVersionCatalog;.<clinit>()V> (0x0000000087938a38) 
thrown [s\src\hotspot\share\prims\jni.cpp, line 1135]
Event: 10.046 Thread 0x000002431d725870 Exception <a 'java/lang/NoSuchMethodError'{0x000000008798c760}: static [Ljava/lang/Object;.<clinit>()V> (0x000000008798c760) 
thrown [s\src\hotspot\share\prims\jni.cpp, line 1135]
Event: 10.047 Thread 0x000002431d725870 Exception <a 'java/lang/NoSuchMethodError'{0x00000000879b5710}: static Lorg/gradle/api/internal/catalog/DependencyModel;.<clinit>()V> (0x00000000879b5710) 
thrown [s\src\hotspot\share\prims\jni.cpp, line 1135]
Event: 10.048 Thread 0x000002431d725870 Exception <a 'java/lang/NoSuchMethodError'{0x00000000879b9788}: static Lorg/gradle/api/internal/catalog/AbstractContextAwareModel;.<clinit>()V> (0x00000000879b9788) 
thrown [s\src\hotspot\share\prims\jni.cpp, line 1135]
Event: 10.048 Thread 0x000002431d725870 Exception <a 'java/lang/NoSuchMethodError'{0x00000000879d3358}: static Lorg/gradle/api/internal/artifacts/dependencies/AbstractVersionConstraint;.<clinit>()V> (0x00000000879d3358) 
thrown [s\src\hotspot\share\prims\jni.cpp, line 1135]
Event: 10.052 Thread 0x000002431d725870 Exception <a 'java/lang/NoSuchMethodError'{0x0000000087826a68}: static Lorg/gradle/api/internal/catalog/PluginModel;.<clinit>()V> (0x0000000087826a68) 
thrown [s\src\hotspot\share\prims\jni.cpp, line 1135]
Event: 10.053 Thread 0x000002431d725870 Exception <a 'java/lang/NoSuchMethodError'{0x000000008783e1d8}: static Lorg/gradle/api/internal/catalog/VersionModel;.<clinit>()V> (0x000000008783e1d8) 
thrown [s\src\hotspot\share\prims\jni.cpp, line 1135]
Event: 10.130 Thread 0x000002431d725870 Exception <a 'java/lang/NoSuchMethodError'{0x00000000874111c0}: 'int java.lang.invoke.DirectMethodHandle$Holder.invokeSpecialIFC(java.lang.Object, java.lang.Object, java.lang.Object)'> (0x00000000874111c0) 
thrown [s\src\hotspot\share\interpreter\linkResolver.cpp, line 784]
Event: 10.183 Thread 0x000002431d725870 Exception <a 'java/lang/NoSuchMethodError'{0x00000000871b2140}: 'java.lang.Object java.lang.invoke.DirectMethodHandle$Holder.invokeSpecial(java.lang.Object, java.lang.Object, java.lang.Object, java.lang.Object, java.lang.Object, long)'> (0x00000000871b2140) 
thrown [s\src\hotspot\share\interpreter\linkResolver.cpp, line 784]
Event: 10.187 Thread 0x000002431d725870 Exception <a 'java/lang/NoSuchMethodError'{0x00000000871d3148}: 'void java.lang.invoke.DirectMethodHandle$Holder.invokeStatic(java.lang.Object, java.lang.Object, java.lang.Object, int, java.lang.Object)'> (0x00000000871d3148) 
thrown [s\src\hotspot\share\interpreter\linkResolver.cpp, line 784]
Event: 10.824 Thread 0x000002431d725870 Exception <a 'java/lang/IncompatibleClassChangeError'{0x00000000864aa788}: Found class java.lang.Object, but interface was expected> (0x00000000864aa788) 
thrown [s\src\hotspot\share\interpreter\linkResolver.cpp, line 851]
Event: 11.681 Thread 0x000002431fe7e550 Implicit null exception at 0x000002430b83ec69 to 0x000002430b83ed0c
Event: 12.029 Thread 0x000002431fe7e550 Implicit null exception at 0x000002430b86bd23 to 0x000002430b86c5c0
Event: 12.030 Thread 0x000002431d725870 Implicit null exception at 0x000002430b86bd23 to 0x000002430b86c5c0
Event: 12.031 Thread 0x000002431fe7cb10 Implicit null exception at 0x000002430b86bd23 to 0x000002430b86c5c0
Event: 12.043 Thread 0x000002431fe7e550 Implicit null exception at 0x000002430b86bd23 to 0x000002430b86c5c0
Event: 12.096 Thread 0x000002431fe7e550 Implicit null exception at 0x000002430b873715 to 0x000002430b87408c
Event: 12.187 Thread 0x000002431d725870 Implicit null exception at 0x000002430b7d1e5d to 0x000002430b7d2368
Event: 12.187 Thread 0x000002431d725870 Implicit null exception at 0x000002430b7d51df to 0x000002430b7d56d8

ZGC Phase Switch (0 events):
No events

VM Operations (20 events):
Event: 11.462 Executing VM operation: ICBufferFull
Event: 11.462 Executing VM operation: ICBufferFull done
Event: 11.529 Executing VM operation: G1CollectForAllocation (G1 Evacuation Pause)
Event: 11.536 Executing VM operation: G1CollectForAllocation (G1 Evacuation Pause) done
Event: 11.837 Executing VM operation: G1CollectForAllocation (G1 Evacuation Pause)
Event: 11.843 Executing VM operation: G1CollectForAllocation (G1 Evacuation Pause) done
Event: 12.177 Executing VM operation: ICBufferFull
Event: 12.177 Executing VM operation: ICBufferFull done
Event: 12.227 Executing VM operation: G1CollectForAllocation (G1 Evacuation Pause)
Event: 12.232 Executing VM operation: G1CollectForAllocation (G1 Evacuation Pause) done
Event: 12.248 Executing VM operation: G1TryInitiateConcMark (G1 Humongous Allocation)
Event: 12.253 Executing VM operation: G1TryInitiateConcMark (G1 Humongous Allocation) done
Event: 12.300 Executing VM operation: HandshakeAllThreads (Deoptimize)
Event: 12.300 Executing VM operation: HandshakeAllThreads (Deoptimize) done
Event: 12.314 Executing VM operation: G1PauseRemark
Event: 12.318 Executing VM operation: G1PauseRemark done
Event: 12.350 Executing VM operation: G1PauseCleanup
Event: 12.350 Executing VM operation: G1PauseCleanup done
Event: 12.363 Executing VM operation: HandshakeAllThreads (Deoptimize)
Event: 12.363 Executing VM operation: HandshakeAllThreads (Deoptimize) done

Memory protections (0 events):
No events

Nmethod flushes (20 events):
Event: 12.318 Thread 0x0000024317800520 flushing  nmethod 0x00000243041e1d90
Event: 12.318 Thread 0x0000024317800520 flushing  nmethod 0x00000243041e7090
Event: 12.318 Thread 0x0000024317800520 flushing  nmethod 0x00000243043cdb90
Event: 12.318 Thread 0x0000024317800520 flushing  nmethod 0x00000243043d5e10
Event: 12.318 Thread 0x0000024317800520 flushing  nmethod 0x00000243043d6b10
Event: 12.318 Thread 0x0000024317800520 flushing  nmethod 0x00000243043d6f90
Event: 12.318 Thread 0x0000024317800520 flushing  nmethod 0x00000243043d7a90
Event: 12.318 Thread 0x0000024317800520 flushing  nmethod 0x00000243043dc210
Event: 12.318 Thread 0x0000024317800520 flushing  nmethod 0x00000243044a8410
Event: 12.318 Thread 0x0000024317800520 flushing  nmethod 0x00000243044a8b10
Event: 12.318 Thread 0x0000024317800520 flushing  nmethod 0x00000243044a8f90
Event: 12.318 Thread 0x0000024317800520 flushing  nmethod 0x00000243044a9710
Event: 12.318 Thread 0x0000024317800520 flushing  nmethod 0x00000243044c6210
Event: 12.318 Thread 0x0000024317800520 flushing  nmethod 0x00000243044c6d10
Event: 12.318 Thread 0x0000024317800520 flushing  nmethod 0x00000243044c7210
Event: 12.318 Thread 0x0000024317800520 flushing  nmethod 0x00000243044c7f90
Event: 12.318 Thread 0x0000024317800520 flushing  nmethod 0x00000243044ca390
Event: 12.318 Thread 0x0000024317800520 flushing  nmethod 0x00000243044cb190
Event: 12.318 Thread 0x0000024317800520 flushing  nmethod 0x00000243044cb510
Event: 12.318 Thread 0x0000024317800520 flushing  nmethod 0x00000243044cba10

Events (20 events):
Event: 7.162 Thread 0x000002431d725870 Thread added: 0x000002431cf09890
Event: 7.163 Thread 0x000002431d725870 Thread added: 0x000002431cf09f20
Event: 7.204 Thread 0x000002431d725870 Thread added: 0x000002431cf0a5b0
Event: 7.205 Thread 0x000002431d725870 Thread added: 0x000002431cf0c680
Event: 7.556 Thread 0x000002431d725870 Thread added: 0x000002431cf0cd10
Event: 7.557 Thread 0x000002431d725870 Thread added: 0x000002431cf06aa0
Event: 7.558 Thread 0x000002431d725870 Thread added: 0x000002431cf05d80
Event: 7.588 Thread 0x000002431d725870 Thread added: 0x000002431cf0ac40
Event: 7.589 Thread 0x000002431d725870 Thread added: 0x000002431cf09200
Event: 7.589 Thread 0x000002431d725870 Thread added: 0x000002431cf084e0
Event: 9.597 Thread 0x000002431ea255d0 Thread exited: 0x000002431ea255d0
Event: 10.881 Thread 0x000002431d725870 Thread added: 0x000002431cf0b960
Event: 10.881 Thread 0x000002431d725870 Thread added: 0x000002431cf06410
Event: 10.882 Thread 0x000002431d725870 Thread added: 0x000002431cf0bff0
Event: 11.003 Thread 0x000002431d725870 Thread added: 0x000002431cf07130
Event: 11.005 Thread 0x000002431d725870 Thread added: 0x000002431cf07e50
Event: 11.007 Thread 0x000002431d725870 Thread added: 0x000002431fe80620
Event: 11.464 Thread 0x000002431d725870 Thread added: 0x000002431fe7e550
Event: 11.465 Thread 0x000002431d725870 Thread added: 0x000002431fe7ebe0
Event: 11.465 Thread 0x000002431d725870 Thread added: 0x000002431fe7cb10


Dynamic libraries:
0x00007ff7d0780000 - 0x00007ff7d078a000 	C:\Program Files\Android\Android Studio\jbr\bin\java.exe
0x00007ffbd03b0000 - 0x00007ffbd05a5000 	C:\Windows\SYSTEM32\ntdll.dll
0x00007ffbcf930000 - 0x00007ffbcf9ee000 	C:\Windows\System32\KERNEL32.DLL
0x00007ffbcdf20000 - 0x00007ffbce1e8000 	C:\Windows\System32\KERNELBASE.dll
0x00007ffbcdac0000 - 0x00007ffbcdbc0000 	C:\Windows\System32\ucrtbase.dll
0x00007ffbca900000 - 0x00007ffbca91b000 	C:\Program Files\Android\Android Studio\jbr\bin\VCRUNTIME140.dll
0x00007ffbcb120000 - 0x00007ffbcb138000 	C:\Program Files\Android\Android Studio\jbr\bin\jli.dll
0x00007ffbd01c0000 - 0x00007ffbd0361000 	C:\Windows\System32\USER32.dll
0x00007ffbce3c0000 - 0x00007ffbce3e2000 	C:\Windows\System32\win32u.dll
0x00007ffbbd570000 - 0x00007ffbbd80a000 	C:\Windows\WinSxS\amd64_microsoft.windows.common-controls_6595b64144ccf1df_6.0.19041.1110_none_60b5254171f9507e\COMCTL32.dll
0x00007ffbcf640000 - 0x00007ffbcf6de000 	C:\Windows\System32\msvcrt.dll
0x00007ffbd00e0000 - 0x00007ffbd010b000 	C:\Windows\System32\GDI32.dll
0x00007ffbcdcb0000 - 0x00007ffbcddbd000 	C:\Windows\System32\gdi32full.dll
0x00007ffbce220000 - 0x00007ffbce2bd000 	C:\Windows\System32\msvcp_win.dll
0x00007ffbcf0f0000 - 0x00007ffbcf120000 	C:\Windows\System32\IMM32.DLL
0x00007ffbcb150000 - 0x00007ffbcb15c000 	C:\Program Files\Android\Android Studio\jbr\bin\vcruntime140_1.dll
0x00007ffbc8360000 - 0x00007ffbc83ed000 	C:\Program Files\Android\Android Studio\jbr\bin\msvcp140.dll
0x00007ffb99610000 - 0x00007ffb9a29b000 	C:\Program Files\Android\Android Studio\jbr\bin\server\jvm.dll
0x00007ffbce560000 - 0x00007ffbce60e000 	C:\Windows\System32\ADVAPI32.dll
0x00007ffbcf190000 - 0x00007ffbcf22c000 	C:\Windows\System32\sechost.dll
0x00007ffbcfed0000 - 0x00007ffbcfff5000 	C:\Windows\System32\RPCRT4.dll
0x00007ffbcf120000 - 0x00007ffbcf18b000 	C:\Windows\System32\WS2_32.dll
0x00007ffbcd930000 - 0x00007ffbcd97b000 	C:\Windows\SYSTEM32\POWRPROF.dll
0x00007ffbc3d10000 - 0x00007ffbc3d37000 	C:\Windows\SYSTEM32\WINMM.dll
0x00007ffbc6d60000 - 0x00007ffbc6d6a000 	C:\Windows\SYSTEM32\VERSION.dll
0x00007ffbcd910000 - 0x00007ffbcd922000 	C:\Windows\SYSTEM32\UMPDC.dll
0x00007ffbcb9b0000 - 0x00007ffbcb9c2000 	C:\Windows\SYSTEM32\kernel.appcore.dll
0x00007ffbca8f0000 - 0x00007ffbca8fa000 	C:\Program Files\Android\Android Studio\jbr\bin\jimage.dll
0x00007ffbc1bf0000 - 0x00007ffbc1dd4000 	C:\Windows\SYSTEM32\DBGHELP.DLL
0x00007ffbb91f0000 - 0x00007ffbb921c000 	C:\Windows\SYSTEM32\dbgcore.DLL
0x00007ffbcdbc0000 - 0x00007ffbcdc42000 	C:\Windows\System32\bcryptPrimitives.dll
0x00007ffbcb110000 - 0x00007ffbcb11e000 	C:\Program Files\Android\Android Studio\jbr\bin\instrument.dll
0x00007ffbc9610000 - 0x00007ffbc9630000 	C:\Program Files\Android\Android Studio\jbr\bin\java.dll
0x00007ffbc95f0000 - 0x00007ffbc9608000 	C:\Program Files\Android\Android Studio\jbr\bin\zip.dll
0x00007ffbce8b0000 - 0x00007ffbceff4000 	C:\Windows\System32\SHELL32.dll
0x00007ffbcbbb0000 - 0x00007ffbcc345000 	C:\Windows\SYSTEM32\windows.storage.dll
0x00007ffbcf230000 - 0x00007ffbcf585000 	C:\Windows\System32\combase.dll
0x00007ffbcd440000 - 0x00007ffbcd46e000 	C:\Windows\SYSTEM32\Wldp.dll
0x00007ffbce4b0000 - 0x00007ffbce55d000 	C:\Windows\System32\SHCORE.dll
0x00007ffbce3f0000 - 0x00007ffbce445000 	C:\Windows\System32\shlwapi.dll
0x00007ffbcda00000 - 0x00007ffbcda1f000 	C:\Windows\SYSTEM32\profapi.dll
0x00007ffbc9780000 - 0x00007ffbc9790000 	C:\Program Files\Android\Android Studio\jbr\bin\net.dll
0x00007ffbc38f0000 - 0x00007ffbc39fc000 	C:\Windows\SYSTEM32\WINHTTP.dll
0x00007ffbcd1a0000 - 0x00007ffbcd20a000 	C:\Windows\system32\mswsock.dll
0x00007ffbc94a0000 - 0x00007ffbc94b6000 	C:\Program Files\Android\Android Studio\jbr\bin\nio.dll
0x00007ffbc8630000 - 0x00007ffbc8640000 	C:\Program Files\Android\Android Studio\jbr\bin\verify.dll
0x00007ffbc6270000 - 0x00007ffbc6297000 	C:\Users\Home\.gradle\native\c067742578af261105cb4f569cf0c3c89f3d7b1fecec35dd04571415982c5e48\windows-amd64\native-platform.dll
0x00007ffba2a80000 - 0x00007ffba2bc4000 	C:\Users\Home\.gradle\native\100fb08df4bc3b14c8652ba06237920a3bd2aa13389f12d3474272988ae205f9\windows-amd64\native-platform-file-events.dll
0x00007ffbc9490000 - 0x00007ffbc9499000 	C:\Program Files\Android\Android Studio\jbr\bin\management.dll
0x00007ffbc8a60000 - 0x00007ffbc8a6b000 	C:\Program Files\Android\Android Studio\jbr\bin\management_ext.dll
0x00007ffbcf000000 - 0x00007ffbcf008000 	C:\Windows\System32\PSAPI.DLL
0x00007ffbcd390000 - 0x00007ffbcd3a8000 	C:\Windows\SYSTEM32\CRYPTSP.dll
0x00007ffbccb20000 - 0x00007ffbccb54000 	C:\Windows\system32\rsaenh.dll
0x00007ffbce1f0000 - 0x00007ffbce217000 	C:\Windows\System32\bcrypt.dll
0x00007ffbcd9c0000 - 0x00007ffbcd9ee000 	C:\Windows\SYSTEM32\USERENV.dll
0x00007ffbcd3b0000 - 0x00007ffbcd3bc000 	C:\Windows\SYSTEM32\CRYPTBASE.dll
0x00007ffbcce90000 - 0x00007ffbccecb000 	C:\Windows\SYSTEM32\IPHLPAPI.DLL
0x00007ffbcf010000 - 0x00007ffbcf018000 	C:\Windows\System32\NSI.dll
0x00007ffbc9570000 - 0x00007ffbc9579000 	C:\Program Files\Android\Android Studio\jbr\bin\extnet.dll
0x00007ffbc95e0000 - 0x00007ffbc95e7000 	C:\Windows\system32\wshunix.dll

dbghelp: loaded successfully - version: 4.0.5 - missing functions: none
symbol engine: initialized successfully - sym options: 0x614 - pdb path: .;C:\Program Files\Android\Android Studio\jbr\bin;C:\Windows\SYSTEM32;C:\Windows\WinSxS\amd64_microsoft.windows.common-controls_6595b64144ccf1df_6.0.19041.1110_none_60b5254171f9507e;C:\Program Files\Android\Android Studio\jbr\bin\server;C:\Users\Home\.gradle\native\c067742578af261105cb4f569cf0c3c89f3d7b1fecec35dd04571415982c5e48\windows-amd64;C:\Users\Home\.gradle\native\100fb08df4bc3b14c8652ba06237920a3bd2aa13389f12d3474272988ae205f9\windows-amd64

VM Arguments:
jvm_args: --add-opens=java.base/java.lang=ALL-UNNAMED --add-opens=java.base/java.lang.invoke=ALL-UNNAMED --add-opens=java.base/java.util=ALL-UNNAMED --add-opens=java.prefs/java.util.prefs=ALL-UNNAMED --add-exports=jdk.compiler/com.sun.tools.javac.api=ALL-UNNAMED --add-exports=jdk.compiler/com.sun.tools.javac.util=ALL-UNNAMED --add-opens=java.base/java.util=ALL-UNNAMED --add-opens=java.prefs/java.util.prefs=ALL-UNNAMED --add-opens=java.base/java.nio.charset=ALL-UNNAMED --add-opens=java.base/java.net=ALL-UNNAMED --add-opens=java.base/java.util.concurrent.atomic=ALL-UNNAMED --add-opens=java.xml/javax.xml.namespace=ALL-UNNAMED -Xmx2048m -Dfile.encoding=UTF-8 -Duser.country=RU -Duser.language=ru -Duser.variant -javaagent:C:\Users\Home\.gradle\wrapper\dists\gradle-8.11.1-bin\bpt9gzteqjrbo1mjrsomdt32c\gradle-8.11.1\lib\agents\gradle-instrumentation-agent-8.11.1.jar 
java_command: org.gradle.launcher.daemon.bootstrap.GradleDaemon 8.11.1
java_class_path (initial): C:\Users\Home\.gradle\wrapper\dists\gradle-8.11.1-bin\bpt9gzteqjrbo1mjrsomdt32c\gradle-8.11.1\lib\gradle-daemon-main-8.11.1.jar
Launcher Type: SUN_STANDARD

[Global flags]
     intx CICompilerCount                          = 3                                         {product} {ergonomic}
     uint ConcGCThreads                            = 1                                         {product} {ergonomic}
     uint G1ConcRefinementThreads                  = 4                                         {product} {ergonomic}
   size_t G1HeapRegionSize                         = 1048576                                   {product} {ergonomic}
    uintx GCDrainStackTargetSize                   = 64                                        {product} {ergonomic}
   size_t InitialHeapSize                          = 123731968                                 {product} {ergonomic}
   size_t MarkStackSize                            = 4194304                                   {product} {ergonomic}
   size_t MaxHeapSize                              = 2147483648                                {product} {command line}
   size_t MaxNewSize                               = 1287651328                                {product} {ergonomic}
   size_t MinHeapDeltaBytes                        = 1048576                                   {product} {ergonomic}
   size_t MinHeapSize                              = 8388608                                   {product} {ergonomic}
    uintx NonNMethodCodeHeapSize                   = 5832780                                {pd product} {ergonomic}
    uintx NonProfiledCodeHeapSize                  = 122912730                              {pd product} {ergonomic}
    uintx ProfiledCodeHeapSize                     = 122912730                              {pd product} {ergonomic}
    uintx ReservedCodeCacheSize                    = 251658240                              {pd product} {ergonomic}
     bool SegmentedCodeCache                       = true                                      {product} {ergonomic}
   size_t SoftMaxHeapSize                          = 2147483648                             {manageable} {ergonomic}
     bool UseCompressedOops                        = true                           {product lp64_product} {ergonomic}
     bool UseG1GC                                  = true                                      {product} {ergonomic}
     bool UseLargePagesIndividualAllocation        = false                                  {pd product} {ergonomic}

Logging:
Log output configuration:
 #0: stdout all=warning uptime,level,tags foldmultilines=false
 #1: stderr all=off uptime,level,tags foldmultilines=false

Environment Variables:
PATH=C:\Windows\system32;C:\Windows;C:\Windows\System32\Wbem;C:\Windows\System32\WindowsPowerShell\v1.0\;C:\Windows\System32\OpenSSH\;C:\Program Files (x86)\Windows Kits\10\Windows Performance Toolkit\;C:\Program Files\Git\cmd;C:\Program Files\dotnet\;C:\Users\Home\AppData\Local\Programs\Python\Python311\Scripts\;C:\Users\Home\AppData\Local\Programs\Python\Python311\;C:\Users\Home\AppData\Local\Microsoft\WindowsApps;D:\\Microsoft VS Code\bin;C:\Users\Home\.dotnet\tools
USERNAME=Olesya
OS=Windows_NT
PROCESSOR_IDENTIFIER=AMD64 Family 23 Model 96 Stepping 1, AuthenticAMD
TMP=C:\Users\Home\AppData\Local\Temp
TEMP=C:\Users\Home\AppData\Local\Temp




Periodic native trim disabled

JNI global refs:
JNI global refs: 27, weak refs: 0

JNI global refs memory usage: 835, weak refs: 833

Process memory usage:
Resident Set Size: 383460K (4% of 7730748K total physical memory with 281412K free physical memory)

OOME stack traces (most recent first):
Classloader memory used:
Loader org.gradle.internal.classloader.VisitableURLClassLoader                         : 36454K
Loader bootstrap                                                                       : 23306K
Loader org.gradle.initialization.MixInLegacyTypesClassLoader                           : 10922K
Loader org.gradle.internal.classloader.VisitableURLClassLoader                         : 979K
Loader org.gradle.internal.classloader.VisitableURLClassLoader$InstrumentingVisitableURLClassLoader: 902K
Loader jdk.internal.loader.ClassLoaders$PlatformClassLoader                            : 531K
Loader jdk.internal.reflect.DelegatingClassLoader                                      : 251K
Loader jdk.internal.loader.ClassLoaders$AppClassLoader                                 : 234K
Loader org.gradle.groovy.scripts.internal.DefaultScriptCompilationHandler$ScriptClassLoader: 89056B
Loader org.codehaus.groovy.runtime.callsite.CallSiteClassLoader                        : 49592B

Classes loaded by more than one classloader:
Class Program                                                                         : loaded 4 times (x 70B)
Class org.gradle.api.GradleException                                                  : loaded 3 times (x 78B)
Class com.google.common.base.CharMatcher$IsEither                                     : loaded 2 times (x 107B)
Class org.gradle.internal.classloader.ClassLoaderHierarchy                            : loaded 2 times (x 66B)
Class org.gradle.api.internal.classpath.ManifestUtil                                  : loaded 2 times (x 67B)
Class org.jetbrains.plugins.gradle.model.GradleExtensions                             : loaded 2 times (x 66B)
Class org.jetbrains.plugins.gradle.model.AnnotationProcessingModel                    : loaded 2 times (x 66B)
Class org.gradle.internal.operations.MultipleBuildOperationFailures                   : loaded 2 times (x 91B)
Class org.jetbrains.kotlin.idea.gradleTooling.model.noarg.NoArgModel                  : loaded 2 times (x 66B)
Class org.gradle.internal.classloader.DefaultClassLoaderFactory                       : loaded 2 times (x 78B)
Class com.google.common.base.CharMatcher$None                                         : loaded 2 times (x 108B)
Class kotlin.collections.AbstractList$Companion                                       : loaded 2 times (x 67B)
Class org.gradle.internal.classloader.ClassLoaderVisitor                              : loaded 2 times (x 72B)
Class org.gradle.api.internal.classpath.EffectiveClassPath                            : loaded 2 times (x 86B)
Class org.gradle.tooling.internal.gradle.DefaultProjectIdentifier                     : loaded 2 times (x 82B)
Class com.google.common.base.Splitter                                                 : loaded 2 times (x 68B)
Class org.jetbrains.kotlin.idea.gradleTooling.model.allopen.AllOpenModel              : loaded 2 times (x 66B)
Class org.gradle.api.internal.DefaultClassPathProvider                                : loaded 2 times (x 72B)
Class [Lorg.gradle.api.internal.ClassPathProvider;                                    : loaded 2 times (x 65B)
Class org.gradle.api.internal.ClassPathProvider                                       : loaded 2 times (x 66B)
Class org.gradle.internal.service.UnknownServiceException                             : loaded 2 times (x 79B)
Class org.jetbrains.kotlin.idea.gradleTooling.KotlinDslScriptAdditionalTask           : loaded 2 times (x 66B)
Class org.gradle.internal.classpath.TransformedClassPath                              : loaded 2 times (x 92B)
Class org.gradle.internal.classloader.InstrumentingClassLoader                        : loaded 2 times (x 66B)
Class kotlin.enums.EnumEntriesList                                                    : loaded 2 times (x 219B)
Class org.gradle.internal.classloader.FilteringClassLoader                            : loaded 2 times (x 101B)
Class org.jetbrains.kotlin.idea.gradleTooling.KotlinSourceSetContainer                : loaded 2 times (x 66B)
Class org.gradle.internal.service.ServiceLocator                                      : loaded 2 times (x 66B)
Class org.jetbrains.kotlin.android.synthetic.idea.AndroidExtensionsGradleModel        : loaded 2 times (x 66B)
Class org.gradle.tooling.model.UnsupportedMethodException                             : loaded 2 times (x 78B)
Class com.google.common.base.CharMatcher$RangesMatcher                                : loaded 2 times (x 108B)
Class org.gradle.kotlin.dsl.VersionCatalogAccessorsKt                                 : loaded 2 times (x 67B)
Class com.google.common.base.CharMatcher$JavaLetterOrDigit                            : loaded 2 times (x 107B)
Class org.gradle.internal.InternalTransformer                                         : loaded 2 times (x 66B)
Class com.google.common.base.CharMatcher$And                                          : loaded 2 times (x 108B)
Class org.gradle.internal.time.DefaultTimer                                           : loaded 2 times (x 76B)
Class org.gradle.internal.classloader.ClasspathUtil$1                                 : loaded 2 times (x 72B)
Class org.gradle.api.internal.classpath.DefaultModuleRegistry$DefaultModule           : loaded 2 times (x 82B)
Class org.jetbrains.kotlin.idea.gradleTooling.model.lombok.LombokModel                : loaded 2 times (x 66B)
Class ijInit1_f6cslqsc9lgc68v3gh52bitd                                                : loaded 2 times (x 175B)
Class org.gradle.internal.time.DefaultCountdownTimer                                  : loaded 2 times (x 84B)
Class org.gradle.tooling.internal.gradle.DefaultBuildIdentifier                       : loaded 2 times (x 75B)
Class kotlin.Function                                                                 : loaded 2 times (x 66B)
Class org.gradle.api.internal.classpath.Module                                        : loaded 2 times (x 66B)
Class org.gradle.api.internal.classpath.UnknownModuleException                        : loaded 2 times (x 78B)
Class com.intellij.openapi.externalSystem.model.project.dependencies.ProjectDependencies: loaded 2 times (x 66B)
Class org.gradle.tooling.internal.gradle.GradleProjectIdentity                        : loaded 2 times (x 66B)
Class org.gradle.api.internal.DefaultClassPathRegistry                                : loaded 2 times (x 72B)
Class org.gradle.api.internal.ClassPathRegistry                                       : loaded 2 times (x 66B)
Class org.gradle.internal.classpath.DefaultClassPath$ImmutableUniqueList              : loaded 2 times (x 195B)
Class org.jetbrains.plugins.gradle.model.IntelliJSettings                             : loaded 2 times (x 66B)
Class Settings_gradle$1                                                               : loaded 2 times (x 70B)
Class org.gradle.internal.classpath.ClassPath                                         : loaded 2 times (x 66B)
Class org.gradle.api.UncheckedIOException                                             : loaded 2 times (x 78B)
Class com.google.common.base.JdkPattern                                               : loaded 2 times (x 71B)
Class org.jetbrains.kotlin.idea.gradleTooling.KotlinGradleModel                       : loaded 2 times (x 66B)
Class org.gradle.tooling.model.Model                                                  : loaded 2 times (x 66B)
Class kotlin.UninitializedPropertyAccessException                                     : loaded 2 times (x 78B)
Class org.jetbrains.plugins.gradle.model.IntelliJProjectSettings                      : loaded 2 times (x 66B)
Class org.jetbrains.kotlin.idea.gradleTooling.model.annotation.AnnotationBasedPluginModel: loaded 2 times (x 66B)
Class org.gradle.internal.installation.GradleInstallation$1                           : loaded 2 times (x 71B)
Class org.gradle.api.internal.classpath.ModuleRegistry                                : loaded 2 times (x 66B)
Class org.jetbrains.plugins.gradle.model.VersionCatalogsModel                         : loaded 2 times (x 66B)
Class com.google.common.base.CharMatcher$ForPredicate                                 : loaded 2 times (x 108B)
Class com.google.common.base.CharMatcher$AnyOf                                        : loaded 2 times (x 108B)
Class org.gradle.api.internal.classpath.DefaultModuleRegistry                         : loaded 2 times (x 82B)
Class com.google.common.base.CharMatcher$Any                                          : loaded 2 times (x 108B)
Class org.gradle.internal.time.MonotonicClock                                         : loaded 2 times (x 73B)
Class org.gradle.internal.service.ServiceLookupException                              : loaded 2 times (x 78B)
Class com.google.common.base.CharMatcher$JavaLetter                                   : loaded 2 times (x 107B)
Class org.gradle.internal.classloader.ClassLoaderFactory                              : loaded 2 times (x 66B)
Class com.google.common.base.CommonPattern                                            : loaded 2 times (x 70B)
Class org.gradle.internal.service.CachingServiceLocator                               : loaded 2 times (x 78B)
Class org.jetbrains.plugins.gradle.model.RepositoryModels                             : loaded 2 times (x 66B)
Class com.google.common.base.CharMatcher$JavaDigit                                    : loaded 2 times (x 107B)
Class org.gradle.internal.time.TimeSource                                             : loaded 2 times (x 66B)
Class org.gradle.tooling.internal.gradle.GradleBuildIdentity                          : loaded 2 times (x 66B)
Class kotlin.enums.EnumEntries                                                        : loaded 2 times (x 66B)
Class org.gradle.internal.exceptions.ResolutionProvider                               : loaded 2 times (x 66B)
Class org.gradle.tooling.model.ProjectIdentifier                                      : loaded 2 times (x 66B)
Class org.gradle.internal.classloader.ClasspathUtil                                   : loaded 2 times (x 67B)
Class com.google.common.base.CharMatcher$JavaUpperCase                                : loaded 2 times (x 107B)
Class org.gradle.internal.time.TimeSource$1                                           : loaded 2 times (x 73B)
Class kotlin.jvm.internal.DefaultConstructorMarker                                    : loaded 2 times (x 67B)
Class org.gradle.api.specs.Spec                                                       : loaded 2 times (x 66B)
Class Build_gradle$1                                                                  : loaded 2 times (x 74B)
Class org.gradle.internal.time.Clock                                                  : loaded 2 times (x 66B)
Class kotlin.collections.AbstractList                                                 : loaded 2 times (x 193B)
Class kotlin.collections.AbstractCollection                                           : loaded 2 times (x 113B)
Class org.gradle.internal.classloader.VisitableURLClassLoader$InstrumentingVisitableURLClassLoader: loaded 2 times (x 119B)
Class org.gradle.internal.classloader.VisitableURLClassLoader$Spec                    : loaded 2 times (x 70B)
Class org.gradle.internal.classpath.DefaultClassPath                                  : loaded 2 times (x 86B)
Class com.google.common.base.CharMatcher$BitSetMatcher                                : loaded 2 times (x 108B)
Class com.google.common.base.CharMatcher$Ascii                                        : loaded 2 times (x 108B)
Class org.gradle.internal.classloader.ClassLoaderSpec                                 : loaded 2 times (x 67B)
Class com.google.common.base.CharMatcher$Or                                           : loaded 2 times (x 108B)
Class Settings_gradle$1$1                                                             : loaded 2 times (x 70B)
Class kotlin.Unit                                                                     : loaded 2 times (x 67B)
Class org.gradle.internal.classloader.VisitableURLClassLoader                         : loaded 2 times (x 113B)
Class Settings_gradle                                                                 : loaded 2 times (x 124B)
Class org.gradle.internal.Cast                                                        : loaded 2 times (x 67B)
Class org.gradle.api.Action                                                           : loaded 2 times (x 66B)
Class com.google.common.base.CharMatcher$FastMatcher                                  : loaded 2 times (x 107B)
Class kotlin.jvm.functions.Function1                                                  : loaded 2 times (x 66B)
Class com.google.common.base.Predicate                                                : loaded 2 times (x 66B)
Class org.gradle.internal.classpath.DefaultClassPath$ImmutableUniqueList$Builder      : loaded 2 times (x 71B)
Class com.google.common.base.CharMatcher$NegatedFastMatcher                           : loaded 2 times (x 109B)
Class com.google.common.base.CharMatcher$Digit                                        : loaded 2 times (x 108B)
Class org.jetbrains.kotlin.idea.gradleTooling.model.samWithReceiver.SamWithReceiverModel: loaded 2 times (x 66B)
Class kotlin.NotImplementedError                                                      : loaded 2 times (x 78B)
Class org.gradle.internal.exceptions.NonGradleCauseExceptionsHolder                   : loaded 2 times (x 66B)
Class com.google.common.base.CharMatcher$JavaIsoControl                               : loaded 2 times (x 108B)
Class com.google.common.base.CharMatcher$JavaLowerCase                                : loaded 2 times (x 107B)
Class org.jetbrains.plugins.gradle.tooling.ModelBuilderService$Parameter              : loaded 2 times (x 66B)
Class org.jetbrains.kotlin.idea.gradleTooling.model.assignment.AssignmentModel        : loaded 2 times (x 66B)
Class kotlin.enums.EnumEntriesKt                                                      : loaded 2 times (x 67B)
Class org.gradle.internal.IoActions                                                   : loaded 2 times (x 67B)
Class com.google.common.base.CharMatcher$SingleWidth                                  : loaded 2 times (x 108B)
Class org.gradle.internal.classloader.SystemClassLoaderSpec                           : loaded 2 times (x 67B)
Class org.gradle.internal.exceptions.MultiCauseException                              : loaded 2 times (x 66B)
Class org.gradle.internal.time.CountdownTimer                                         : loaded 2 times (x 66B)
Class kotlin.jvm.internal.Intrinsics                                                  : loaded 2 times (x 67B)
Class org.jetbrains.kotlin.idea.gradleTooling.model.parcelize.ParcelizeGradleModel    : loaded 2 times (x 66B)
Class org.gradle.tooling.model.ProjectModel                                           : loaded 2 times (x 66B)
Class kotlin.KotlinNullPointerException                                               : loaded 2 times (x 79B)
Class com.google.common.base.CharMatcher$Negated                                      : loaded 2 times (x 109B)
Class com.google.common.base.CharMatcher$Is                                           : loaded 2 times (x 107B)
Class org.jetbrains.plugins.gradle.model.tests.ExternalTestsModel                     : loaded 2 times (x 66B)
Class org.gradle.internal.exceptions.DefaultMultiCauseException                       : loaded 2 times (x 91B)
Class com.google.common.base.CharMatcher                                              : loaded 2 times (x 107B)
Class org.gradle.internal.time.Time                                                   : loaded 2 times (x 67B)
Class com.google.common.base.CharMatcher$1                                            : loaded 2 times (x 109B)
Class com.google.common.base.CharMatcher$NamedFastMatcher                             : loaded 2 times (x 108B)
Class org.jetbrains.plugins.gradle.model.DependencyAccessorsModel                     : loaded 2 times (x 66B)
Class org.gradle.api.internal.classpath.GlobalCacheRootsProvider                      : loaded 2 times (x 66B)
Class org.jetbrains.kotlin.idea.gradleTooling.KotlinMPPGradleModel                    : loaded 2 times (x 66B)
Class org.gradle.tooling.model.BuildIdentifier                                        : loaded 2 times (x 66B)
Class com.google.common.base.CharMatcher$InRange                                      : loaded 2 times (x 107B)
Class org.jetbrains.kotlin.idea.gradleTooling.PrepareKotlinIdeImportTaskModel         : loaded 2 times (x 66B)
Class Build_gradle                                                                    : loaded 2 times (x 68B)
Class org.gradle.internal.time.Timer                                                  : loaded 2 times (x 66B)
Class kotlin.jvm.internal.markers.KMappedMarker                                       : loaded 2 times (x 66B)
Class org.gradle.internal.installation.CurrentGradleInstallationLocator               : loaded 2 times (x 67B)
Class org.gradle.internal.service.DefaultServiceLocator                               : loaded 2 times (x 79B)
Class sync_studio_tooling9_d360xihawoineeusc68tszrdo                                  : loaded 2 times (x 175B)
Class org.gradle.util.GradleVersion                                                   : loaded 2 times (x 79B)
Class org.gradle.internal.installation.CurrentGradleInstallation                      : loaded 2 times (x 69B)
Class org.jetbrains.plugins.gradle.javaModel.JavaGradleManifestModel                  : loaded 2 times (x 66B)
Class org.gradle.util.internal.GUtil                                                  : loaded 2 times (x 67B)
Class org.gradle.internal.installation.GradleInstallation                             : loaded 2 times (x 71B)
Class com.google.common.base.Splitter$Strategy                                        : loaded 2 times (x 66B)

---------------  S Y S T E M  ---------------

OS:
 Windows 10 , 64 bit Build 19041 (10.0.19041.1466)
OS uptime: 0 days 0:41 hours

CPU: total 4 (initial active 4) (4 cores per cpu, 1 threads per core) family 23 model 96 stepping 1 microcode 0x0, cx8, cmov, fxsr, mmx, 3dnowpref, sse, sse2, sse3, ssse3, sse4a, sse4.1, sse4.2, popcnt, lzcnt, tsc, tscinvbit, avx, avx2, aes, clmul, bmi1, bmi2, adx, sha, fma, vzeroupper, clflush, clflushopt, rdtscp, rdpid, f16c
Processor Information for the first 4 processors :
  Max Mhz: 2700, Current Mhz: 2700, Mhz Limit: 2700

Memory: 4k page, system-wide physical 7549M (275M free)
TotalPageFile size 9597M (AvailPageFile size 1M)
current process WorkingSet (physical memory assigned to process): 374M, peak: 374M
current process commit charge ("private bytes"): 403M, peak: 404M

vm_info: OpenJDK 64-Bit Server VM (21.0.6+-13355223-b631.42) for windows-amd64 JRE (21.0.6+-13355223-b631.42), built on 2025-04-14T18:21:23Z by "builder" with MS VC++ 16.10 / 16.11 (VS2019)

END.
