#
# There is insufficient memory for the Java Runtime Environment to continue.
# Native memory allocation (mmap) failed to map 123731968 bytes. Error detail: G1 virtual space
# Possible reasons:
#   The system is out of physical RAM or swap space
#   This process is running with CompressedOops enabled, and the Java Heap may be blocking the growth of the native heap
# Possible solutions:
#   Reduce memory load on the system
#   Increase physical memory or swap space
#   Check if swap backing store is full
#   Decrease Java heap size (-Xmx/-Xms)
#   Decrease number of Java threads
#   Decrease Java thread stack sizes (-Xss)
#   Set larger code cache with -XX:ReservedCodeCacheSize=
#   JVM is running with Unscaled Compressed Oops mode in which the Java heap is
#     placed in the first 4GB address space. The Java Heap base address is the
#     maximum limit for the native heap growth. Please use -XX:HeapBaseMinAddress
#     to set the Java Heap base and to place the Java Heap above 4GB virtual address.
# This output file may be truncated or incomplete.
#
#  Out of Memory Error (os_windows.cpp:3898), pid=2700, tid=5316
#
# JRE version:  (21.0.6) (build )
# Java VM: OpenJDK 64-Bit Server VM (21.0.6+-13355223-b631.42, mixed mode, sharing, tiered, compressed oops, compressed class ptrs, g1 gc, windows-amd64)
# No core dump will be written. Minidumps are not enabled by default on client versions of Windows
#

---------------  S U M M A R Y ------------

Command Line: org.jetbrains.kotlin.cli.jvm.K2JVMCompiler @D:\Android-7-Module-HITs\app\build\20250511_4544424117263706304.compiler.options

Host: AMD Ryzen 3 4300U with Radeon Graphics         , 4 cores, 7G,  Windows 10 , 64 bit Build 19041 (10.0.19041.1466)
Time: Sun May 11 17:09:28 2025  Windows 10 , 64 bit Build 19041 (10.0.19041.1466) elapsed time: 0.010675 seconds (0d 0h 0m 0s)

---------------  T H R E A D  ---------------

Current thread (0x000002ee45c92720):  JavaThread "Unknown thread" [_thread_in_vm, id=5316, stack(0x000000f00c900000,0x000000f00ca00000) (1024K)]

Stack: [0x000000f00c900000,0x000000f00ca00000]
Native frames: (J=compiled Java code, j=interpreted, Vv=VM code, C=native code)
V  [jvm.dll+0x6d05a9]
V  [jvm.dll+0x85ea73]
V  [jvm.dll+0x860fce]
V  [jvm.dll+0x8616b3]
V  [jvm.dll+0x27e6e6]
V  [jvm.dll+0x6ccf45]
V  [jvm.dll+0x6c09fa]
V  [jvm.dll+0x35535b]
V  [jvm.dll+0x35cfb6]
V  [jvm.dll+0x3aef46]
V  [jvm.dll+0x3af218]
V  [jvm.dll+0x327a2c]
V  [jvm.dll+0x32871b]
V  [jvm.dll+0x8264b9]
V  [jvm.dll+0x3bc118]
V  [jvm.dll+0x80f768]
V  [jvm.dll+0x4502ce]
V  [jvm.dll+0x451a31]
C  [jli.dll+0x52ab]
C  [ucrtbase.dll+0x21bb2]
C  [KERNEL32.DLL+0x17034]
C  [ntdll.dll+0x52651]


---------------  P R O C E S S  ---------------

Threads class SMR info:
_java_thread_list=0x00007ffb70b31848, length=0, elements={
}

Java Threads: ( => current thread )
Total: 0

Other Threads:
  0x000002ee45ce5cd0 WorkerThread "GC Thread#0"                     [id=12376, stack(0x000000f00cb00000,0x000000f00cc00000) (1024K)]
  0x000002ee45cf60c0 ConcurrentGCThread "G1 Main Marker"            [id=4964, stack(0x000000f00cc00000,0x000000f00cd00000) (1024K)]
  0x000002ee45cf6d30 WorkerThread "G1 Conc#0"                       [id=7616, stack(0x000000f00cd00000,0x000000f00ce00000) (1024K)]

[error occurred during error reporting (printing all threads), id 0xc0000005, EXCEPTION_ACCESS_VIOLATION (0xc0000005) at pc=0x00007ffb7032aa67]
VM state: not at safepoint (not fully initialized)

VM Mutex/Monitor currently owned by a thread:  ([mutex/lock_event])
[0x00007ffb70b9e4a0] Heap_lock - owner thread: 0x000002ee45c92720

Heap address: 0x000000008a000000, size: 1888 MB, Compressed Oops mode: 32-bit

CDS archive(s) mapped at: [0x0000000000000000-0x0000000000000000-0x0000000000000000), size 0, SharedBaseAddress: 0x0000000800000000, ArchiveRelocationMode: 1.
Narrow klass base: 0x0000000000000000, Narrow klass shift: 0, Narrow klass range: 0x0

GC Precious Log:
 CardTable entry size: 512
 Card Set container configuration: InlinePtr #cards 5 size 8 Array Of Cards #cards 12 size 40 Howl #buckets 4 coarsen threshold 1843 Howl Bitmap #cards 512 size 80 coarsen threshold 460 Card regions per heap region 1 cards per card region 2048

Heap:
 garbage-first heap   total 0K, used 0K [0x000000008a000000, 0x0000000100000000)
  region size 1024K, 0 young (0K), 0 survivors (0K)
 Metaspace       used 0K, committed 0K, reserved 0K
  class space    used 0K, committed 0K, reserved 0K

Heap Regions: E=young(eden), S=young(survivor), O=old, HS=humongous(starts), HC=humongous(continues), CS=collection set, F=free, TAMS=top-at-mark-start, PB=parsable bottom

Card table byte_map: [0x000002ee581b0000,0x000002ee58560000] _byte_map_base: 0x000002ee57d60000

Marking Bits: (CMBitMap*) 0x000002ee45ce63d0
 Bits: [0x000002ee58560000, 0x000002ee5a2e0000)

GC Heap History (0 events):
No events

Dll operation events (1 events):
Event: 0.006 Loaded shared library C:\Program Files\Android\Android Studio\jbr\bin\java.dll

Deoptimization events (0 events):
No events

Classes loaded (0 events):
No events

Classes unloaded (0 events):
No events

Classes redefined (0 events):
No events

Internal exceptions (0 events):
No events

ZGC Phase Switch (0 events):
No events

VM Operations (0 events):
No events

Memory protections (0 events):
No events

Nmethod flushes (0 events):
No events

Events (0 events):
No events


Dynamic libraries:
0x00007ff703a90000 - 0x00007ff703a9a000 	C:\Program Files\Android\Android Studio\jbr\bin\java.exe
0x00007ffbd03b0000 - 0x00007ffbd05a5000 	C:\Windows\SYSTEM32\ntdll.dll
0x00007ffbcf930000 - 0x00007ffbcf9ee000 	C:\Windows\System32\KERNEL32.DLL
0x00007ffbcdf20000 - 0x00007ffbce1e8000 	C:\Windows\System32\KERNELBASE.dll
0x00007ffbcdac0000 - 0x00007ffbcdbc0000 	C:\Windows\System32\ucrtbase.dll
0x00007ffbc70c0000 - 0x00007ffbc70d8000 	C:\Program Files\Android\Android Studio\jbr\bin\jli.dll
0x00007ffbd01c0000 - 0x00007ffbd0361000 	C:\Windows\System32\USER32.dll
0x00007ffbce3c0000 - 0x00007ffbce3e2000 	C:\Windows\System32\win32u.dll
0x00007ffbd00e0000 - 0x00007ffbd010b000 	C:\Windows\System32\GDI32.dll
0x00007ffbcdcb0000 - 0x00007ffbcddbd000 	C:\Windows\System32\gdi32full.dll
0x00007ffbce220000 - 0x00007ffbce2bd000 	C:\Windows\System32\msvcp_win.dll
0x00007ffbc7480000 - 0x00007ffbc749b000 	C:\Program Files\Android\Android Studio\jbr\bin\VCRUNTIME140.dll
0x00007ffbbd570000 - 0x00007ffbbd80a000 	C:\Windows\WinSxS\amd64_microsoft.windows.common-controls_6595b64144ccf1df_6.0.19041.1110_none_60b5254171f9507e\COMCTL32.dll
0x00007ffbcf640000 - 0x00007ffbcf6de000 	C:\Windows\System32\msvcrt.dll
0x00007ffbcf0f0000 - 0x00007ffbcf120000 	C:\Windows\System32\IMM32.DLL
0x00007ffbc9520000 - 0x00007ffbc952c000 	C:\Program Files\Android\Android Studio\jbr\bin\vcruntime140_1.dll
0x00007ffbc3520000 - 0x00007ffbc35ad000 	C:\Program Files\Android\Android Studio\jbr\bin\msvcp140.dll
0x00007ffb6fff0000 - 0x00007ffb70c7b000 	C:\Program Files\Android\Android Studio\jbr\bin\server\jvm.dll
0x00007ffbce560000 - 0x00007ffbce60e000 	C:\Windows\System32\ADVAPI32.dll
0x00007ffbcf190000 - 0x00007ffbcf22c000 	C:\Windows\System32\sechost.dll
0x00007ffbcfed0000 - 0x00007ffbcfff5000 	C:\Windows\System32\RPCRT4.dll
0x00007ffbcf120000 - 0x00007ffbcf18b000 	C:\Windows\System32\WS2_32.dll
0x00007ffbcd930000 - 0x00007ffbcd97b000 	C:\Windows\SYSTEM32\POWRPROF.dll
0x00007ffbc3d10000 - 0x00007ffbc3d37000 	C:\Windows\SYSTEM32\WINMM.dll
0x00007ffbc6d60000 - 0x00007ffbc6d6a000 	C:\Windows\SYSTEM32\VERSION.dll
0x00007ffbcd910000 - 0x00007ffbcd922000 	C:\Windows\SYSTEM32\UMPDC.dll
0x00007ffbcb9b0000 - 0x00007ffbcb9c2000 	C:\Windows\SYSTEM32\kernel.appcore.dll
0x00007ffbc9490000 - 0x00007ffbc949a000 	C:\Program Files\Android\Android Studio\jbr\bin\jimage.dll
0x00007ffbc1bf0000 - 0x00007ffbc1dd4000 	C:\Windows\SYSTEM32\DBGHELP.DLL
0x00007ffbb91f0000 - 0x00007ffbb921c000 	C:\Windows\SYSTEM32\dbgcore.DLL
0x00007ffbcdbc0000 - 0x00007ffbcdc42000 	C:\Windows\System32\bcryptPrimitives.dll
0x00007ffbc7460000 - 0x00007ffbc7480000 	C:\Program Files\Android\Android Studio\jbr\bin\java.dll

dbghelp: loaded successfully - version: 4.0.5 - missing functions: none
symbol engine: initialized successfully - sym options: 0x614 - pdb path: .;C:\Program Files\Android\Android Studio\jbr\bin;C:\Windows\SYSTEM32;C:\Windows\WinSxS\amd64_microsoft.windows.common-controls_6595b64144ccf1df_6.0.19041.1110_none_60b5254171f9507e;C:\Program Files\Android\Android Studio\jbr\bin\server

VM Arguments:
java_command: org.jetbrains.kotlin.cli.jvm.K2JVMCompiler @D:\Android-7-Module-HITs\app\build\20250511_4544424117263706304.compiler.options
java_class_path (initial): C:\Users\Home\.gradle\caches\modules-2\files-2.1\org.jetbrains.kotlin\kotlin-compiler-embeddable\2.0.0\1de310de3446414381282ffc46c3ed3919a4d1da\kotlin-compiler-embeddable-2.0.0.jar;C:\Users\Home\.gradle\caches\modules-2\files-2.1\org.jetbrains.kotlin\kotlin-stdlib\2.0.0\b48df2c4aede9586cc931ead433bc02d6fd7879e\kotlin-stdlib-2.0.0.jar;C:\Users\Home\.gradle\caches\modules-2\files-2.1\org.jetbrains.kotlin\kotlin-script-runtime\2.0.0\fdc27dd047d592fa41d2dfa21e7621287a361612\kotlin-script-runtime-2.0.0.jar;C:\Users\Home\.gradle\caches\modules-2\files-2.1\org.jetbrains.kotlin\kotlin-reflect\1.6.10\1cbe9c92c12a94eea200d23c2bbaedaf3daf5132\kotlin-reflect-1.6.10.jar;C:\Users\Home\.gradle\caches\modules-2\files-2.1\org.jetbrains.kotlin\kotlin-daemon-embeddable\2.0.0\b39c612768614c4428c96ee9c65477181fffe9d\kotlin-daemon-embeddable-2.0.0.jar;C:\Users\Home\.gradle\caches\modules-2\files-2.1\org.jetbrains.intellij.deps\trove4j\1.0.20200330\3afb14d5f9ceb459d724e907a21145e8ff394f02\trove4j-1.0.20200330.jar;C:\Users\Home\.gradle\caches\modules-2\files-2.1\org.jetbrains\annotations\13.0\919f0dfe192fb4e063e7dacadee7f8bb9a2672a9\annotations-13.0.jar
Launcher Type: SUN_STANDARD

[Global flags]
     intx CICompilerCount                          = 3                                         {product} {ergonomic}
     uint ConcGCThreads                            = 1                                         {product} {ergonomic}
     uint G1ConcRefinementThreads                  = 4                                         {product} {ergonomic}
   size_t G1HeapRegionSize                         = 1048576                                   {product} {ergonomic}
    uintx GCDrainStackTargetSize                   = 64                                        {product} {ergonomic}
   size_t InitialHeapSize                          = 123731968                                 {product} {ergonomic}
   size_t MarkStackSize                            = 4194304                                   {product} {ergonomic}
   size_t MaxHeapSize                              = 1979711488                                {product} {ergonomic}
   size_t MinHeapDeltaBytes                        = 1048576                                   {product} {ergonomic}
   size_t MinHeapSize                              = 8388608                                   {product} {ergonomic}
    uintx NonNMethodCodeHeapSize                   = 5832780                                {pd product} {ergonomic}
    uintx NonProfiledCodeHeapSize                  = 122912730                              {pd product} {ergonomic}
    uintx ProfiledCodeHeapSize                     = 122912730                              {pd product} {ergonomic}
    uintx ReservedCodeCacheSize                    = 251658240                              {pd product} {ergonomic}
     bool SegmentedCodeCache                       = true                                      {product} {ergonomic}
   size_t SoftMaxHeapSize                          = 1979711488                             {manageable} {ergonomic}
     bool UseCompressedOops                        = true                           {product lp64_product} {ergonomic}
     bool UseG1GC                                  = true                                      {product} {ergonomic}
     bool UseLargePagesIndividualAllocation        = false                                  {pd product} {ergonomic}

Logging:
Log output configuration:
 #0: stdout all=warning uptime,level,tags foldmultilines=false
 #1: stderr all=off uptime,level,tags foldmultilines=false

Environment Variables:
PATH=C:\Windows\system32;C:\Windows;C:\Windows\System32\Wbem;C:\Windows\System32\WindowsPowerShell\v1.0\;C:\Windows\System32\OpenSSH\;C:\Program Files (x86)\Windows Kits\10\Windows Performance Toolkit\;C:\Program Files\Git\cmd;C:\Program Files\dotnet\;C:\Users\Home\AppData\Local\Programs\Python\Python311\Scripts\;C:\Users\Home\AppData\Local\Programs\Python\Python311\;C:\Users\Home\AppData\Local\Microsoft\WindowsApps;D:\хихик\Microsoft VS Code\bin;C:\Users\Home\.dotnet\tools
USERNAME=Olesya
OS=Windows_NT
PROCESSOR_IDENTIFIER=AMD64 Family 23 Model 96 Stepping 1, AuthenticAMD
TMP=C:\Users\Home\AppData\Local\Temp
TEMP=C:\Users\Home\AppData\Local\Temp




Periodic native trim disabled

JNI global refs:
JNI global refs: 0, weak refs: 0

JNI global refs memory usage: 0, weak refs: 0

Process memory usage:
Resident Set Size: 10376K (0% of 7730748K total physical memory with 439040K free physical memory)

OOME stack traces (most recent first):
Classloader memory used:

---------------  S Y S T E M  ---------------

OS:
 Windows 10 , 64 bit Build 19041 (10.0.19041.1466)
OS uptime: 0 days 0:21 hours

CPU: total 4 (initial active 4) (4 cores per cpu, 1 threads per core) family 23 model 96 stepping 1 microcode 0x0, cx8, cmov, fxsr, mmx, 3dnowpref, sse, sse2, sse3, ssse3, sse4a, sse4.1, sse4.2, popcnt, lzcnt, tsc, tscinvbit, avx, avx2, aes, clmul, bmi1, bmi2, adx, sha, fma, vzeroupper, clflush, clflushopt, rdtscp, rdpid, f16c
Processor Information for the first 4 processors :
  Max Mhz: 2700, Current Mhz: 2700, Mhz Limit: 2700

Memory: 4k page, system-wide physical 7549M (428M free)
TotalPageFile size 9597M (AvailPageFile size 52M)
current process WorkingSet (physical memory assigned to process): 10M, peak: 10M
current process commit charge ("private bytes"): 51M, peak: 169M

vm_info: OpenJDK 64-Bit Server VM (21.0.6+-13355223-b631.42) for windows-amd64 JRE (21.0.6+-13355223-b631.42), built on 2025-04-14T18:21:23Z by "builder" with MS VC++ 16.10 / 16.11 (VS2019)

END.
