#
# There is insufficient memory for the Java Runtime Environment to continue.
# Native memory allocation (malloc) failed to allocate 262160 bytes. Error detail: Chunk::new
# Possible reasons:
#   The system is out of physical RAM or swap space
#   This process is running with CompressedOops enabled, and the Java Heap may be blocking the growth of the native heap
# Possible solutions:
#   Reduce memory load on the system
#   Increase physical memory or swap space
#   Check if swap backing store is full
#   Decrease Java heap size (-Xmx/-Xms)
#   Decrease number of Java threads
#   Decrease Java thread stack sizes (-Xss)
#   Set larger code cache with -XX:ReservedCodeCacheSize=
#   JVM is running with Unscaled Compressed Oops mode in which the Java heap is
#     placed in the first 4GB address space. The Java Heap base address is the
#     maximum limit for the native heap growth. Please use -XX:HeapBaseMinAddress
#     to set the Java Heap base and to place the Java Heap above 4GB virtual address.
# This output file may be truncated or incomplete.
#
#  Out of Memory Error (arena.cpp:168), pid=9444, tid=10680
#
# JRE version: OpenJDK Runtime Environment (21.0.6) (build 21.0.6+-13355223-b631.42)
# Java VM: OpenJDK 64-Bit Server VM (21.0.6+-13355223-b631.42, mixed mode, tiered, compressed oops, compressed class ptrs, g1 gc, windows-amd64)
# No core dump will be written. Minidumps are not enabled by default on client versions of Windows
#

---------------  S U M M A R Y ------------

Command Line: --add-opens=java.base/java.lang=ALL-UNNAMED --add-opens=java.base/java.lang.invoke=ALL-UNNAMED --add-opens=java.base/java.util=ALL-UNNAMED --add-opens=java.prefs/java.util.prefs=ALL-UNNAMED --add-exports=jdk.compiler/com.sun.tools.javac.api=ALL-UNNAMED --add-exports=jdk.compiler/com.sun.tools.javac.util=ALL-UNNAMED --add-opens=java.base/java.util=ALL-UNNAMED --add-opens=java.prefs/java.util.prefs=ALL-UNNAMED --add-opens=java.base/java.nio.charset=ALL-UNNAMED --add-opens=java.base/java.net=ALL-UNNAMED --add-opens=java.base/java.util.concurrent.atomic=ALL-UNNAMED --add-opens=java.xml/javax.xml.namespace=ALL-UNNAMED -Xmx2048m -Dfile.encoding=UTF-8 -Duser.country=RU -Duser.language=ru -Duser.variant -javaagent:C:\Users\Home\.gradle\wrapper\dists\gradle-8.11.1-bin\bpt9gzteqjrbo1mjrsomdt32c\gradle-8.11.1\lib\agents\gradle-instrumentation-agent-8.11.1.jar org.gradle.launcher.daemon.bootstrap.GradleDaemon 8.11.1

Host: AMD Ryzen 3 4300U with Radeon Graphics         , 4 cores, 7G,  Windows 10 , 64 bit Build 19041 (10.0.19041.1466)
Time: Sun May 11 16:56:58 2025  Windows 10 , 64 bit Build 19041 (10.0.19041.1466) elapsed time: 6.188028 seconds (0d 0h 0m 6s)

---------------  T H R E A D  ---------------

Current thread (0x000001e0782a3280):  JavaThread "C2 CompilerThread0" daemon [_thread_in_native, id=10680, stack(0x0000003dad700000,0x0000003dad800000) (1024K)]


Current CompileTask:
C2:6188 5334       4       java.net.URLClassLoader$1::run (5 bytes)

Stack: [0x0000003dad700000,0x0000003dad800000]
Native frames: (J=compiled Java code, j=interpreted, Vv=VM code, C=native code)
V  [jvm.dll+0x6d05a9]
V  [jvm.dll+0x85ea73]
V  [jvm.dll+0x860fce]
V  [jvm.dll+0x8616b3]
V  [jvm.dll+0x27e6e6]
V  [jvm.dll+0xbff6d]
V  [jvm.dll+0xc04a3]
V  [jvm.dll+0xc0095]
V  [jvm.dll+0x6ae6da]
V  [jvm.dll+0x87c0c]
V  [jvm.dll+0x66196d]
V  [jvm.dll+0x65f8be]
V  [jvm.dll+0x247aff]
V  [jvm.dll+0x247251]
V  [jvm.dll+0x1c5f04]
V  [jvm.dll+0x2569ac]
V  [jvm.dll+0x254ef6]
V  [jvm.dll+0x3f0e56]
V  [jvm.dll+0x806e48]
V  [jvm.dll+0x6cee7d]
C  [ucrtbase.dll+0x21bb2]
C  [KERNEL32.DLL+0x17034]
C  [ntdll.dll+0x52651]


---------------  P R O C E S S  ---------------

Threads class SMR info:
_java_thread_list=0x000001e07841ac20, length=33, elements={
0x000001e0612a6bd0, 0x000001e0782be0e0, 0x000001e0782be740, 0x000001e0782cb5d0,
0x000001e0782c11a0, 0x000001e0782c1bf0, 0x000001e0782a2c20, 0x000001e0782a3280,
0x000001e0782ad890, 0x000001e078427340, 0x000001e0785b7690, 0x000001e07dbfa8c0,
0x000001e07dfff890, 0x000001e07e1fdcd0, 0x000001e07df0c580, 0x000001e07df0cbe0,
0x000001e07df96620, 0x000001e07df96c80, 0x000001e07df127f0, 0x000001e07df0fa00,
0x000001e07df10090, 0x000001e07df10720, 0x000001e07df10db0, 0x000001e07df11ad0,
0x000001e07e7d3450, 0x000001e07df0f370, 0x000001e07df11440, 0x000001e0013c5180,
0x000001e0013c1d00, 0x000001e0013c30b0, 0x000001e0013c2390, 0x000001e0013c3740,
0x000001e0013c3dd0
}

Java Threads: ( => current thread )
  0x000001e0612a6bd0 JavaThread "main"                              [_thread_blocked, id=12856, stack(0x0000003dac900000,0x0000003daca00000) (1024K)]
  0x000001e0782be0e0 JavaThread "Reference Handler"          daemon [_thread_blocked, id=8660, stack(0x0000003dad100000,0x0000003dad200000) (1024K)]
  0x000001e0782be740 JavaThread "Finalizer"                  daemon [_thread_blocked, id=9632, stack(0x0000003dad200000,0x0000003dad300000) (1024K)]
  0x000001e0782cb5d0 JavaThread "Signal Dispatcher"          daemon [_thread_blocked, id=11572, stack(0x0000003dad300000,0x0000003dad400000) (1024K)]
  0x000001e0782c11a0 JavaThread "Attach Listener"            daemon [_thread_blocked, id=10512, stack(0x0000003dad400000,0x0000003dad500000) (1024K)]
  0x000001e0782c1bf0 JavaThread "Service Thread"             daemon [_thread_blocked, id=12764, stack(0x0000003dad500000,0x0000003dad600000) (1024K)]
  0x000001e0782a2c20 JavaThread "Monitor Deflation Thread"   daemon [_thread_blocked, id=10876, stack(0x0000003dad600000,0x0000003dad700000) (1024K)]
=>0x000001e0782a3280 JavaThread "C2 CompilerThread0"         daemon [_thread_in_native, id=10680, stack(0x0000003dad700000,0x0000003dad800000) (1024K)]
  0x000001e0782ad890 JavaThread "C1 CompilerThread0"         daemon [_thread_in_vm, id=5760, stack(0x0000003dad800000,0x0000003dad900000) (1024K)]
  0x000001e078427340 JavaThread "Common-Cleaner"             daemon [_thread_blocked, id=7592, stack(0x0000003dad900000,0x0000003dada00000) (1024K)]
  0x000001e0785b7690 JavaThread "Notification Thread"        daemon [_thread_blocked, id=11244, stack(0x0000003dada00000,0x0000003dadb00000) (1024K)]
  0x000001e07dbfa8c0 JavaThread "Daemon health stats"               [_thread_blocked, id=11432, stack(0x0000003dade00000,0x0000003dadf00000) (1024K)]
  0x000001e07dfff890 JavaThread "Incoming local TCP Connector on port 50358"        [_thread_in_native, id=4312, stack(0x0000003dadf00000,0x0000003dae000000) (1024K)]
  0x000001e07e1fdcd0 JavaThread "Daemon periodic checks"            [_thread_blocked, id=5228, stack(0x0000003dae000000,0x0000003dae100000) (1024K)]
  0x000001e07df0c580 JavaThread "Daemon"                            [_thread_blocked, id=1396, stack(0x0000003dae100000,0x0000003dae200000) (1024K)]
  0x000001e07df0cbe0 JavaThread "Handler for socket connection from /127.0.0.1:50358 to /127.0.0.1:50359"        [_thread_in_native, id=1440, stack(0x0000003dae200000,0x0000003dae300000) (1024K)]
  0x000001e07df96620 JavaThread "Cancel handler"                    [_thread_blocked, id=5744, stack(0x0000003dae300000,0x0000003dae400000) (1024K)]
  0x000001e07df96c80 JavaThread "Daemon worker"                     [_thread_in_vm, id=7244, stack(0x0000003dae400000,0x0000003dae500000) (1024K)]
  0x000001e07df127f0 JavaThread "Asynchronous log dispatcher for DefaultDaemonConnection: socket connection from /127.0.0.1:50358 to /127.0.0.1:50359"        [_thread_blocked, id=12924, stack(0x0000003dae500000,0x0000003dae600000) (1024K)]
  0x000001e07df0fa00 JavaThread "Stdin handler"                     [_thread_blocked, id=12480, stack(0x0000003dae600000,0x0000003dae700000) (1024K)]
  0x000001e07df10090 JavaThread "Daemon client event forwarder"        [_thread_in_vm, id=10708, stack(0x0000003dae700000,0x0000003dae800000) (1024K)]
  0x000001e07df10720 JavaThread "Cache worker for journal cache (C:\Users\Home\.gradle\caches\journal-1)"        [_thread_blocked, id=6544, stack(0x0000003dae800000,0x0000003dae900000) (1024K)]
  0x000001e07df10db0 JavaThread "File lock request listener"        [_thread_in_native, id=9944, stack(0x0000003dae900000,0x0000003daea00000) (1024K)]
  0x000001e07df11ad0 JavaThread "Cache worker for file hash cache (C:\Users\Home\.gradle\caches\8.11.1\fileHashes)"        [_thread_blocked, id=6108, stack(0x0000003daea00000,0x0000003daeb00000) (1024K)]
  0x000001e07e7d3450 JavaThread "C2 CompilerThread1"         daemon [_thread_in_native, id=6016, stack(0x0000003daeb00000,0x0000003daec00000) (1024K)]
  0x000001e07df0f370 JavaThread "Cache worker for file content cache (C:\Users\Home\.gradle\caches\8.11.1\fileContent)"        [_thread_blocked, id=12800, stack(0x0000003daec00000,0x0000003daed00000) (1024K)]
  0x000001e07df11440 JavaThread "Cache worker for file hash cache (D:\Android-7-Module-HITs\.gradle\8.11.1\fileHashes)"        [_thread_blocked, id=9292, stack(0x0000003daed00000,0x0000003daee00000) (1024K)]
  0x000001e0013c5180 JavaThread "Cache worker for Build Output Cleanup Cache (D:\Android-7-Module-HITs\.gradle\buildOutputCleanup)"        [_thread_blocked, id=10404, stack(0x0000003daee00000,0x0000003daef00000) (1024K)]
  0x000001e0013c1d00 JavaThread "File watcher server"        daemon [_thread_in_native, id=12508, stack(0x0000003daef00000,0x0000003daf000000) (1024K)]
  0x000001e0013c30b0 JavaThread "File watcher consumer"      daemon [_thread_blocked, id=12576, stack(0x0000003daf000000,0x0000003daf100000) (1024K)]
  0x000001e0013c2390 JavaThread "Cache worker for checksums cache (D:\Android-7-Module-HITs\.gradle\8.11.1\checksums)"        [_thread_blocked, id=5848, stack(0x0000003daf100000,0x0000003daf200000) (1024K)]
  0x000001e0013c3740 JavaThread "Cache worker for cache directory md-rule (C:\Users\Home\.gradle\caches\8.11.1\md-rule)"        [_thread_blocked, id=12944, stack(0x0000003daf200000,0x0000003daf300000) (1024K)]
  0x000001e0013c3dd0 JavaThread "Cache worker for cache directory md-supplier (C:\Users\Home\.gradle\caches\8.11.1\md-supplier)"        [_thread_blocked, id=6552, stack(0x0000003daf300000,0x0000003daf400000) (1024K)]
Total: 33

Other Threads:
  0x000001e0780b0aa0 VMThread "VM Thread"                           [id=4364, stack(0x0000003dad000000,0x0000003dad100000) (1024K)]
  0x000001e07809bdf0 WatcherThread "VM Periodic Task Thread"        [id=6460, stack(0x0000003dacf00000,0x0000003dad000000) (1024K)]
  0x000001e0612fe0c0 WorkerThread "GC Thread#0"                     [id=5424, stack(0x0000003daca00000,0x0000003dacb00000) (1024K)]
  0x000001e0780b0e40 WorkerThread "GC Thread#1"                     [id=12028, stack(0x0000003dadb00000,0x0000003dadc00000) (1024K)]
  0x000001e0780b0700 WorkerThread "GC Thread#2"                     [id=10892, stack(0x0000003dadc00000,0x0000003dadd00000) (1024K)]
  0x000001e0780afc20 WorkerThread "GC Thread#3"                     [id=7292, stack(0x0000003dadd00000,0x0000003dade00000) (1024K)]
  0x000001e06130f5d0 ConcurrentGCThread "G1 Main Marker"            [id=3400, stack(0x0000003dacb00000,0x0000003dacc00000) (1024K)]
  0x000001e061310620 WorkerThread "G1 Conc#0"                       [id=12604, stack(0x0000003dacc00000,0x0000003dacd00000) (1024K)]
  0x000001e061376cd0 ConcurrentGCThread "G1 Refine#0"               [id=12876, stack(0x0000003dacd00000,0x0000003dace00000) (1024K)]
  0x000001e0613775f0 ConcurrentGCThread "G1 Service"                [id=6104, stack(0x0000003dace00000,0x0000003dacf00000) (1024K)]
Total: 10

Threads with active compile tasks:
C2 CompilerThread0  6206 5334       4       java.net.URLClassLoader$1::run (5 bytes)
C1 CompilerThread0  6206 5378   !   3       java.lang.ClassValue::getFromHashMap (70 bytes)
C2 CompilerThread1  6206 5335   !   4       java.net.URLClassLoader$1::run (81 bytes)
Total: 3

VM state: not at safepoint (normal execution)

VM Mutex/Monitor currently owned by a thread:  ([mutex/lock_event])
[0x00007ffb8539ce20] MethodCompileQueue_lock - owner thread: 0x000001e0782ad890
[0x00007ffb8539e2a0] CodeCache_lock - owner thread: 0x000001e0782ad890
[0x00007ffb8539e420] Compile_lock - owner thread: 0x000001e0782ad890

OutOfMemory and StackOverflow Exception counts:
OutOfMemoryError java_heap_errors=1
LinkageErrors=157

Heap address: 0x0000000080000000, size: 2048 MB, Compressed Oops mode: 32-bit

CDS archive(s) not mapped
Compressed class space mapped at: 0x0000000100000000-0x0000000140000000, reserved size: 1073741824
Narrow klass base: 0x0000000000000000, Narrow klass shift: 3, Narrow klass range: 0x140000000

GC Precious Log:
 CardTable entry size: 512
 Card Set container configuration: InlinePtr #cards 5 size 8 Array Of Cards #cards 12 size 40 Howl #buckets 4 coarsen threshold 1843 Howl Bitmap #cards 512 size 80 coarsen threshold 460 Card regions per heap region 1 cards per card region 2048
 CPUs: 4 total, 4 available
 Memory: 7549M
 Large Page Support: Disabled
 NUMA Support: Disabled
 Compressed Oops: Enabled (32-bit)
 Heap Region Size: 1M
 Heap Min Capacity: 8M
 Heap Initial Capacity: 118M
 Heap Max Capacity: 2G
 Pre-touch: Disabled
 Parallel Workers: 4
 Concurrent Workers: 1
 Concurrent Refinement Workers: 4
 Periodic GC: Disabled

Heap:
 garbage-first heap   total 86016K, used 64217K [0x0000000080000000, 0x0000000100000000)
  region size 1024K, 30 young (30720K), 3 survivors (3072K)
 Metaspace       used 62384K, committed 64000K, reserved 1114112K
  class space    used 8544K, committed 9344K, reserved 1048576K

Heap Regions: E=young(eden), S=young(survivor), O=old, HS=humongous(starts), HC=humongous(continues), CS=collection set, F=free, TAMS=top-at-mark-start, PB=parsable bottom
|   0|0x0000000080000000, 0x0000000080100000, 0x0000000080100000|100%|HS|  |TAMS 0x0000000080000000| PB 0x0000000080000000| Complete 
|   1|0x0000000080100000, 0x0000000080200000, 0x0000000080200000|100%|HC|  |TAMS 0x0000000080100000| PB 0x0000000080100000| Complete 
|   2|0x0000000080200000, 0x0000000080300000, 0x0000000080300000|100%|HC|  |TAMS 0x0000000080200000| PB 0x0000000080200000| Complete 
|   3|0x0000000080300000, 0x0000000080400000, 0x0000000080400000|100%| O|  |TAMS 0x0000000080300000| PB 0x0000000080300000| Untracked 
|   4|0x0000000080400000, 0x0000000080500000, 0x0000000080500000|100%| O|  |TAMS 0x0000000080400000| PB 0x0000000080400000| Untracked 
|   5|0x0000000080500000, 0x0000000080600000, 0x0000000080600000|100%| O|  |TAMS 0x0000000080500000| PB 0x0000000080500000| Untracked 
|   6|0x0000000080600000, 0x0000000080700000, 0x0000000080700000|100%|HS|  |TAMS 0x0000000080600000| PB 0x0000000080600000| Complete 
|   7|0x0000000080700000, 0x0000000080800000, 0x0000000080800000|100%| O|  |TAMS 0x0000000080700000| PB 0x0000000080700000| Untracked 
|   8|0x0000000080800000, 0x0000000080900000, 0x0000000080900000|100%| O|  |TAMS 0x0000000080800000| PB 0x0000000080800000| Untracked 
|   9|0x0000000080900000, 0x0000000080a00000, 0x0000000080a00000|100%| O|  |TAMS 0x0000000080900000| PB 0x0000000080900000| Untracked 
|  10|0x0000000080a00000, 0x0000000080b00000, 0x0000000080b00000|100%| O|  |TAMS 0x0000000080a00000| PB 0x0000000080a00000| Untracked 
|  11|0x0000000080b00000, 0x0000000080c00000, 0x0000000080c00000|100%| O|  |TAMS 0x0000000080b00000| PB 0x0000000080b00000| Untracked 
|  12|0x0000000080c00000, 0x0000000080d00000, 0x0000000080d00000|100%| O|  |TAMS 0x0000000080c00000| PB 0x0000000080c00000| Untracked 
|  13|0x0000000080d00000, 0x0000000080e00000, 0x0000000080e00000|100%| O|  |TAMS 0x0000000080d00000| PB 0x0000000080d00000| Untracked 
|  14|0x0000000080e00000, 0x0000000080f00000, 0x0000000080f00000|100%| O|  |TAMS 0x0000000080e00000| PB 0x0000000080e00000| Untracked 
|  15|0x0000000080f00000, 0x0000000081000000, 0x0000000081000000|100%| O|  |TAMS 0x0000000080f00000| PB 0x0000000080f00000| Untracked 
|  16|0x0000000081000000, 0x0000000081100000, 0x0000000081100000|100%| O|  |TAMS 0x0000000081000000| PB 0x0000000081000000| Untracked 
|  17|0x0000000081100000, 0x0000000081200000, 0x0000000081200000|100%| O|  |TAMS 0x0000000081100000| PB 0x0000000081100000| Untracked 
|  18|0x0000000081200000, 0x0000000081300000, 0x0000000081300000|100%| O|  |TAMS 0x0000000081200000| PB 0x0000000081200000| Untracked 
|  19|0x0000000081300000, 0x0000000081400000, 0x0000000081400000|100%| O|  |TAMS 0x0000000081300000| PB 0x0000000081300000| Untracked 
|  20|0x0000000081400000, 0x00000000814fdd90, 0x0000000081500000| 99%| O|  |TAMS 0x0000000081400000| PB 0x0000000081400000| Untracked 
|  21|0x0000000081500000, 0x0000000081600000, 0x0000000081600000|100%| O|  |TAMS 0x0000000081500000| PB 0x0000000081500000| Untracked 
|  22|0x0000000081600000, 0x0000000081700000, 0x0000000081700000|100%| O|  |TAMS 0x0000000081600000| PB 0x0000000081600000| Untracked 
|  23|0x0000000081700000, 0x0000000081800000, 0x0000000081800000|100%| O|  |TAMS 0x0000000081700000| PB 0x0000000081700000| Untracked 
|  24|0x0000000081800000, 0x0000000081900000, 0x0000000081900000|100%| O|  |TAMS 0x0000000081800000| PB 0x0000000081800000| Untracked 
|  25|0x0000000081900000, 0x0000000081a00000, 0x0000000081a00000|100%| O|Cm|TAMS 0x0000000081900000| PB 0x0000000081900000| Complete 
|  26|0x0000000081a00000, 0x0000000081b00000, 0x0000000081b00000|100%| O|  |TAMS 0x0000000081a00000| PB 0x0000000081a00000| Untracked 
|  27|0x0000000081b00000, 0x0000000081c00000, 0x0000000081c00000|100%| O|  |TAMS 0x0000000081b00000| PB 0x0000000081b00000| Untracked 
|  28|0x0000000081c00000, 0x0000000081d00000, 0x0000000081d00000|100%| O|  |TAMS 0x0000000081c00000| PB 0x0000000081c00000| Untracked 
|  29|0x0000000081d00000, 0x0000000081e00000, 0x0000000081e00000|100%| O|  |TAMS 0x0000000081d00000| PB 0x0000000081d00000| Untracked 
|  30|0x0000000081e00000, 0x0000000081ef0ce0, 0x0000000081f00000| 94%| O|  |TAMS 0x0000000081e00000| PB 0x0000000081e00000| Untracked 
|  31|0x0000000081f00000, 0x0000000082000000, 0x0000000082000000|100%| O|  |TAMS 0x0000000081f00000| PB 0x0000000081f00000| Untracked 
|  32|0x0000000082000000, 0x0000000082000000, 0x0000000082100000|  0%| F|  |TAMS 0x0000000082000000| PB 0x0000000082000000| Untracked 
|  33|0x0000000082100000, 0x0000000082100000, 0x0000000082200000|  0%| F|  |TAMS 0x0000000082100000| PB 0x0000000082100000| Untracked 
|  34|0x0000000082200000, 0x0000000082200000, 0x0000000082300000|  0%| F|  |TAMS 0x0000000082200000| PB 0x0000000082200000| Untracked 
|  35|0x0000000082300000, 0x0000000082400000, 0x0000000082400000|100%| O|  |TAMS 0x0000000082300000| PB 0x0000000082300000| Untracked 
|  36|0x0000000082400000, 0x0000000082500000, 0x0000000082500000|100%| O|  |TAMS 0x0000000082400000| PB 0x0000000082400000| Untracked 
|  37|0x0000000082500000, 0x0000000082500000, 0x0000000082600000|  0%| F|  |TAMS 0x0000000082500000| PB 0x0000000082500000| Untracked 
|  38|0x0000000082600000, 0x0000000082600000, 0x0000000082700000|  0%| F|  |TAMS 0x0000000082600000| PB 0x0000000082600000| Untracked 
|  39|0x0000000082700000, 0x0000000082700000, 0x0000000082800000|  0%| F|  |TAMS 0x0000000082700000| PB 0x0000000082700000| Untracked 
|  40|0x0000000082800000, 0x0000000082800000, 0x0000000082900000|  0%| F|  |TAMS 0x0000000082800000| PB 0x0000000082800000| Untracked 
|  41|0x0000000082900000, 0x0000000082900000, 0x0000000082a00000|  0%| F|  |TAMS 0x0000000082900000| PB 0x0000000082900000| Untracked 
|  42|0x0000000082a00000, 0x0000000082a00000, 0x0000000082b00000|  0%| F|  |TAMS 0x0000000082a00000| PB 0x0000000082a00000| Untracked 
|  43|0x0000000082b00000, 0x0000000082b00000, 0x0000000082c00000|  0%| F|  |TAMS 0x0000000082b00000| PB 0x0000000082b00000| Untracked 
|  44|0x0000000082c00000, 0x0000000082c00000, 0x0000000082d00000|  0%| F|  |TAMS 0x0000000082c00000| PB 0x0000000082c00000| Untracked 
|  45|0x0000000082d00000, 0x0000000082d00000, 0x0000000082e00000|  0%| F|  |TAMS 0x0000000082d00000| PB 0x0000000082d00000| Untracked 
|  46|0x0000000082e00000, 0x0000000082e00000, 0x0000000082f00000|  0%| F|  |TAMS 0x0000000082e00000| PB 0x0000000082e00000| Untracked 
|  47|0x0000000082f00000, 0x0000000082f00000, 0x0000000083000000|  0%| F|  |TAMS 0x0000000082f00000| PB 0x0000000082f00000| Untracked 
|  48|0x0000000083000000, 0x0000000083000000, 0x0000000083100000|  0%| F|  |TAMS 0x0000000083000000| PB 0x0000000083000000| Untracked 
|  49|0x0000000083100000, 0x0000000083100000, 0x0000000083200000|  0%| F|  |TAMS 0x0000000083100000| PB 0x0000000083100000| Untracked 
|  50|0x0000000083200000, 0x0000000083200000, 0x0000000083300000|  0%| F|  |TAMS 0x0000000083200000| PB 0x0000000083200000| Untracked 
|  51|0x0000000083300000, 0x0000000083300000, 0x0000000083400000|  0%| F|  |TAMS 0x0000000083300000| PB 0x0000000083300000| Untracked 
|  52|0x0000000083400000, 0x0000000083400000, 0x0000000083500000|  0%| F|  |TAMS 0x0000000083400000| PB 0x0000000083400000| Untracked 
|  53|0x0000000083500000, 0x0000000083500000, 0x0000000083600000|  0%| F|  |TAMS 0x0000000083500000| PB 0x0000000083500000| Untracked 
|  54|0x0000000083600000, 0x000000008363a1a8, 0x0000000083700000| 22%| E|  |TAMS 0x0000000083600000| PB 0x0000000083600000| Complete 
|  55|0x0000000083700000, 0x0000000083800000, 0x0000000083800000|100%| E|CS|TAMS 0x0000000083700000| PB 0x0000000083700000| Complete 
|  56|0x0000000083800000, 0x0000000083900000, 0x0000000083900000|100%| E|CS|TAMS 0x0000000083800000| PB 0x0000000083800000| Complete 
|  57|0x0000000083900000, 0x0000000083a00000, 0x0000000083a00000|100%| E|CS|TAMS 0x0000000083900000| PB 0x0000000083900000| Complete 
|  58|0x0000000083a00000, 0x0000000083ac7bc0, 0x0000000083b00000| 78%| S|CS|TAMS 0x0000000083a00000| PB 0x0000000083a00000| Complete 
|  59|0x0000000083b00000, 0x0000000083c00000, 0x0000000083c00000|100%| S|CS|TAMS 0x0000000083b00000| PB 0x0000000083b00000| Complete 
|  60|0x0000000083c00000, 0x0000000083d00000, 0x0000000083d00000|100%| S|CS|TAMS 0x0000000083c00000| PB 0x0000000083c00000| Complete 
|  61|0x0000000083d00000, 0x0000000083e00000, 0x0000000083e00000|100%| E|CS|TAMS 0x0000000083d00000| PB 0x0000000083d00000| Complete 
|  62|0x0000000083e00000, 0x0000000083f00000, 0x0000000083f00000|100%| E|CS|TAMS 0x0000000083e00000| PB 0x0000000083e00000| Complete 
|  63|0x0000000083f00000, 0x0000000084000000, 0x0000000084000000|100%| E|CS|TAMS 0x0000000083f00000| PB 0x0000000083f00000| Complete 
|  64|0x0000000084000000, 0x0000000084100000, 0x0000000084100000|100%| E|CS|TAMS 0x0000000084000000| PB 0x0000000084000000| Complete 
|  65|0x0000000084100000, 0x0000000084200000, 0x0000000084200000|100%| E|CS|TAMS 0x0000000084100000| PB 0x0000000084100000| Complete 
|  66|0x0000000084200000, 0x0000000084300000, 0x0000000084300000|100%| E|CS|TAMS 0x0000000084200000| PB 0x0000000084200000| Complete 
|  67|0x0000000084300000, 0x0000000084400000, 0x0000000084400000|100%| E|CS|TAMS 0x0000000084300000| PB 0x0000000084300000| Complete 
|  68|0x0000000084400000, 0x0000000084500000, 0x0000000084500000|100%| E|CS|TAMS 0x0000000084400000| PB 0x0000000084400000| Complete 
|  69|0x0000000084500000, 0x0000000084600000, 0x0000000084600000|100%| E|CS|TAMS 0x0000000084500000| PB 0x0000000084500000| Complete 
|  70|0x0000000084600000, 0x0000000084700000, 0x0000000084700000|100%| E|CS|TAMS 0x0000000084600000| PB 0x0000000084600000| Complete 
|  71|0x0000000084700000, 0x0000000084800000, 0x0000000084800000|100%| E|CS|TAMS 0x0000000084700000| PB 0x0000000084700000| Complete 
|  72|0x0000000084800000, 0x0000000084900000, 0x0000000084900000|100%| E|CS|TAMS 0x0000000084800000| PB 0x0000000084800000| Complete 
|  73|0x0000000084900000, 0x0000000084a00000, 0x0000000084a00000|100%| E|CS|TAMS 0x0000000084900000| PB 0x0000000084900000| Complete 
|  74|0x0000000084a00000, 0x0000000084b00000, 0x0000000084b00000|100%| E|CS|TAMS 0x0000000084a00000| PB 0x0000000084a00000| Complete 
|  75|0x0000000084b00000, 0x0000000084c00000, 0x0000000084c00000|100%| E|CS|TAMS 0x0000000084b00000| PB 0x0000000084b00000| Complete 
|  76|0x0000000084c00000, 0x0000000084d00000, 0x0000000084d00000|100%| E|CS|TAMS 0x0000000084c00000| PB 0x0000000084c00000| Complete 
|  77|0x0000000084d00000, 0x0000000084e00000, 0x0000000084e00000|100%| E|CS|TAMS 0x0000000084d00000| PB 0x0000000084d00000| Complete 
|  90|0x0000000085a00000, 0x0000000085b00000, 0x0000000085b00000|100%| E|CS|TAMS 0x0000000085a00000| PB 0x0000000085a00000| Complete 
|  91|0x0000000085b00000, 0x0000000085c00000, 0x0000000085c00000|100%| E|CS|TAMS 0x0000000085b00000| PB 0x0000000085b00000| Complete 
|  92|0x0000000085c00000, 0x0000000085d00000, 0x0000000085d00000|100%| E|CS|TAMS 0x0000000085c00000| PB 0x0000000085c00000| Complete 
|  93|0x0000000085d00000, 0x0000000085e00000, 0x0000000085e00000|100%| E|CS|TAMS 0x0000000085d00000| PB 0x0000000085d00000| Complete 
| 116|0x0000000087400000, 0x0000000087500000, 0x0000000087500000|100%| E|CS|TAMS 0x0000000087400000| PB 0x0000000087400000| Complete 
| 117|0x0000000087500000, 0x0000000087600000, 0x0000000087600000|100%| E|CS|TAMS 0x0000000087500000| PB 0x0000000087500000| Complete 

Card table byte_map: [0x000001e073810000,0x000001e073c10000] _byte_map_base: 0x000001e073410000

Marking Bits: (CMBitMap*) 0x000001e0612fe570
 Bits: [0x000001e073c10000, 0x000001e075c10000)

Polling page: 0x000001e060a80000

Metaspace:

Usage:
  Non-class:     52.59 MB used.
      Class:      8.34 MB used.
       Both:     60.93 MB used.

Virtual space:
  Non-class space:       64.00 MB reserved,      53.38 MB ( 83%) committed,  1 nodes.
      Class space:        1.00 GB reserved,       9.12 MB ( <1%) committed,  1 nodes.
             Both:        1.06 GB reserved,      62.50 MB (  6%) committed. 

Chunk freelists:
   Non-Class:  9.87 MB
       Class:  6.84 MB
        Both:  16.71 MB

MaxMetaspaceSize: unlimited
CompressedClassSpaceSize: 1.00 GB
Initial GC threshold: 21.00 MB
Current GC threshold: 98.75 MB
CDS: off
 - commit_granule_bytes: 65536.
 - commit_granule_words: 8192.
 - virtual_space_node_default_size: 8388608.
 - enlarge_chunks_in_place: 1.
 - use_allocation_guard: 0.


Internal statistics:

num_allocs_failed_limit: 9.
num_arena_births: 2978.
num_arena_deaths: 0.
num_vsnodes_births: 2.
num_vsnodes_deaths: 0.
num_space_committed: 1000.
num_space_uncommitted: 0.
num_chunks_returned_to_freelist: 9.
num_chunks_taken_from_freelist: 5450.
num_chunk_merges: 9.
num_chunk_splits: 3561.
num_chunks_enlarged: 2235.
num_inconsistent_stats: 0.

CodeHeap 'non-profiled nmethods': size=120000Kb used=2945Kb max_used=2945Kb free=117054Kb
 bounds [0x000001e06bee0000, 0x000001e06c1d0000, 0x000001e073410000]
CodeHeap 'profiled nmethods': size=120000Kb used=8892Kb max_used=8892Kb free=111107Kb
 bounds [0x000001e064410000, 0x000001e064cc0000, 0x000001e06b940000]
CodeHeap 'non-nmethods': size=5760Kb used=1966Kb max_used=1999Kb free=3794Kb
 bounds [0x000001e06b940000, 0x000001e06bbb0000, 0x000001e06bee0000]
 total_blobs=5560 nmethods=4818 adapters=646
 compilation: enabled
              stopped_count=0, restarted_count=0
 full_count=0

Compilation events (20 events):
Event: 6.103 Thread 0x000001e0782ad890 5344       3       com.google.common.reflect.TypeResolver::<init> (10 bytes)
Event: 6.103 Thread 0x000001e0782ad890 nmethod 5344 0x000001e064cab890 code [0x000001e064caba40, 0x000001e064cabbf8]
Event: 6.104 Thread 0x000001e0782ad890 5345       3       com.google.common.collect.ImmutableMap::entrySet (23 bytes)
Event: 6.104 Thread 0x000001e0782ad890 nmethod 5345 0x000001e064cabc90 code [0x000001e064cabe40, 0x000001e064cac0d8]
Event: 6.105 Thread 0x000001e0782ad890 5346       3       com.google.common.collect.ImmutableList::construct (8 bytes)
Event: 6.105 Thread 0x000001e0782ad890 nmethod 5346 0x000001e064cac190 code [0x000001e064cac360, 0x000001e064cac6a0]
Event: 6.107 Thread 0x000001e0782ad890 5347       3       com.google.common.cache.LocalCache::usesWriteQueue (5 bytes)
Event: 6.107 Thread 0x000001e0782ad890 nmethod 5347 0x000001e064cac810 code [0x000001e064cac9c0, 0x000001e064cacb98]
Event: 6.110 Thread 0x000001e0782ad890 5348       3       org.gradle.internal.deprecation.DeprecationLogger::disable (24 bytes)
Event: 6.110 Thread 0x000001e0782ad890 nmethod 5348 0x000001e064cacc90 code [0x000001e064cacec0, 0x000001e064cad7d0]
Event: 6.110 Thread 0x000001e0782ad890 5349       3       org.gradle.internal.deprecation.DeprecationLogger::maybeEnable (24 bytes)
Event: 6.111 Thread 0x000001e0782ad890 nmethod 5349 0x000001e064cadb10 code [0x000001e064cadd40, 0x000001e064cae650]
Event: 6.113 Thread 0x000001e0782ad890 5350       3       java.util.zip.ZipFile$Source$Key::equals (93 bytes)
Event: 6.113 Thread 0x000001e0782ad890 nmethod 5350 0x000001e064cae990 code [0x000001e064caec40, 0x000001e064cafab0]
Event: 6.113 Thread 0x000001e0782ad890 5351       3       java.nio.file.attribute.FileTime::compareTo (154 bytes)
Event: 6.114 Thread 0x000001e0782ad890 nmethod 5351 0x000001e064cafe90 code [0x000001e064cb01e0, 0x000001e064cb1338]
Event: 6.131 Thread 0x000001e0782ad890 5352       3       org.gradle.model.internal.asm.ClassVisitorScope::privateSyntheticMethod (12 bytes)
Event: 6.131 Thread 0x000001e0782ad890 nmethod 5352 0x000001e064cb1890 code [0x000001e064cb1a40, 0x000001e064cb1ba0]
Event: 6.132 Thread 0x000001e0782ad890 5353       3       jdk.internal.org.objectweb.asm.ClassReader::readUTF8 (23 bytes)
Event: 6.132 Thread 0x000001e0782ad890 nmethod 5353 0x000001e064cb1c90 code [0x000001e064cb1e60, 0x000001e064cb20a8]

GC Heap History (20 events):
Event: 1.359 GC heap before
{Heap before GC invocations=2 (full 0):
 garbage-first heap   total 120832K, used 78372K [0x0000000080000000, 0x0000000100000000)
  region size 1024K, 70 young (71680K), 4 survivors (4096K)
 Metaspace       used 14221K, committed 14528K, reserved 1114112K
  class space    used 1561K, committed 1728K, reserved 1048576K
}
Event: 1.367 GC heap after
{Heap after GC invocations=3 (full 0):
 garbage-first heap   total 120832K, used 16781K [0x0000000080000000, 0x0000000100000000)
  region size 1024K, 9 young (9216K), 9 survivors (9216K)
 Metaspace       used 14221K, committed 14528K, reserved 1114112K
  class space    used 1561K, committed 1728K, reserved 1048576K
}
Event: 1.844 GC heap before
{Heap before GC invocations=3 (full 0):
 garbage-first heap   total 120832K, used 40333K [0x0000000080000000, 0x0000000100000000)
  region size 1024K, 33 young (33792K), 9 survivors (9216K)
 Metaspace       used 21191K, committed 21504K, reserved 1114112K
  class space    used 2447K, committed 2624K, reserved 1048576K
}
Event: 1.852 GC heap after
{Heap after GC invocations=4 (full 0):
 garbage-first heap   total 120832K, used 20368K [0x0000000080000000, 0x0000000100000000)
  region size 1024K, 4 young (4096K), 4 survivors (4096K)
 Metaspace       used 21191K, committed 21504K, reserved 1114112K
  class space    used 2447K, committed 2624K, reserved 1048576K
}
Event: 2.480 GC heap before
{Heap before GC invocations=5 (full 0):
 garbage-first heap   total 71680K, used 59280K [0x0000000080000000, 0x0000000100000000)
  region size 1024K, 42 young (43008K), 4 survivors (4096K)
 Metaspace       used 27771K, committed 28288K, reserved 1114112K
  class space    used 3464K, committed 3712K, reserved 1048576K
}
Event: 2.486 GC heap after
{Heap after GC invocations=6 (full 0):
 garbage-first heap   total 86016K, used 22135K [0x0000000080000000, 0x0000000100000000)
  region size 1024K, 5 young (5120K), 5 survivors (5120K)
 Metaspace       used 27771K, committed 28288K, reserved 1114112K
  class space    used 3464K, committed 3712K, reserved 1048576K
}
Event: 3.270 GC heap before
{Heap before GC invocations=6 (full 0):
 garbage-first heap   total 86016K, used 66167K [0x0000000080000000, 0x0000000100000000)
  region size 1024K, 48 young (49152K), 5 survivors (5120K)
 Metaspace       used 33811K, committed 34688K, reserved 1114112K
  class space    used 4506K, committed 4928K, reserved 1048576K
}
Event: 3.277 GC heap after
{Heap after GC invocations=7 (full 0):
 garbage-first heap   total 86016K, used 24793K [0x0000000080000000, 0x0000000100000000)
  region size 1024K, 6 young (6144K), 6 survivors (6144K)
 Metaspace       used 33811K, committed 34688K, reserved 1114112K
  class space    used 4506K, committed 4928K, reserved 1048576K
}
Event: 3.419 GC heap before
{Heap before GC invocations=7 (full 0):
 garbage-first heap   total 86016K, used 35033K [0x0000000080000000, 0x0000000100000000)
  region size 1024K, 17 young (17408K), 6 survivors (6144K)
 Metaspace       used 35310K, committed 36160K, reserved 1114112K
  class space    used 4734K, committed 5184K, reserved 1048576K
}
Event: 3.425 GC heap after
{Heap after GC invocations=8 (full 0):
 garbage-first heap   total 86016K, used 25518K [0x0000000080000000, 0x0000000100000000)
  region size 1024K, 4 young (4096K), 4 survivors (4096K)
 Metaspace       used 35310K, committed 36160K, reserved 1114112K
  class space    used 4734K, committed 5184K, reserved 1048576K
}
Event: 4.037 GC heap before
{Heap before GC invocations=9 (full 0):
 garbage-first heap   total 86016K, used 71598K [0x0000000080000000, 0x0000000100000000)
  region size 1024K, 49 young (50176K), 4 survivors (4096K)
 Metaspace       used 42546K, committed 43776K, reserved 1114112K
  class space    used 5763K, committed 6400K, reserved 1048576K
}
Event: 4.044 GC heap after
{Heap after GC invocations=10 (full 0):
 garbage-first heap   total 86016K, used 28595K [0x0000000080000000, 0x0000000100000000)
  region size 1024K, 7 young (7168K), 7 survivors (7168K)
 Metaspace       used 42546K, committed 43776K, reserved 1114112K
  class space    used 5763K, committed 6400K, reserved 1048576K
}
Event: 4.458 GC heap before
{Heap before GC invocations=10 (full 0):
 garbage-first heap   total 86016K, used 71603K [0x0000000080000000, 0x0000000100000000)
  region size 1024K, 50 young (51200K), 7 survivors (7168K)
 Metaspace       used 46700K, committed 47936K, reserved 1114112K
  class space    used 6245K, committed 6848K, reserved 1048576K
}
Event: 4.466 GC heap after
{Heap after GC invocations=11 (full 0):
 garbage-first heap   total 86016K, used 32207K [0x0000000080000000, 0x0000000100000000)
  region size 1024K, 7 young (7168K), 7 survivors (7168K)
 Metaspace       used 46700K, committed 47936K, reserved 1114112K
  class space    used 6245K, committed 6848K, reserved 1048576K
}
Event: 4.823 GC heap before
{Heap before GC invocations=11 (full 0):
 garbage-first heap   total 86016K, used 72143K [0x0000000080000000, 0x0000000100000000)
  region size 1024K, 47 young (48128K), 7 survivors (7168K)
 Metaspace       used 49816K, committed 51200K, reserved 1114112K
  class space    used 6754K, committed 7424K, reserved 1048576K
}
Event: 4.830 GC heap after
{Heap after GC invocations=12 (full 0):
 garbage-first heap   total 86016K, used 35018K [0x0000000080000000, 0x0000000100000000)
  region size 1024K, 6 young (6144K), 6 survivors (6144K)
 Metaspace       used 49816K, committed 51200K, reserved 1114112K
  class space    used 6754K, committed 7424K, reserved 1048576K
}
Event: 5.407 GC heap before
{Heap before GC invocations=12 (full 0):
 garbage-first heap   total 86016K, used 74954K [0x0000000080000000, 0x0000000100000000)
  region size 1024K, 44 young (45056K), 6 survivors (6144K)
 Metaspace       used 55760K, committed 57280K, reserved 1114112K
  class space    used 7499K, committed 8256K, reserved 1048576K
}
Event: 5.412 GC heap after
{Heap after GC invocations=13 (full 0):
 garbage-first heap   total 86016K, used 36159K [0x0000000080000000, 0x0000000100000000)
  region size 1024K, 4 young (4096K), 4 survivors (4096K)
 Metaspace       used 55760K, committed 57280K, reserved 1114112K
  class space    used 7499K, committed 8256K, reserved 1048576K
}
Event: 5.734 GC heap before
{Heap before GC invocations=13 (full 0):
 garbage-first heap   total 86016K, used 58687K [0x0000000080000000, 0x0000000100000000)
  region size 1024K, 27 young (27648K), 4 survivors (4096K)
 Metaspace       used 58927K, committed 60416K, reserved 1114112K
  class space    used 7963K, committed 8704K, reserved 1048576K
}
Event: 5.738 GC heap after
{Heap after GC invocations=14 (full 0):
 garbage-first heap   total 86016K, used 37593K [0x0000000080000000, 0x0000000100000000)
  region size 1024K, 3 young (3072K), 3 survivors (3072K)
 Metaspace       used 58927K, committed 60416K, reserved 1114112K
  class space    used 7963K, committed 8704K, reserved 1048576K
}

Dll operation events (3 events):
Event: 0.008 Loaded shared library C:\Program Files\Android\Android Studio\jbr\bin\java.dll
Event: 0.012 Loaded shared library C:\Program Files\Android\Android Studio\jbr\bin\zip.dll
Event: 0.424 Loaded shared library C:\Program Files\Android\Android Studio\jbr\bin\verify.dll

Deoptimization events (20 events):
Event: 6.009 Thread 0x000001e07df96c80 Uncommon trap: trap_request=0xffffffde fr.pc=0x000001e06c172214 relative=0x00000000000054d4
Event: 6.009 Thread 0x000001e07df96c80 Uncommon trap: reason=class_check action=maybe_recompile pc=0x000001e06c172214 method=java.net.URLClassLoader.defineClass(Ljava/lang/String;Ljdk/internal/loader/Resource;)Ljava/lang/Class; @ 34 c2
Event: 6.009 Thread 0x000001e07df96c80 DEOPT PACKING pc=0x000001e06c172214 sp=0x0000003dae4f95d0
Event: 6.009 Thread 0x000001e07df96c80 DEOPT UNPACKING pc=0x000001e06b9946a2 sp=0x0000003dae4f9500 mode 2
Event: 6.012 Thread 0x000001e07df96c80 Uncommon trap: trap_request=0xffffffde fr.pc=0x000001e06c172214 relative=0x00000000000054d4
Event: 6.012 Thread 0x000001e07df96c80 Uncommon trap: reason=class_check action=maybe_recompile pc=0x000001e06c172214 method=java.net.URLClassLoader.defineClass(Ljava/lang/String;Ljdk/internal/loader/Resource;)Ljava/lang/Class; @ 34 c2
Event: 6.012 Thread 0x000001e07df96c80 DEOPT PACKING pc=0x000001e06c172214 sp=0x0000003dae4f8450
Event: 6.012 Thread 0x000001e07df96c80 DEOPT UNPACKING pc=0x000001e06b9946a2 sp=0x0000003dae4f8380 mode 2
Event: 6.014 Thread 0x000001e07df96c80 Uncommon trap: trap_request=0xffffffde fr.pc=0x000001e06c172214 relative=0x00000000000054d4
Event: 6.014 Thread 0x000001e07df96c80 Uncommon trap: reason=class_check action=maybe_recompile pc=0x000001e06c172214 method=java.net.URLClassLoader.defineClass(Ljava/lang/String;Ljdk/internal/loader/Resource;)Ljava/lang/Class; @ 34 c2
Event: 6.014 Thread 0x000001e07df96c80 DEOPT PACKING pc=0x000001e06c172214 sp=0x0000003dae4f8450
Event: 6.014 Thread 0x000001e07df96c80 DEOPT UNPACKING pc=0x000001e06b9946a2 sp=0x0000003dae4f8380 mode 2
Event: 6.016 Thread 0x000001e07df96c80 Uncommon trap: trap_request=0xffffffde fr.pc=0x000001e06c172214 relative=0x00000000000054d4
Event: 6.016 Thread 0x000001e07df96c80 Uncommon trap: reason=class_check action=maybe_recompile pc=0x000001e06c172214 method=java.net.URLClassLoader.defineClass(Ljava/lang/String;Ljdk/internal/loader/Resource;)Ljava/lang/Class; @ 34 c2
Event: 6.016 Thread 0x000001e07df96c80 DEOPT PACKING pc=0x000001e06c172214 sp=0x0000003dae4f8450
Event: 6.016 Thread 0x000001e07df96c80 DEOPT UNPACKING pc=0x000001e06b9946a2 sp=0x0000003dae4f8380 mode 2
Event: 6.018 Thread 0x000001e07df96c80 Uncommon trap: trap_request=0xffffffde fr.pc=0x000001e06c158168 relative=0x00000000000056e8
Event: 6.018 Thread 0x000001e07df96c80 Uncommon trap: reason=class_check action=maybe_recompile pc=0x000001e06c158168 method=java.net.URLClassLoader.defineClass(Ljava/lang/String;Ljdk/internal/loader/Resource;)Ljava/lang/Class; @ 34 c2
Event: 6.018 Thread 0x000001e07df96c80 DEOPT PACKING pc=0x000001e06c158168 sp=0x0000003dae4f83d0
Event: 6.018 Thread 0x000001e07df96c80 DEOPT UNPACKING pc=0x000001e06b9946a2 sp=0x0000003dae4f8378 mode 2

Classes loaded (20 events):
Event: 6.012 Loading class java/io/ObjectStreamClass$1
Event: 6.012 Loading class java/io/ObjectStreamClass$1 done
Event: 6.012 Loading class java/io/ObjectStreamClass$MemberSignature
Event: 6.012 Loading class java/io/ObjectStreamClass$MemberSignature done
Event: 6.012 Loading class java/io/ObjectStreamClass$3
Event: 6.012 Loading class java/io/ObjectStreamClass$3 done
Event: 6.012 Loading class java/io/ObjectStreamClass$4
Event: 6.012 Loading class java/io/ObjectStreamClass$4 done
Event: 6.012 Loading class java/io/ObjectStreamClass$5
Event: 6.012 Loading class java/io/ObjectStreamClass$5 done
Event: 6.013 Loading class java/io/ObjectStreamClass$ClassDataSlot
Event: 6.013 Loading class java/io/ObjectStreamClass$ClassDataSlot done
Event: 6.016 Loading class jdk/internal/reflect/MethodHandleLongFieldAccessorImpl
Event: 6.016 Loading class jdk/internal/reflect/MethodHandleLongFieldAccessorImpl done
Event: 6.019 Loading class java/io/SerialCallbackContext
Event: 6.019 Loading class java/io/SerialCallbackContext done
Event: 6.111 Loading class java/util/DualPivotQuicksort
Event: 6.111 Loading class java/util/DualPivotQuicksort done
Event: 6.183 Loading class java/util/function/LongUnaryOperator
Event: 6.183 Loading class java/util/function/LongUnaryOperator done

Classes unloaded (0 events):
No events

Classes redefined (0 events):
No events

Internal exceptions (20 events):
Event: 4.990 Thread 0x000001e07df96c80 Exception <a 'java/lang/NoSuchMethodError'{0x000000008489e288}: 'java.lang.Object java.lang.invoke.DirectMethodHandle$Holder.newInvokeSpecial(java.lang.Object, int, java.lang.Object)'> (0x000000008489e288) 
thrown [s\src\hotspot\share\interpreter\linkResolver.cpp, line 784]
Event: 5.057 Thread 0x000001e07df96c80 Exception <a 'java/lang/NoSuchMethodError'{0x00000000846d3208}: 'java.lang.Object java.lang.invoke.DirectMethodHandle$Holder.invokeSpecial(java.lang.Object, java.lang.Object, long, java.lang.Object, java.lang.Object)'> (0x00000000846d3208) 
thrown [s\src\hotspot\share\interpreter\linkResolver.cpp, line 784]
Event: 5.070 Thread 0x000001e07df96c80 Exception <a 'java/lang/NoSuchMethodError'{0x00000000845a4818}: 'java.lang.Object java.lang.invoke.DirectMethodHandle$Holder.newInvokeSpecial(java.lang.Object, java.lang.Object, int, java.lang.Object)'> (0x00000000845a4818) 
thrown [s\src\hotspot\share\interpreter\linkResolver.cpp, line 784]
Event: 5.071 Thread 0x000001e07df96c80 Exception <a 'java/lang/NoSuchMethodError'{0x00000000845a9020}: 'java.lang.Object java.lang.invoke.DirectMethodHandle$Holder.invokeSpecial(java.lang.Object, java.lang.Object, java.lang.Object, int, java.lang.Object)'> (0x00000000845a9020) 
thrown [s\src\hotspot\share\interpreter\linkResolver.cpp, line 784]
Event: 5.607 Thread 0x000001e07df96c80 Exception <a 'sun/nio/fs/WindowsException'{0x0000000084469960}> (0x0000000084469960) 
thrown [s\src\hotspot\share\prims\jni.cpp, line 535]
Event: 5.607 Thread 0x000001e07df96c80 Exception <a 'sun/nio/fs/WindowsException'{0x000000008446afc0}> (0x000000008446afc0) 
thrown [s\src\hotspot\share\prims\jni.cpp, line 535]
Event: 5.625 Thread 0x000001e07df96c80 Exception <a 'java/lang/NoSuchMethodError'{0x00000000842101d8}: 'java.lang.Object java.lang.invoke.DirectMethodHandle$Holder.newInvokeSpecial(java.lang.Object, java.lang.Object, java.lang.Object, int)'> (0x00000000842101d8) 
thrown [s\src\hotspot\share\interpreter\linkResolver.cpp, line 784]
Event: 5.625 Thread 0x000001e07df96c80 Exception <a 'java/lang/NoSuchMethodError'{0x00000000842149c8}: 'java.lang.Object java.lang.invoke.DirectMethodHandle$Holder.invokeSpecial(java.lang.Object, java.lang.Object, java.lang.Object, java.lang.Object, int)'> (0x00000000842149c8) 
thrown [s\src\hotspot\share\interpreter\linkResolver.cpp, line 784]
Event: 5.625 Thread 0x000001e07df96c80 Exception <a 'java/lang/NoSuchMethodError'{0x0000000084218b00}: 'java.lang.Object java.lang.invoke.Invokers$Holder.linkToTargetMethod(java.lang.Object, java.lang.Object, int, java.lang.Object)'> (0x0000000084218b00) 
thrown [s\src\hotspot\share\interpreter\linkResolver.cpp, line 784]
Event: 5.636 Thread 0x000001e07df96c80 Exception <a 'sun/nio/fs/WindowsException'{0x00000000842c9b98}> (0x00000000842c9b98) 
thrown [s\src\hotspot\share\prims\jni.cpp, line 535]
Event: 5.671 Thread 0x000001e07df96c80 Exception <a 'java/lang/NoSuchMethodError'{0x0000000083f15420}: 'int java.lang.invoke.DirectMethodHandle$Holder.invokeInterface(java.lang.Object, java.lang.Object, java.lang.Object, java.lang.Object, java.lang.Object)'> (0x0000000083f15420) 
thrown [s\src\hotspot\share\interpreter\linkResolver.cpp, line 784]
Event: 5.844 Thread 0x000001e07df96c80 Exception <a 'java/lang/NoSuchMethodError'{0x0000000085bd03c8}: 'void java.lang.invoke.DirectMethodHandle$Holder.invokeStatic(java.lang.Object, java.lang.Object, java.lang.Object, java.lang.Object, java.lang.Object, java.lang.Object, java.lang.Object)'> (0x0000000085bd03c8) 
thrown [s\src\hotspot\share\interpreter\linkResolver.cpp, line 784]
Event: 6.012 Thread 0x000001e07df10090 Exception <a 'java/lang/NoSuchMethodError'{0x000000008431ea60}: static Lorg/gradle/internal/build/event/types/DefaultOperationStartedProgressEvent;.<clinit>()V> (0x000000008431ea60) 
thrown [s\src\hotspot\share\prims\jni.cpp, line 1135]
Event: 6.013 Thread 0x000001e07df10090 Exception <a 'java/lang/NoSuchMethodError'{0x0000000084320d18}: static Lorg/gradle/internal/build/event/types/AbstractProgressEvent;.<clinit>()V> (0x0000000084320d18) 
thrown [s\src\hotspot\share\prims\jni.cpp, line 1135]
Event: 6.016 Thread 0x000001e07df10090 Exception <a 'java/lang/NoSuchMethodError'{0x00000000843b2d00}: static Lorg/gradle/internal/build/event/types/DefaultProjectConfigurationDescriptor;.<clinit>()V> (0x00000000843b2d00) 
thrown [s\src\hotspot\share\prims\jni.cpp, line 1135]
Event: 6.016 Thread 0x000001e07df10090 Exception <a 'java/lang/NoSuchMethodError'{0x00000000843b5068}: static Lorg/gradle/internal/build/event/types/DefaultOperationDescriptor;.<clinit>()V> (0x00000000843b5068) 
thrown [s\src\hotspot\share\prims\jni.cpp, line 1135]
Event: 6.017 Thread 0x000001e07df10090 Exception <a 'java/lang/NoSuchMethodError'{0x00000000843ba358}: 'long java.lang.invoke.DirectMethodHandle$Holder.invokeSpecial(java.lang.Object, java.lang.Object)'> (0x00000000843ba358) 
thrown [s\src\hotspot\share\interpreter\linkResolver.cpp, line 784]
Event: 6.017 Thread 0x000001e07df10090 Exception <a 'java/lang/NoSuchMethodError'{0x00000000843bd9e0}: 'long java.lang.invoke.Invokers$Holder.invokeExact_MT(java.lang.Object, java.lang.Object)'> (0x00000000843bd9e0) 
thrown [s\src\hotspot\share\interpreter\linkResolver.cpp, line 784]
Event: 6.018 Thread 0x000001e07df10090 Exception <a 'java/lang/NoSuchMethodError'{0x00000000843d52f8}: static Lorg/gradle/internal/operations/OperationIdentifier;.<clinit>()V> (0x00000000843d52f8) 
thrown [s\src\hotspot\share\prims\jni.cpp, line 1135]
Event: 6.183 Thread 0x000001e07df96c80 Exception <a 'java/lang/NoSuchMethodError'{0x0000000083805198}: 'long java.lang.invoke.DirectMethodHandle$Holder.invokeStatic(java.lang.Object, long)'> (0x0000000083805198) 
thrown [s\src\hotspot\share\interpreter\linkResolver.cpp, line 784]

ZGC Phase Switch (0 events):
No events

VM Operations (20 events):
Event: 4.731 Executing VM operation: HandshakeAllThreads (Deoptimize)
Event: 4.731 Executing VM operation: HandshakeAllThreads (Deoptimize) done
Event: 4.805 Executing VM operation: ICBufferFull
Event: 4.806 Executing VM operation: ICBufferFull done
Event: 4.823 Executing VM operation: G1CollectForAllocation (G1 Evacuation Pause)
Event: 4.830 Executing VM operation: G1CollectForAllocation (G1 Evacuation Pause) done
Event: 5.085 Executing VM operation: HandshakeAllThreads (Deoptimize)
Event: 5.085 Executing VM operation: HandshakeAllThreads (Deoptimize) done
Event: 5.407 Executing VM operation: G1CollectForAllocation (G1 Evacuation Pause)
Event: 5.412 Executing VM operation: G1CollectForAllocation (G1 Evacuation Pause) done
Event: 5.734 Executing VM operation: CollectForMetadataAllocation (Metadata GC Threshold)
Event: 5.738 Executing VM operation: CollectForMetadataAllocation (Metadata GC Threshold) done
Event: 5.773 Executing VM operation: G1PauseRemark
Event: 5.776 Executing VM operation: G1PauseRemark done
Event: 5.791 Executing VM operation: G1PauseCleanup
Event: 5.791 Executing VM operation: G1PauseCleanup done
Event: 5.954 Executing VM operation: HandshakeAllThreads (Deoptimize)
Event: 5.954 Executing VM operation: HandshakeAllThreads (Deoptimize) done
Event: 5.975 Executing VM operation: ICBufferFull
Event: 5.975 Executing VM operation: ICBufferFull done

Memory protections (0 events):
No events

Nmethod flushes (20 events):
Event: 5.775 Thread 0x000001e0780b0aa0 flushing  nmethod 0x000001e064511510
Event: 5.775 Thread 0x000001e0780b0aa0 flushing  nmethod 0x000001e064518f90
Event: 5.775 Thread 0x000001e0780b0aa0 flushing  nmethod 0x000001e064553010
Event: 5.775 Thread 0x000001e0780b0aa0 flushing  nmethod 0x000001e064556e10
Event: 5.775 Thread 0x000001e0780b0aa0 flushing  nmethod 0x000001e064559b90
Event: 5.775 Thread 0x000001e0780b0aa0 flushing  nmethod 0x000001e064596b90
Event: 5.775 Thread 0x000001e0780b0aa0 flushing  nmethod 0x000001e064599290
Event: 5.775 Thread 0x000001e0780b0aa0 flushing  nmethod 0x000001e06459b590
Event: 5.775 Thread 0x000001e0780b0aa0 flushing  nmethod 0x000001e0645aa910
Event: 5.775 Thread 0x000001e0780b0aa0 flushing  nmethod 0x000001e0645ace10
Event: 5.775 Thread 0x000001e0780b0aa0 flushing  nmethod 0x000001e064636e90
Event: 5.775 Thread 0x000001e0780b0aa0 flushing  nmethod 0x000001e064638910
Event: 5.775 Thread 0x000001e0780b0aa0 flushing  nmethod 0x000001e06472d390
Event: 5.775 Thread 0x000001e0780b0aa0 flushing  nmethod 0x000001e06477ee90
Event: 5.775 Thread 0x000001e0780b0aa0 flushing  nmethod 0x000001e064781110
Event: 5.775 Thread 0x000001e0780b0aa0 flushing  nmethod 0x000001e064792610
Event: 5.775 Thread 0x000001e0780b0aa0 flushing  nmethod 0x000001e0648b4a10
Event: 5.775 Thread 0x000001e0780b0aa0 flushing  nmethod 0x000001e0648b8c10
Event: 5.775 Thread 0x000001e0780b0aa0 flushing  nmethod 0x000001e0648e8d90
Event: 5.775 Thread 0x000001e0780b0aa0 flushing  nmethod 0x000001e0649b4c10

Events (20 events):
Event: 1.711 Thread 0x000001e0612a6bd0 Thread added: 0x000001e07e1fdcd0
Event: 1.750 Thread 0x000001e07dfff890 Thread added: 0x000001e07df0c580
Event: 1.752 Thread 0x000001e07df0c580 Thread added: 0x000001e07df0cbe0
Event: 1.771 Thread 0x000001e07df0c580 Thread added: 0x000001e07df96620
Event: 1.777 Thread 0x000001e07df0c580 Thread added: 0x000001e07df96c80
Event: 1.784 Thread 0x000001e07df96c80 Thread added: 0x000001e07df127f0
Event: 1.788 Thread 0x000001e07df96c80 Thread added: 0x000001e07df0fa00
Event: 1.790 Thread 0x000001e07df96c80 Thread added: 0x000001e07df10090
Event: 2.127 Thread 0x000001e07df96c80 Thread added: 0x000001e07df10720
Event: 2.134 Thread 0x000001e07df96c80 Thread added: 0x000001e07df10db0
Event: 2.157 Thread 0x000001e07df96c80 Thread added: 0x000001e07df11ad0
Event: 2.240 Thread 0x000001e0782ad890 Thread added: 0x000001e07e7d3450
Event: 2.767 Thread 0x000001e07df96c80 Thread added: 0x000001e07df0f370
Event: 3.021 Thread 0x000001e07df96c80 Thread added: 0x000001e07df11440
Event: 3.035 Thread 0x000001e07df96c80 Thread added: 0x000001e0013c5180
Event: 3.266 Thread 0x000001e07df96c80 Thread added: 0x000001e0013c1d00
Event: 3.279 Thread 0x000001e07df96c80 Thread added: 0x000001e0013c30b0
Event: 3.556 Thread 0x000001e07df96c80 Thread added: 0x000001e0013c2390
Event: 3.706 Thread 0x000001e07df96c80 Thread added: 0x000001e0013c3740
Event: 3.792 Thread 0x000001e07df96c80 Thread added: 0x000001e0013c3dd0


Dynamic libraries:
0x00007ff703a90000 - 0x00007ff703a9a000 	C:\Program Files\Android\Android Studio\jbr\bin\java.exe
0x00007ffbd03b0000 - 0x00007ffbd05a5000 	C:\Windows\SYSTEM32\ntdll.dll
0x00007ffbcf930000 - 0x00007ffbcf9ee000 	C:\Windows\System32\KERNEL32.DLL
0x00007ffbcdf20000 - 0x00007ffbce1e8000 	C:\Windows\System32\KERNELBASE.dll
0x00007ffbcdac0000 - 0x00007ffbcdbc0000 	C:\Windows\System32\ucrtbase.dll
0x00007ffbcb200000 - 0x00007ffbcb21b000 	C:\Program Files\Android\Android Studio\jbr\bin\VCRUNTIME140.dll
0x00007ffbbd490000 - 0x00007ffbbd4a8000 	C:\Program Files\Android\Android Studio\jbr\bin\jli.dll
0x00007ffbd01c0000 - 0x00007ffbd0361000 	C:\Windows\System32\USER32.dll
0x00007ffbbd570000 - 0x00007ffbbd80a000 	C:\Windows\WinSxS\amd64_microsoft.windows.common-controls_6595b64144ccf1df_6.0.19041.1110_none_60b5254171f9507e\COMCTL32.dll
0x00007ffbce3c0000 - 0x00007ffbce3e2000 	C:\Windows\System32\win32u.dll
0x00007ffbd00e0000 - 0x00007ffbd010b000 	C:\Windows\System32\GDI32.dll
0x00007ffbcf640000 - 0x00007ffbcf6de000 	C:\Windows\System32\msvcrt.dll
0x00007ffbcdcb0000 - 0x00007ffbcddbd000 	C:\Windows\System32\gdi32full.dll
0x00007ffbce220000 - 0x00007ffbce2bd000 	C:\Windows\System32\msvcp_win.dll
0x00007ffbcf0f0000 - 0x00007ffbcf120000 	C:\Windows\System32\IMM32.DLL
0x00007ffbc97a0000 - 0x00007ffbc97ac000 	C:\Program Files\Android\Android Studio\jbr\bin\vcruntime140_1.dll
0x00007ffbae260000 - 0x00007ffbae2ed000 	C:\Program Files\Android\Android Studio\jbr\bin\msvcp140.dll
0x00007ffb847f0000 - 0x00007ffb8547b000 	C:\Program Files\Android\Android Studio\jbr\bin\server\jvm.dll
0x00007ffbce560000 - 0x00007ffbce60e000 	C:\Windows\System32\ADVAPI32.dll
0x00007ffbcf190000 - 0x00007ffbcf22c000 	C:\Windows\System32\sechost.dll
0x00007ffbcfed0000 - 0x00007ffbcfff5000 	C:\Windows\System32\RPCRT4.dll
0x00007ffbcf120000 - 0x00007ffbcf18b000 	C:\Windows\System32\WS2_32.dll
0x00007ffbcd930000 - 0x00007ffbcd97b000 	C:\Windows\SYSTEM32\POWRPROF.dll
0x00007ffbc3d10000 - 0x00007ffbc3d37000 	C:\Windows\SYSTEM32\WINMM.dll
0x00007ffbc6d60000 - 0x00007ffbc6d6a000 	C:\Windows\SYSTEM32\VERSION.dll
0x00007ffbcd910000 - 0x00007ffbcd922000 	C:\Windows\SYSTEM32\UMPDC.dll
0x00007ffbcb9b0000 - 0x00007ffbcb9c2000 	C:\Windows\SYSTEM32\kernel.appcore.dll
0x00007ffbc74c0000 - 0x00007ffbc74ca000 	C:\Program Files\Android\Android Studio\jbr\bin\jimage.dll
0x00007ffbc1bf0000 - 0x00007ffbc1dd4000 	C:\Windows\SYSTEM32\DBGHELP.DLL
0x00007ffbb91f0000 - 0x00007ffbb921c000 	C:\Windows\SYSTEM32\dbgcore.DLL
0x00007ffbcdbc0000 - 0x00007ffbcdc42000 	C:\Windows\System32\bcryptPrimitives.dll
0x00007ffbbd530000 - 0x00007ffbbd53e000 	C:\Program Files\Android\Android Studio\jbr\bin\instrument.dll
0x00007ffbc74a0000 - 0x00007ffbc74c0000 	C:\Program Files\Android\Android Studio\jbr\bin\java.dll
0x00007ffbc7480000 - 0x00007ffbc7498000 	C:\Program Files\Android\Android Studio\jbr\bin\zip.dll
0x00007ffbce8b0000 - 0x00007ffbceff4000 	C:\Windows\System32\SHELL32.dll
0x00007ffbcbbb0000 - 0x00007ffbcc345000 	C:\Windows\SYSTEM32\windows.storage.dll
0x00007ffbcf230000 - 0x00007ffbcf585000 	C:\Windows\System32\combase.dll
0x00007ffbcd440000 - 0x00007ffbcd46e000 	C:\Windows\SYSTEM32\Wldp.dll
0x00007ffbce4b0000 - 0x00007ffbce55d000 	C:\Windows\System32\SHCORE.dll
0x00007ffbce3f0000 - 0x00007ffbce445000 	C:\Windows\System32\shlwapi.dll
0x00007ffbcda00000 - 0x00007ffbcda1f000 	C:\Windows\SYSTEM32\profapi.dll
0x00007ffbc7470000 - 0x00007ffbc7480000 	C:\Program Files\Android\Android Studio\jbr\bin\net.dll
0x00007ffbc38f0000 - 0x00007ffbc39fc000 	C:\Windows\SYSTEM32\WINHTTP.dll
0x00007ffbcd1a0000 - 0x00007ffbcd20a000 	C:\Windows\system32\mswsock.dll
0x00007ffbc7450000 - 0x00007ffbc7466000 	C:\Program Files\Android\Android Studio\jbr\bin\nio.dll
0x00007ffbc2c30000 - 0x00007ffbc2c40000 	C:\Program Files\Android\Android Studio\jbr\bin\verify.dll
0x00007ffbbbec0000 - 0x00007ffbbbee7000 	C:\Users\Home\.gradle\native\c067742578af261105cb4f569cf0c3c89f3d7b1fecec35dd04571415982c5e48\windows-amd64\native-platform.dll
0x00007ffba2ea0000 - 0x00007ffba2fe4000 	C:\Users\Home\.gradle\native\100fb08df4bc3b14c8652ba06237920a3bd2aa13389f12d3474272988ae205f9\windows-amd64\native-platform-file-events.dll
0x00007ffbc70c0000 - 0x00007ffbc70c9000 	C:\Program Files\Android\Android Studio\jbr\bin\management.dll
0x00007ffbc70b0000 - 0x00007ffbc70bb000 	C:\Program Files\Android\Android Studio\jbr\bin\management_ext.dll
0x00007ffbcf000000 - 0x00007ffbcf008000 	C:\Windows\System32\PSAPI.DLL
0x00007ffbcd390000 - 0x00007ffbcd3a8000 	C:\Windows\SYSTEM32\CRYPTSP.dll
0x00007ffbccb20000 - 0x00007ffbccb54000 	C:\Windows\system32\rsaenh.dll
0x00007ffbce1f0000 - 0x00007ffbce217000 	C:\Windows\System32\bcrypt.dll
0x00007ffbcd9c0000 - 0x00007ffbcd9ee000 	C:\Windows\SYSTEM32\USERENV.dll
0x00007ffbcd3b0000 - 0x00007ffbcd3bc000 	C:\Windows\SYSTEM32\CRYPTBASE.dll
0x00007ffbcce90000 - 0x00007ffbccecb000 	C:\Windows\SYSTEM32\IPHLPAPI.DLL
0x00007ffbcf010000 - 0x00007ffbcf018000 	C:\Windows\System32\NSI.dll
0x00007ffbc70d0000 - 0x00007ffbc70d9000 	C:\Program Files\Android\Android Studio\jbr\bin\extnet.dll
0x00007ffbc70e0000 - 0x00007ffbc70e7000 	C:\Windows\system32\wshunix.dll

dbghelp: loaded successfully - version: 4.0.5 - missing functions: none
symbol engine: initialized successfully - sym options: 0x614 - pdb path: .;C:\Program Files\Android\Android Studio\jbr\bin;C:\Windows\SYSTEM32;C:\Windows\WinSxS\amd64_microsoft.windows.common-controls_6595b64144ccf1df_6.0.19041.1110_none_60b5254171f9507e;C:\Program Files\Android\Android Studio\jbr\bin\server;C:\Users\Home\.gradle\native\c067742578af261105cb4f569cf0c3c89f3d7b1fecec35dd04571415982c5e48\windows-amd64;C:\Users\Home\.gradle\native\100fb08df4bc3b14c8652ba06237920a3bd2aa13389f12d3474272988ae205f9\windows-amd64

VM Arguments:
jvm_args: --add-opens=java.base/java.lang=ALL-UNNAMED --add-opens=java.base/java.lang.invoke=ALL-UNNAMED --add-opens=java.base/java.util=ALL-UNNAMED --add-opens=java.prefs/java.util.prefs=ALL-UNNAMED --add-exports=jdk.compiler/com.sun.tools.javac.api=ALL-UNNAMED --add-exports=jdk.compiler/com.sun.tools.javac.util=ALL-UNNAMED --add-opens=java.base/java.util=ALL-UNNAMED --add-opens=java.prefs/java.util.prefs=ALL-UNNAMED --add-opens=java.base/java.nio.charset=ALL-UNNAMED --add-opens=java.base/java.net=ALL-UNNAMED --add-opens=java.base/java.util.concurrent.atomic=ALL-UNNAMED --add-opens=java.xml/javax.xml.namespace=ALL-UNNAMED -Xmx2048m -Dfile.encoding=UTF-8 -Duser.country=RU -Duser.language=ru -Duser.variant -javaagent:C:\Users\Home\.gradle\wrapper\dists\gradle-8.11.1-bin\bpt9gzteqjrbo1mjrsomdt32c\gradle-8.11.1\lib\agents\gradle-instrumentation-agent-8.11.1.jar 
java_command: org.gradle.launcher.daemon.bootstrap.GradleDaemon 8.11.1
java_class_path (initial): C:\Users\Home\.gradle\wrapper\dists\gradle-8.11.1-bin\bpt9gzteqjrbo1mjrsomdt32c\gradle-8.11.1\lib\gradle-daemon-main-8.11.1.jar
Launcher Type: SUN_STANDARD

[Global flags]
     intx CICompilerCount                          = 3                                         {product} {ergonomic}
     uint ConcGCThreads                            = 1                                         {product} {ergonomic}
     uint G1ConcRefinementThreads                  = 4                                         {product} {ergonomic}
   size_t G1HeapRegionSize                         = 1048576                                   {product} {ergonomic}
    uintx GCDrainStackTargetSize                   = 64                                        {product} {ergonomic}
   size_t InitialHeapSize                          = 123731968                                 {product} {ergonomic}
   size_t MarkStackSize                            = 4194304                                   {product} {ergonomic}
   size_t MaxHeapSize                              = 2147483648                                {product} {command line}
   size_t MaxNewSize                               = 1287651328                                {product} {ergonomic}
   size_t MinHeapDeltaBytes                        = 1048576                                   {product} {ergonomic}
   size_t MinHeapSize                              = 8388608                                   {product} {ergonomic}
    uintx NonNMethodCodeHeapSize                   = 5832780                                {pd product} {ergonomic}
    uintx NonProfiledCodeHeapSize                  = 122912730                              {pd product} {ergonomic}
    uintx ProfiledCodeHeapSize                     = 122912730                              {pd product} {ergonomic}
    uintx ReservedCodeCacheSize                    = 251658240                              {pd product} {ergonomic}
     bool SegmentedCodeCache                       = true                                      {product} {ergonomic}
   size_t SoftMaxHeapSize                          = 2147483648                             {manageable} {ergonomic}
     bool UseCompressedOops                        = true                           {product lp64_product} {ergonomic}
     bool UseG1GC                                  = true                                      {product} {ergonomic}
     bool UseLargePagesIndividualAllocation        = false                                  {pd product} {ergonomic}

Logging:
Log output configuration:
 #0: stdout all=warning uptime,level,tags foldmultilines=false
 #1: stderr all=off uptime,level,tags foldmultilines=false

Environment Variables:
PATH=C:\Windows\system32;C:\Windows;C:\Windows\System32\Wbem;C:\Windows\System32\WindowsPowerShell\v1.0\;C:\Windows\System32\OpenSSH\;C:\Program Files (x86)\Windows Kits\10\Windows Performance Toolkit\;C:\Program Files\Git\cmd;C:\Program Files\dotnet\;C:\Users\Home\AppData\Local\Programs\Python\Python311\Scripts\;C:\Users\Home\AppData\Local\Programs\Python\Python311\;C:\Users\Home\AppData\Local\Microsoft\WindowsApps;D:\\Microsoft VS Code\bin;C:\Users\Home\.dotnet\tools
USERNAME=Olesya
OS=Windows_NT
PROCESSOR_IDENTIFIER=AMD64 Family 23 Model 96 Stepping 1, AuthenticAMD
TMP=C:\Users\Home\AppData\Local\Temp
TEMP=C:\Users\Home\AppData\Local\Temp




Periodic native trim disabled

JNI global refs:
JNI global refs: 26, weak refs: 1

JNI global refs memory usage: 835, weak refs: 833

Process memory usage:
Resident Set Size: 280492K (3% of 7730748K total physical memory with 341968K free physical memory)

OOME stack traces (most recent first):
Classloader memory used:
Loader org.gradle.internal.classloader.VisitableURLClassLoader                         : 31989K
Loader bootstrap                                                                       : 22286K
Loader org.gradle.initialization.MixInLegacyTypesClassLoader                           : 7296K
Loader jdk.internal.loader.ClassLoaders$PlatformClassLoader                            : 532K
Loader jdk.internal.loader.ClassLoaders$AppClassLoader                                 : 234K
Loader org.gradle.internal.classloader.VisitableURLClassLoader                         : 82528B
Loader jdk.internal.reflect.DelegatingClassLoader                                      : 61128B

Classes loaded by more than one classloader:
Class org.gradle.internal.classloader.FilteringClassLoader                            : loaded 2 times (x 101B)
Class org.gradle.internal.classloader.ClassLoaderHierarchy                            : loaded 2 times (x 66B)
Class org.gradle.api.internal.classpath.ManifestUtil                                  : loaded 2 times (x 67B)
Class org.gradle.internal.classloader.DefaultClassLoaderFactory                       : loaded 2 times (x 78B)
Class org.gradle.internal.classloader.ClassLoaderVisitor                              : loaded 2 times (x 72B)
Class org.gradle.api.internal.classpath.EffectiveClassPath                            : loaded 2 times (x 86B)
Class org.gradle.api.internal.DefaultClassPathProvider                                : loaded 2 times (x 72B)
Class [Lorg.gradle.api.internal.ClassPathProvider;                                    : loaded 2 times (x 65B)
Class org.gradle.api.internal.ClassPathProvider                                       : loaded 2 times (x 66B)
Class org.gradle.internal.service.UnknownServiceException                             : loaded 2 times (x 79B)
Class org.gradle.internal.classpath.TransformedClassPath                              : loaded 2 times (x 92B)
Class org.gradle.internal.classloader.InstrumentingClassLoader                        : loaded 2 times (x 66B)
Class org.gradle.internal.service.ServiceLocator                                      : loaded 2 times (x 66B)
Class org.gradle.internal.InternalTransformer                                         : loaded 2 times (x 66B)
Class org.gradle.internal.classloader.ClasspathUtil$1                                 : loaded 2 times (x 72B)
Class org.gradle.api.internal.classpath.DefaultModuleRegistry$DefaultModule           : loaded 2 times (x 82B)
Class org.gradle.api.internal.classpath.Module                                        : loaded 2 times (x 66B)
Class org.gradle.api.internal.classpath.UnknownModuleException                        : loaded 2 times (x 78B)
Class org.gradle.api.internal.DefaultClassPathRegistry                                : loaded 2 times (x 72B)
Class org.gradle.api.internal.ClassPathRegistry                                       : loaded 2 times (x 66B)
Class org.gradle.internal.classpath.DefaultClassPath$ImmutableUniqueList              : loaded 2 times (x 195B)
Class Settings_gradle$1                                                               : loaded 2 times (x 70B)
Class Program                                                                         : loaded 2 times (x 68B)
Class org.gradle.internal.classpath.ClassPath                                         : loaded 2 times (x 66B)
Class org.gradle.api.UncheckedIOException                                             : loaded 2 times (x 78B)
Class org.gradle.internal.installation.GradleInstallation$1                           : loaded 2 times (x 71B)
Class org.gradle.api.internal.classpath.ModuleRegistry                                : loaded 2 times (x 66B)
Class org.gradle.api.internal.classpath.DefaultModuleRegistry                         : loaded 2 times (x 82B)
Class org.gradle.internal.service.ServiceLookupException                              : loaded 2 times (x 78B)
Class org.gradle.internal.classloader.ClassLoaderFactory                              : loaded 2 times (x 66B)
Class org.gradle.internal.service.CachingServiceLocator                               : loaded 2 times (x 78B)
Class org.gradle.internal.classloader.ClasspathUtil                                   : loaded 2 times (x 67B)
Class org.gradle.api.specs.Spec                                                       : loaded 2 times (x 66B)
Class org.gradle.internal.classloader.VisitableURLClassLoader$InstrumentingVisitableURLClassLoader: loaded 2 times (x 119B)
Class org.gradle.internal.classloader.VisitableURLClassLoader$Spec                    : loaded 2 times (x 70B)
Class org.gradle.internal.classpath.DefaultClassPath                                  : loaded 2 times (x 86B)
Class org.gradle.internal.classloader.ClassLoaderSpec                                 : loaded 2 times (x 67B)
Class Settings_gradle$1$1                                                             : loaded 2 times (x 70B)
Class org.gradle.internal.classloader.VisitableURLClassLoader                         : loaded 2 times (x 113B)
Class Settings_gradle                                                                 : loaded 2 times (x 124B)
Class org.gradle.internal.Cast                                                        : loaded 2 times (x 67B)
Class org.gradle.api.Action                                                           : loaded 2 times (x 66B)
Class org.gradle.internal.classpath.DefaultClassPath$ImmutableUniqueList$Builder      : loaded 2 times (x 71B)
Class org.gradle.api.GradleException                                                  : loaded 2 times (x 78B)
Class org.gradle.internal.IoActions                                                   : loaded 2 times (x 67B)
Class org.gradle.internal.classloader.SystemClassLoaderSpec                           : loaded 2 times (x 67B)
Class org.gradle.api.internal.classpath.GlobalCacheRootsProvider                      : loaded 2 times (x 66B)
Class org.gradle.internal.installation.CurrentGradleInstallationLocator               : loaded 2 times (x 67B)
Class org.gradle.internal.service.DefaultServiceLocator                               : loaded 2 times (x 79B)
Class org.gradle.internal.installation.CurrentGradleInstallation                      : loaded 2 times (x 69B)
Class org.gradle.util.internal.GUtil                                                  : loaded 2 times (x 67B)
Class org.gradle.internal.installation.GradleInstallation                             : loaded 2 times (x 71B)

---------------  S Y S T E M  ---------------

OS:
 Windows 10 , 64 bit Build 19041 (10.0.19041.1466)
OS uptime: 0 days 0:09 hours

CPU: total 4 (initial active 4) (4 cores per cpu, 1 threads per core) family 23 model 96 stepping 1 microcode 0x0, cx8, cmov, fxsr, mmx, 3dnowpref, sse, sse2, sse3, ssse3, sse4a, sse4.1, sse4.2, popcnt, lzcnt, tsc, tscinvbit, avx, avx2, aes, clmul, bmi1, bmi2, adx, sha, fma, vzeroupper, clflush, clflushopt, rdtscp, rdpid, f16c
Processor Information for the first 4 processors :
  Max Mhz: 2700, Current Mhz: 2700, Mhz Limit: 2700

Memory: 4k page, system-wide physical 7549M (333M free)
TotalPageFile size 9597M (AvailPageFile size 5M)
current process WorkingSet (physical memory assigned to process): 274M, peak: 274M
current process commit charge ("private bytes"): 302M, peak: 303M

vm_info: OpenJDK 64-Bit Server VM (21.0.6+-13355223-b631.42) for windows-amd64 JRE (21.0.6+-13355223-b631.42), built on 2025-04-14T18:21:23Z by "builder" with MS VC++ 16.10 / 16.11 (VS2019)

END.
